#
# A fatal error has been detected by the Java Runtime Environment:
#
#  SIGSEGV (0xb) at pc=0x013bcc25, pid=5361, tid=130325360
#
# JRE version: 6.0_33-b33
# Java VM: OpenJDK Server VM (23.25-b01 mixed mode, sharing linux-x86 )
# Derivative: IcedTea6 1.13.5
# Distribution: Ubuntu 10.04.1 LTS, package 6b33-1.13.5-1ubuntu0.10.04
# Problematic frame:
# V  [libjvm.so+0x40dc25]  jni_invoke_nonstatic(JNIEnv_*, JavaValue*, _jobject*, JNICallType, _jmethodID*, JNI_ArgumentPusher*, Thread*)+0x145
#
# Failed to write core dump. Core dumps have been disabled. To enable core dumping, try "ulimit -c unlimited" before starting Java again
#
# If you would like to submit a bug report, please include
# instructions how to reproduce the bug and visit:
#   https://bugs.launchpad.net/ubuntu/+source/openjdk-6/
#

---------------  T H R E A D  ---------------

Current thread (0x09aa4000):  JavaThread "Thread-10" [_thread_in_Java, id=5618, stack(0x07bf9000,0x07c4a000)]

siginfo:si_signo=SIGSEGV: si_errno=0, si_code=1 (SEGV_MAPERR), si_addr=0x00000000

Registers:
EAX=0x013d8100, EBX=0x01784ff4, ECX=0xb761ef20, EDX=0x07c48070
ESP=0x07c47f70, EBP=0x07c48038, ESI=0x00000000, EDI=0x09ab4610
EIP=0x013bcc25, EFLAGS=0x00210203, CR2=0x00000000

Top of Stack: (sp=0x07c47f70)
0x07c47f70:   09d6a8d8 0af99f78 00000240 09cb3128
0x07c47f80:   000014bc 00000000 00000001 09bdf878
0x07c47f90:   09bdfc64 013d8100 00000801 07c47fb4
0x07c47fa0:   07c4809c 09bdf870 b761ef20 00000001
0x07c47fb0:   000003e8 000003e8 b761ef20 00000000
0x07c47fc0:   00000000 0c28c56c 00000000 00001000
0x07c47fd0:   00061468 00b4a477 00b50101 02a60278
0x07c47fe0:   562c9bb2 07c47fb8 07c47fd9 00000001 

Instructions: (pc=0x013bcc25)
0x013bcc05:   45 b4 8b 55 ac 8b 8d 70 ff ff ff 89 0c 82 40 8b
0x013bcc15:   55 14 89 45 b4 8b 02 8b 40 50 89 85 5c ff ff ff
0x013bcc25:   8b 06 8b 50 08 8b 40 0c 66 8b 52 2a 89 85 70 ff
0x013bcc35:   ff ff 81 e2 ff ff 00 00 8d 44 90 28 8b 08 89 4d 

Register to memory mapping:

EAX=0x013d8100: <offset 0x429100> in /usr/lib/jvm/java-6-openjdk/jre/lib/i386/server/libjvm.so at 0x00faf000
EBX=0x01784ff4: <offset 0x7d5ff4> in /usr/lib/jvm/java-6-openjdk/jre/lib/i386/server/libjvm.so at 0x00faf000
ECX=0xb761ef20 is an unknown value
EDX=0x07c48070 is pointing into the stack for thread: 0x09aa4000
ESP=0x07c47f70 is pointing into the stack for thread: 0x09aa4000
EBP=0x07c48038 is pointing into the stack for thread: 0x09aa4000
ESI=0x00000000 is an unknown value
EDI=0x09ab4610 is an unknown value


Stack: [0x07bf9000,0x07c4a000],  sp=0x07c47f70,  free space=315k
Native frames: (J=compiled Java code, j=interpreted, Vv=VM code, C=native code)
V  [libjvm.so+0x40dc25]  jni_invoke_nonstatic(JNIEnv_*, JavaValue*, _jobject*, JNICallType, _jmethodID*, JNI_ArgumentPusher*, Thread*)+0x145
V  [libjvm.so+0x41d100]  jni_CallVoidMethod+0xc0
C  [libPHRapp_User_JNI.so+0x69f85]  update_phr_received_progression_callback_handler+0x35
C  [libPHRapp_User_JNI.so+0x75e07]  download_phr_main+0xa17
C  [libPHRapp_User_JNI.so+0x75f4f]  download_phr+0x7f
C  [libPHRapp_User_JNI.so+0x6cbab]  Java_UserMain_download_1phr_1main+0x12b
j  UserMain.download_phr_main(Ljava/lang/String;Ljava/lang/String;I)Z+0
j  UserMain.perform_phr_downloading_transaction(Ljava/lang/String;Ljava/lang/String;Ljava/lang/String;ILjava/lang/String;)V+43
j  UserMain.access$12900(LUserMain;Ljava/lang/String;Ljava/lang/String;Ljava/lang/String;ILjava/lang/String;)V+8
j  UserMain$53.run()V+24
v  ~StubRoutines::call_stub
V  [libjvm.so+0x401bd4]  JavaCalls::call_helper(JavaValue*, methodHandle*, JavaCallArguments*, Thread*)+0x314
V  [libjvm.so+0x5c7de9]  os::os_exception_wrapper(void (*)(JavaValue*, methodHandle*, JavaCallArguments*, Thread*), JavaValue*, methodHandle*, JavaCallArguments*, Thread*)+0x19
V  [libjvm.so+0x40111a]  JavaCalls::call_virtual(JavaValue*, KlassHandle, Symbol*, Symbol*, JavaCallArguments*, Thread*)+0x10a
V  [libjvm.so+0x40124b]  JavaCalls::call_virtual(JavaValue*, Handle, KlassHandle, Symbol*, Symbol*, Thread*)+0x4b
V  [libjvm.so+0x445d4c]  thread_entry(JavaThread*, Thread*)+0xcc
V  [libjvm.so+0x6dbe59]  JavaThread::thread_main_inner()+0xe9
V  [libjvm.so+0x5cfb61]  java_start(Thread*)+0x131
C  [libpthread.so.0+0x596e]  start_thread+0xbe


---------------  P R O C E S S  ---------------

Java Threads: ( => current thread )
=>0x09aa4000 JavaThread "Thread-10" [_thread_in_Java, id=5618, stack(0x07bf9000,0x07c4a000)]
  0x09cd7c00 JavaThread "Thread-7" [_thread_in_native, id=5376, stack(0x02111000,0x02912000)]
  0xb76f1400 JavaThread "TimerQueue" daemon [_thread_blocked, id=5455, stack(0x073a7000,0x073f8000)]
  0x09cd4000 JavaThread "Thread-5" [_thread_in_native, id=5378, stack(0x03113000,0x03914000)]
  0x09cb3000 JavaThread "Thread-4" [_thread_in_vm, id=5379, stack(0x03914000,0x04115000)]
  0x09cfdc00 JavaThread "Thread-3" [_thread_blocked, id=5377, stack(0x02912000,0x03113000)]
  0x09bdc400 JavaThread "Thread-2" [_thread_blocked, id=5418, stack(0x07356000,0x073a7000)]
  0xb75c1c00 JavaThread "AWT-EventQueue-1" [_thread_blocked, id=5405, stack(0x04166000,0x041b7000)]
  0xb7524c00 JavaThread "AWT-Shutdown" [_thread_blocked, id=5404, stack(0x04115000,0x04166000)]
  0x09d14800 JavaThread "AWT-XAWT" daemon [_thread_in_native, id=5373, stack(0x00d45000,0x00d96000)]
  0xb7520800 JavaThread "Java2D Disposer" daemon [_thread_blocked, id=5372, stack(0x00979000,0x009ca000)]
  0x09bc8000 JavaThread "Low Memory Detector" daemon [_thread_blocked, id=5370, stack(0x0064f000,0x006a0000)]
  0x09bc5400 JavaThread "C2 CompilerThread1" daemon [_thread_blocked, id=5369, stack(0x008f8000,0x00979000)]
  0x09bc3800 JavaThread "C2 CompilerThread0" daemon [_thread_blocked, id=5368, stack(0x006dc000,0x0075d000)]
  0x09bc2000 JavaThread "Signal Dispatcher" daemon [_thread_blocked, id=5367, stack(0x0042f000,0x00480000)]
  0x09bb9c00 JavaThread "Finalizer" daemon [_thread_blocked, id=5366, stack(0x0038f000,0x003e0000)]
  0x09bb8400 JavaThread "Reference Handler" daemon [_thread_blocked, id=5365, stack(0x0022c000,0x0027d000)]
  0x09b2fc00 JavaThread "main" [_thread_in_native, id=5361, stack(0xbfa20000,0xbfa70000)]

Other Threads:
  0x09bae800 VMThread [stack: 0x0058c000,0x0060d000] [id=5364]
  0x09bca000 WatcherThread [stack: 0x00cb3000,0x00d34000] [id=5371]

VM state:not at safepoint (normal execution)

VM Mutex/Monitor currently owned by a thread: None

Heap
 def new generation   total 4800K, used 3334K [0x6b310000, 0x6b840000, 0x75a60000)
  eden space 4288K,  72% used [0x6b310000, 0x6b61b7e0, 0x6b740000)
  from space 512K,  42% used [0x6b740000, 0x6b776328, 0x6b7c0000)
  to   space 512K,   0% used [0x6b7c0000, 0x6b7c0000, 0x6b840000)
 tenured generation   total 10752K, used 1248K [0x75a60000, 0x764e0000, 0x8a910000)
   the space 10752K,  11% used [0x75a60000, 0x75b98358, 0x75b98400, 0x764e0000)
 compacting perm gen  total 16384K, used 1240K [0x8a910000, 0x8b910000, 0x92910000)
   the space 16384K,   7% used [0x8a910000, 0x8aa46290, 0x8aa46400, 0x8b910000)
    ro space 10240K,  56% used [0x92910000, 0x92eae3d8, 0x92eae400, 0x93310000)
    rw space 12288K,  62% used [0x93310000, 0x93a9d090, 0x93a9d200, 0x93f10000)

Card table byte_map: [0x01bb5000,0x01cfc000] byte_map_base: 0x0185b780

Polling page: 0x00d44000

Code Cache  [0x04356000, 0x04596000, 0x07356000)
 total_blobs=355 nmethods=119 adapters=189 free_code_cache=48670Kb largest_free_block=49818624

Compilation events (10 events):
Event: 562.515 Thread 0x09bc5400 nmethod 116 0x043c8e88 code [0x043c8f60, 0x043c8fb0]
Event: 562.528 Thread 0x09bc3800 nmethod 115 0x043c8b08 code [0x043c8c00, 0x043c8cfc]
Event: 563.507 Thread 0x09bc5400  118             java.awt.Component::getPeer (5 bytes)
Event: 563.508 Thread 0x09bc5400 nmethod 118 0x043c8988 code [0x043c8a60, 0x043c8ab0]
Event: 612.019 Thread 0x09bc5400  119             sun.java2d.SunGraphics2D::invalidatePipe (41 bytes)
Event: 612.063 Thread 0x09bc5400 nmethod 119 0x043c87c8 code [0x043c88c0, 0x043c8930]
Event: 632.074 Thread 0x09bc3800  120             java.awt.Component::getFont (5 bytes)
Event: 632.078 Thread 0x09bc3800 nmethod 120 0x043c8508 code [0x043c8600, 0x043c867c]
Event: 648.281 Thread 0x09bc5400  121             sun.awt.X11.XEvent::get_type (18 bytes)
Event: 648.451 Thread 0x09bc5400 nmethod 121 0x043d17c8 code [0x043d18c0, 0x043d197c]

GC Heap History (4 events):
Event: 14.397 GC heap before
{Heap before GC invocations=0 (full 0):
 def new generation   total 4800K, used 4288K [0x6b310000, 0x6b840000, 0x75a60000)
  eden space 4288K, 100% used [0x6b310000, 0x6b740000, 0x6b740000)
  from space 512K,   0% used [0x6b740000, 0x6b740000, 0x6b7c0000)
  to   space 512K,   0% used [0x6b7c0000, 0x6b7c0000, 0x6b840000)
 tenured generation   total 10752K, used 0K [0x75a60000, 0x764e0000, 0x8a910000)
   the space 10752K,   0% used [0x75a60000, 0x75a60000, 0x75a60200, 0x764e0000)
 compacting perm gen  total 16384K, used 611K [0x8a910000, 0x8b910000, 0x92910000)
   the space 16384K,   3% used [0x8a910000, 0x8a9a8d08, 0x8a9a8e00, 0x8b910000)
    ro space 10240K,  56% used [0x92910000, 0x92eae3d8, 0x92eae400, 0x93310000)
    rw space 12288K,  62% used [0x93310000, 0x93a9d090, 0x93a9d200, 0x93f10000)
Event: 14.437 GC heap after
Heap after GC invocations=1 (full 0):
 def new generation   total 4800K, used 512K [0x6b310000, 0x6b840000, 0x75a60000)
  eden space 4288K,   0% used [0x6b310000, 0x6b310000, 0x6b740000)
  from space 512K, 100% used [0x6b7c0000, 0x6b840000, 0x6b840000)
  to   space 512K,   0% used [0x6b740000, 0x6b740000, 0x6b7c0000)
 tenured generation   total 10752K, used 738K [0x75a60000, 0x764e0000, 0x8a910000)
   the space 10752K,   6% used [0x75a60000, 0x75b18ae0, 0x75b18c00, 0x764e0000)
 compacting perm gen  total 16384K, used 611K [0x8a910000, 0x8b910000, 0x92910000)
   the space 16384K,   3% used [0x8a910000, 0x8a9a8d08, 0x8a9a8e00, 0x8b910000)
    ro space 10240K,  56% used [0x92910000, 0x92eae3d8, 0x92eae400, 0x93310000)
    rw space 12288K,  62% used [0x93310000, 0x93a9d090, 0x93a9d200, 0x93f10000)
}
Event: 293.705 GC heap before
{Heap before GC invocations=1 (full 0):
 def new generation   total 4800K, used 4800K [0x6b310000, 0x6b840000, 0x75a60000)
  eden space 4288K, 100% used [0x6b310000, 0x6b740000, 0x6b740000)
  from space 512K, 100% used [0x6b7c0000, 0x6b840000, 0x6b840000)
  to   space 512K,   0% used [0x6b740000, 0x6b740000, 0x6b7c0000)
 tenured generation   total 10752K, used 738K [0x75a60000, 0x764e0000, 0x8a910000)
   the space 10752K,   6% used [0x75a60000, 0x75b18ae0, 0x75b18c00, 0x764e0000)
 compacting perm gen  total 16384K, used 1116K [0x8a910000, 0x8b910000, 0x92910000)
   the space 16384K,   6% used [0x8a910000, 0x8aa27218, 0x8aa27400, 0x8b910000)
    ro space 10240K,  56% used [0x92910000, 0x92eae3d8, 0x92eae400, 0x93310000)
    rw space 12288K,  62% used [0x93310000, 0x93a9d090, 0x93a9d200, 0x93f10000)
Event: 293.810 GC heap after
Heap after GC invocations=2 (full 0):
 def new generation   total 4800K, used 216K [0x6b310000, 0x6b840000, 0x75a60000)
  eden space 4288K,   0% used [0x6b310000, 0x6b310000, 0x6b740000)
  from space 512K,  42% used [0x6b740000, 0x6b776328, 0x6b7c0000)
  to   space 512K,   0% used [0x6b7c0000, 0x6b7c0000, 0x6b840000)
 tenured generation   total 10752K, used 1248K [0x75a60000, 0x764e0000, 0x8a910000)
   the space 10752K,  11% used [0x75a60000, 0x75b98358, 0x75b98400, 0x764e0000)
 compacting perm gen  total 16384K, used 1116K [0x8a910000, 0x8b910000, 0x92910000)
   the space 16384K,   6% used [0x8a910000, 0x8aa27218, 0x8aa27400, 0x8b910000)
    ro space 10240K,  56% used [0x92910000, 0x92eae3d8, 0x92eae400, 0x93310000)
    rw space 12288K,  62% used [0x93310000, 0x93a9d090, 0x93a9d200, 0x93f10000)
}

Deoptimization events (10 events):
Event: 0.781 Thread 0x09b2fc00 Uncommon trap -34 fr.pc 0x043a3c8c
Event: 0.783 Thread 0x09b2fc00 Uncommon trap -34 fr.pc 0x043a3c8c
Event: 0.801 Thread 0x09b2fc00 Uncommon trap -34 fr.pc 0x043a3c8c
Event: 13.444 Thread 0x09b2fc00 Uncommon trap -34 fr.pc 0x043b1ab0
Event: 13.876 Thread 0x09b2fc00 Uncommon trap -34 fr.pc 0x043a6d0c
Event: 14.298 Thread 0x09b2fc00 Uncommon trap -34 fr.pc 0x043a6d0c
Event: 14.299 Thread 0x09b2fc00 Uncommon trap -34 fr.pc 0x043a6d0c
Event: 14.299 Thread 0x09b2fc00 Uncommon trap -34 fr.pc 0x043a6d0c
Event: 21.038 Thread 0x09cfdc00 Uncommon trap -83 fr.pc 0x043b7ef8
Event: 151.948 Thread 0x09ce1400 Uncommon trap -58 fr.pc 0x043b6434

Internal exceptions (10 events):
Event: 507.577 Thread 0x09b2fc00 Threw 0x6b4edb40 at /build/buildd/openjdk-6-6b33-1.13.5/build/openjdk/hotspot/src/share/vm/classfile/systemDictionary.cpp:179
Event: 507.577 Thread 0x09b2fc00 Threw 0x6b4ede88 at /build/buildd/openjdk-6-6b33-1.13.5/build/openjdk/hotspot/src/share/vm/prims/jvm.cpp:1272
Event: 508.494 Thread 0x09d6a400 Threw 0x6b51d248 at /build/buildd/openjdk-6-6b33-1.13.5/build/openjdk/hotspot/src/share/vm/classfile/systemDictionary.cpp:179
Event: 508.494 Thread 0x09d6a400 Threw 0x6b51d4d0 at /build/buildd/openjdk-6-6b33-1.13.5/build/openjdk/hotspot/src/share/vm/prims/jvm.cpp:1272
Event: 535.174 Thread 0x09d6a400 Threw 0x6b5442e8 at /build/buildd/openjdk-6-6b33-1.13.5/build/openjdk/hotspot/src/share/vm/classfile/systemDictionary.cpp:179
Event: 535.174 Thread 0x09d6a400 Threw 0x6b544570 at /build/buildd/openjdk-6-6b33-1.13.5/build/openjdk/hotspot/src/share/vm/prims/jvm.cpp:1272
Event: 560.307 Thread 0x09d6a400 Threw 0x6b550898 at /build/buildd/openjdk-6-6b33-1.13.5/build/openjdk/hotspot/src/share/vm/classfile/systemDictionary.cpp:179
Event: 560.308 Thread 0x09d6a400 Threw 0x6b550b20 at /build/buildd/openjdk-6-6b33-1.13.5/build/openjdk/hotspot/src/share/vm/prims/jvm.cpp:1272
Event: 562.927 Thread 0x09d6a400 Threw 0x6b552b78 at /build/buildd/openjdk-6-6b33-1.13.5/build/openjdk/hotspot/src/share/vm/classfile/systemDictionary.cpp:179
Event: 562.927 Thread 0x09d6a400 Threw 0x6b552e08 at /build/buildd/openjdk-6-6b33-1.13.5/build/openjdk/hotspot/src/share/vm/prims/jvm.cpp:1272

Events (10 events):
Event: 560.307 loading class 0x09c7c568
Event: 560.307 loading class 0x09c7c568 done
Event: 562.927 loading class 0x09c7d678
Event: 562.927 loading class 0x09c7d678 done
Event: 563.076 Thread 0x09d6a400 Thread exited: 0x09d6a400
Event: 643.354 Thread 0x09aa4000 Thread added: 0x09aa4000
Event: 668.843 Executing VM operation: RevokeBias
Event: 668.912 Executing VM operation: RevokeBias done
Event: 668.914 Executing VM operation: RevokeBias
Event: 669.020 Executing VM operation: RevokeBias done


Dynamic libraries:
00110000-00111000 rwxp 00000000 00:00 0 
00111000-0011d000 r-xp 00000000 08:01 562640     /usr/lib/jvm/java-6-openjdk/jre/lib/i386/libverify.so
0011d000-0011e000 r-xp 0000b000 08:01 562640     /usr/lib/jvm/java-6-openjdk/jre/lib/i386/libverify.so
0011e000-0011f000 rwxp 0000c000 08:01 562640     /usr/lib/jvm/java-6-openjdk/jre/lib/i386/libverify.so
0011f000-00143000 r-xp 00000000 08:01 562610     /usr/lib/jvm/java-6-openjdk/jre/lib/i386/libjava.so
00143000-00144000 r-xp 00023000 08:01 562610     /usr/lib/jvm/java-6-openjdk/jre/lib/i386/libjava.so
00144000-00146000 rwxp 00024000 08:01 562610     /usr/lib/jvm/java-6-openjdk/jre/lib/i386/libjava.so
00146000-00148000 r-xs 0000f000 08:01 559195     /usr/lib/jvm/java-6-openjdk/jre/lib/ext/pulse-java.jar
00148000-0014f000 r-xs 00063000 08:01 941466     /home/bright/Desktop/Project/webserver/node_modules/java/commons-lang3-node-java.jar
0014f000-00153000 r-xp 00000000 08:01 132443     /usr/lib/libXtst.so.6.1.0
00153000-00154000 r-xp 00004000 08:01 132443     /usr/lib/libXtst.so.6.1.0
00154000-00155000 rwxp 00005000 08:01 132443     /usr/lib/libXtst.so.6.1.0
00155000-00168000 r-xp 00000000 08:01 404379     /lib/tls/i686/cmov/libnsl-2.11.1.so
00168000-00169000 r-xp 00012000 08:01 404379     /lib/tls/i686/cmov/libnsl-2.11.1.so
00169000-0016a000 rwxp 00013000 08:01 404379     /lib/tls/i686/cmov/libnsl-2.11.1.so
0016a000-00175000 rwxp 00000000 00:00 0 
00175000-0022c000 rwxp 00000000 00:00 0 
0022c000-0022f000 ---p 00000000 00:00 0 
0022f000-0027d000 rwxp 00000000 00:00 0 
0027d000-00280000 r-xs 00000000 08:01 804298     /var/cache/fontconfig/7ef2298fde41cc6eeb7af42e48b7d293-le32d4.cache-3
00280000-00282000 r-xs 00000000 08:01 798840     /var/cache/fontconfig/e13b20fdb08344e0e664864cc2ede53d-le32d4.cache-3
00282000-0028a000 r-xs 00000000 08:01 804305     /var/cache/fontconfig/d52a8644073d54c13679302ca1180695-le32d4.cache-3
0028a000-0028b000 r-xs 00000000 08:01 804286     /var/cache/fontconfig/0d8c3b2ac0904cb8a57a757ad11a4a08-le32d4.cache-3
0028b000-0028c000 r-xs 00000000 08:01 804292     /var/cache/fontconfig/4c73fe0c47614734b17d736dbde7580a-le32d4.cache-3
0028c000-00294000 r-xp 00000000 08:01 135492     /usr/lib/libXrender.so.1.3.0
00294000-00295000 r-xp 00007000 08:01 135492     /usr/lib/libXrender.so.1.3.0
00295000-00296000 rwxp 00008000 08:01 135492     /usr/lib/libXrender.so.1.3.0
00296000-00298000 r-xp 00000000 08:01 133933     /usr/lib/libXau.so.6.0.0
00298000-00299000 r-xp 00001000 08:01 133933     /usr/lib/libXau.so.6.0.0
00299000-0029a000 rwxp 00002000 08:01 133933     /usr/lib/libXau.so.6.0.0
0029a000-00383000 r-xp 00000000 08:01 150990     /usr/lib/libstdc++.so.6.0.13
00383000-00387000 r-xp 000e9000 08:01 150990     /usr/lib/libstdc++.so.6.0.13
00387000-00388000 rwxp 000ed000 08:01 150990     /usr/lib/libstdc++.so.6.0.13
00388000-0038f000 rwxp 00000000 00:00 0 
0038f000-00392000 ---p 00000000 00:00 0 
00392000-003e0000 rwxp 00000000 00:00 0 
003e0000-003ee000 r-xp 00000000 08:01 134245     /usr/lib/libXext.so.6.4.0
003ee000-003ef000 r-xp 0000d000 08:01 134245     /usr/lib/libXext.so.6.4.0
003ef000-003f0000 rwxp 0000e000 08:01 134245     /usr/lib/libXext.so.6.4.0
003f0000-003fd000 r-xp 00000000 08:01 133949     /usr/lib/libXi.so.6.1.0
003fd000-003fe000 r-xp 0000c000 08:01 133949     /usr/lib/libXi.so.6.1.0
003fe000-003ff000 rwxp 0000d000 08:01 133949     /usr/lib/libXi.so.6.1.0
003ff000-00403000 r-xp 00000000 08:01 133944     /usr/lib/libXdmcp.so.6.0.0
00403000-00404000 r-xp 00003000 08:01 133944     /usr/lib/libXdmcp.so.6.0.0
00404000-00405000 rwxp 00004000 08:01 133944     /usr/lib/libXdmcp.so.6.0.0
00405000-00408000 r-xs 00000000 08:01 804309     /var/cache/fontconfig/e383d7ea5fbe662a33d9b44caf393297-le32d4.cache-3
00408000-00425000 r-xp 00000000 08:01 262155     /lib/libgcc_s.so.1
00425000-00426000 r-xp 0001c000 08:01 262155     /lib/libgcc_s.so.1
00426000-00427000 rwxp 0001d000 08:01 262155     /lib/libgcc_s.so.1
00427000-00428000 r-xs 00000000 08:01 804302     /var/cache/fontconfig/c05880de57d1f5e948fdfacc138775d9-le32d4.cache-3
00428000-0042f000 r-xs 00000000 08:01 151156     /usr/lib/gconv/gconv-modules.cache
0042f000-00432000 ---p 00000000 00:00 0 
00432000-00480000 rwxp 00000000 00:00 0 
00480000-00498000 r-xp 00000000 08:01 134143     /usr/lib/libxcb.so.1.1.0
00498000-00499000 r-xp 00017000 08:01 134143     /usr/lib/libxcb.so.1.1.0
00499000-0049a000 rwxp 00018000 08:01 134143     /usr/lib/libxcb.so.1.1.0
0049a000-0049c000 r-xs 00000000 08:01 804300     /var/cache/fontconfig/99e8ed0e538f840c565b6ed5dad60d56-le32d4.cache-3
0049c000-004af000 r-xp 00000000 08:01 262350     /lib/libz.so.1.2.3.3
004af000-004b0000 r-xp 00012000 08:01 262350     /lib/libz.so.1.2.3.3
004b0000-004b1000 rwxp 00013000 08:01 262350     /lib/libz.so.1.2.3.3
004b1000-004b7000 rwxp 00000000 00:00 0 
004b7000-00559000 rwxp 00000000 00:00 0 
00559000-00564000 r-xs 00000000 08:01 804287     /var/cache/fontconfig/0f34bcd4b6ee430af32735b75db7f02b-le32d4.cache-3
00564000-0056b000 r-xs 00000000 08:01 812635     /var/cache/fontconfig/6d41288fd70b0be22e8c3a91e032eec0-le32d4.cache-3
0056b000-0056f000 r-xs 00000000 08:01 804301     /var/cache/fontconfig/a755afe4a08bf5b97852ceb7400b47bc-le32d4.cache-3
0056f000-00572000 r-xs 00000000 08:01 804298     /var/cache/fontconfig/7ef2298fde41cc6eeb7af42e48b7d293-le32d4.cache-3
00572000-00573000 r-xs 00000000 08:01 804294     /var/cache/fontconfig/6a53c69dea097a2d716e069445527da8-le32d4.cache-3
00573000-00588000 r-xp 00000000 08:01 404371     /lib/tls/i686/cmov/libpthread-2.11.1.so
00588000-00589000 r-xp 00014000 08:01 404371     /lib/tls/i686/cmov/libpthread-2.11.1.so
00589000-0058a000 rwxp 00015000 08:01 404371     /lib/tls/i686/cmov/libpthread-2.11.1.so
0058a000-0058c000 rwxp 00000000 00:00 0 
0058c000-0058d000 ---p 00000000 00:00 0 
0058d000-0060d000 rwxp 00000000 00:00 0 
0060d000-00614000 r-xs 00054000 08:01 559213     /usr/lib/jvm/java-6-openjdk/jre/lib/resources.jar
00614000-0061a000 r-xs 00048000 08:01 1181648    /home/bright/Desktop/Project/phrapp-0.30/bin/commons-lang3-3.1.jar
0061a000-0061c000 r-xs 00005000 08:01 1181649    /home/bright/Desktop/Project/phrapp-0.30/bin/paillier.jar
0061c000-0061e000 rwxp 00000000 00:00 0 
00623000-0062b000 r-xp 00000000 08:01 133940     /usr/lib/libXcursor.so.1.0.2
0062b000-0062c000 r-xp 00007000 08:01 133940     /usr/lib/libXcursor.so.1.0.2
0062c000-0062d000 rwxp 00008000 08:01 133940     /usr/lib/libXcursor.so.1.0.2
0062d000-00631000 r-xp 00000000 08:01 133948     /usr/lib/libXfixes.so.3.1.0
00631000-00632000 r-xp 00003000 08:01 133948     /usr/lib/libXfixes.so.3.1.0
00632000-00633000 rwxp 00004000 08:01 133948     /usr/lib/libXfixes.so.3.1.0
00635000-00637000 r-xs 00000000 08:01 798840     /var/cache/fontconfig/e13b20fdb08344e0e664864cc2ede53d-le32d4.cache-3
00637000-0063b000 r-xs 00000000 08:01 804301     /var/cache/fontconfig/a755afe4a08bf5b97852ceb7400b47bc-le32d4.cache-3
0063b000-0063c000 r-xs 00000000 08:01 804292     /var/cache/fontconfig/4c73fe0c47614734b17d736dbde7580a-le32d4.cache-3
0063c000-0063d000 r-xs 00000000 08:01 804310     /var/cache/fontconfig/e7071f4a29fa870f4323321c154eba04-le32d4.cache-3
0063d000-00643000 r-xs 00000000 08:01 804299     /var/cache/fontconfig/945677eb7aeaf62f1d50efc3fb3ec7d8-le32d4.cache-3
00643000-00646000 r-xs 00000000 08:01 804296     /var/cache/fontconfig/6eb3985aa4124903f6ff08ba781cd364-le32d4.cache-3
00646000-00649000 r-xs 00000000 08:01 804309     /var/cache/fontconfig/e383d7ea5fbe662a33d9b44caf393297-le32d4.cache-3
00649000-0064f000 rwxp 00000000 00:00 0 
0064f000-00652000 ---p 00000000 00:00 0 
00652000-006a0000 rwxp 00000000 00:00 0 
006a0000-006a7000 r-xs 00000000 08:01 812635     /var/cache/fontconfig/6d41288fd70b0be22e8c3a91e032eec0-le32d4.cache-3
006a7000-006ad000 r-xp 00000000 08:01 404381     /lib/tls/i686/cmov/libnss_compat-2.11.1.so
006ad000-006ae000 r-xp 00006000 08:01 404381     /lib/tls/i686/cmov/libnss_compat-2.11.1.so
006ae000-006af000 rwxp 00007000 08:01 404381     /lib/tls/i686/cmov/libnss_compat-2.11.1.so
006af000-006b1000 r-xs 00000000 08:01 804300     /var/cache/fontconfig/99e8ed0e538f840c565b6ed5dad60d56-le32d4.cache-3
006b5000-006bd000 r-xp 00000000 08:01 393469     /lib/tls/i686/cmov/libnss_nis-2.11.1.so
006bd000-006be000 r-xp 00007000 08:01 393469     /lib/tls/i686/cmov/libnss_nis-2.11.1.so
006be000-006bf000 rwxp 00008000 08:01 393469     /lib/tls/i686/cmov/libnss_nis-2.11.1.so
006bf000-006c7000 r-xs 00000000 08:01 804305     /var/cache/fontconfig/d52a8644073d54c13679302ca1180695-le32d4.cache-3
006c7000-006cd000 r-xs 00000000 08:01 804299     /var/cache/fontconfig/945677eb7aeaf62f1d50efc3fb3ec7d8-le32d4.cache-3
006d0000-006d1000 r-xs 00000000 08:01 804310     /var/cache/fontconfig/e7071f4a29fa870f4323321c154eba04-le32d4.cache-3
006d1000-006dc000 r-xs 00000000 08:01 804287     /var/cache/fontconfig/0f34bcd4b6ee430af32735b75db7f02b-le32d4.cache-3
006dc000-006df000 ---p 00000000 00:00 0 
006df000-0075d000 rwxp 00000000 00:00 0 
0075d000-007a3000 r-xp 00000000 08:01 562755     /usr/lib/jvm/java-6-openjdk/jre/lib/i386/xawt/libmawt.so
007a3000-007a4000 r-xp 00045000 08:01 562755     /usr/lib/jvm/java-6-openjdk/jre/lib/i386/xawt/libmawt.so
007a4000-007a6000 rwxp 00046000 08:01 562755     /usr/lib/jvm/java-6-openjdk/jre/lib/i386/xawt/libmawt.so
007a6000-007a7000 rwxp 00000000 00:00 0 
007ab000-007ac000 r-xp 00000000 00:00 0          [vdso]
007ac000-007c1000 r-xp 00000000 08:01 562626     /usr/lib/jvm/java-6-openjdk/jre/lib/i386/libnet.so
007c1000-007c2000 r-xp 00014000 08:01 562626     /usr/lib/jvm/java-6-openjdk/jre/lib/i386/libnet.so
007c2000-007c3000 rwxp 00015000 08:01 562626     /usr/lib/jvm/java-6-openjdk/jre/lib/i386/libnet.so
007c5000-007c6000 r-xs 00000000 08:01 804302     /var/cache/fontconfig/c05880de57d1f5e948fdfacc138775d9-le32d4.cache-3
007c6000-007e3000 r-xs 00151000 08:01 1181647    /home/bright/Desktop/Project/phrapp-0.30/bin/swingx-all-1.6.3.jar
007e6000-007ed000 r-xp 00000000 08:01 393459     /lib/tls/i686/cmov/librt-2.11.1.so
007ed000-007ee000 r-xp 00006000 08:01 393459     /lib/tls/i686/cmov/librt-2.11.1.so
007ee000-007ef000 rwxp 00007000 08:01 393459     /lib/tls/i686/cmov/librt-2.11.1.so
007f0000-007fa000 r-xp 00000000 08:01 393461     /lib/tls/i686/cmov/libnss_files-2.11.1.so
007fa000-007fb000 r-xp 00009000 08:01 393461     /lib/tls/i686/cmov/libnss_files-2.11.1.so
007fb000-007fc000 rwxp 0000a000 08:01 393461     /lib/tls/i686/cmov/libnss_files-2.11.1.so
00804000-00807000 r-xs 00000000 08:01 804306     /var/cache/fontconfig/d60319d88cac85ba9e1a07bd06cfbb8c-le32d4.cache-3
00807000-0080e000 r-xp 00000000 08:01 562639     /usr/lib/jvm/java-6-openjdk/jre/lib/i386/libnio.so
0080e000-0080f000 r-xp 00006000 08:01 562639     /usr/lib/jvm/java-6-openjdk/jre/lib/i386/libnio.so
0080f000-00810000 rwxp 00007000 08:01 562639     /usr/lib/jvm/java-6-openjdk/jre/lib/i386/libnio.so
0081b000-0081e000 r-xs 00000000 08:01 804306     /var/cache/fontconfig/d60319d88cac85ba9e1a07bd06cfbb8c-le32d4.cache-3
0082f000-00838000 rwxp 00000000 00:00 0 
00838000-00870000 rwxp 00000000 00:00 0 
00870000-008c1000 r-xp 00000000 08:01 562607     /usr/lib/jvm/java-6-openjdk/jre/lib/i386/libfontmanager.so
008c1000-008c2000 r-xp 00051000 08:01 562607     /usr/lib/jvm/java-6-openjdk/jre/lib/i386/libfontmanager.so
008c2000-008c3000 rwxp 00052000 08:01 562607     /usr/lib/jvm/java-6-openjdk/jre/lib/i386/libfontmanager.so
008ca000-008f6000 r-xp 00000000 08:01 1182846    /home/bright/Desktop/Project/webserver/node_modules/java/build/Release/nodejavabridge_bindings.node
008f6000-008f7000 r-xp 0002b000 08:01 1182846    /home/bright/Desktop/Project/webserver/node_modules/java/build/Release/nodejavabridge_bindings.node
008f7000-008f8000 rwxp 0002c000 08:01 1182846    /home/bright/Desktop/Project/webserver/node_modules/java/build/Release/nodejavabridge_bindings.node
008f8000-008fb000 ---p 00000000 00:00 0 
008fb000-00979000 rwxp 00000000 00:00 0 
00979000-0097c000 ---p 00000000 00:00 0 
0097c000-009ca000 rwxp 00000000 00:00 0 
009dd000-009f8000 r-xp 00000000 08:01 275367     /lib/ld-2.11.1.so
009f8000-009f9000 r-xp 0001a000 08:01 275367     /lib/ld-2.11.1.so
009f9000-009fa000 rwxp 0001b000 08:01 275367     /lib/ld-2.11.1.so
00a07000-00a08000 r-xs 00000000 08:01 804286     /var/cache/fontconfig/0d8c3b2ac0904cb8a57a757ad11a4a08-le32d4.cache-3
00a1f000-00a20000 r-xs 00000000 08:01 808842     /var/cache/fontconfig/4794a0821666d79190d59a36cb4f44b5-le32d4.cache-3
00a38000-00a39000 rwxp 00000000 00:00 0 
00a83000-00a8a000 rwxp 00000000 00:00 0 
00a9c000-00adb000 r-xp 00000000 08:01 139127     /usr/lib/locale/en_US.utf8/LC_CTYPE
00adf000-00c3b000 r-xp 00000000 08:01 404373     /lib/tls/i686/cmov/libc-2.11.1.so
00c3b000-00c3d000 r-xp 0015b000 08:01 404373     /lib/tls/i686/cmov/libc-2.11.1.so
00c3d000-00c3e000 rwxp 0015d000 08:01 404373     /lib/tls/i686/cmov/libc-2.11.1.so
00c3e000-00c41000 rwxp 00000000 00:00 0 
00c57000-00c5a000 r-xs 00000000 08:01 804296     /var/cache/fontconfig/6eb3985aa4124903f6ff08ba781cd364-le32d4.cache-3
00caa000-00cb1000 r-xp 00000000 08:01 562624     /usr/lib/jvm/java-6-openjdk/jre/lib/i386/libzip.so
00cb1000-00cb2000 r-xp 00006000 08:01 562624     /usr/lib/jvm/java-6-openjdk/jre/lib/i386/libzip.so
00cb2000-00cb3000 rwxp 00007000 08:01 562624     /usr/lib/jvm/java-6-openjdk/jre/lib/i386/libzip.so
00cb3000-00cb4000 ---p 00000000 00:00 0 
00cb4000-00d34000 rwxp 00000000 00:00 0 
00d44000-00d45000 r-xp 00000000 00:00 0 
00d45000-00d48000 ---p 00000000 00:00 0 
00d48000-00d96000 rwxp 00000000 00:00 0 
00da8000-00dcc000 r-xp 00000000 08:01 393462     /lib/tls/i686/cmov/libm-2.11.1.so
00dcc000-00dcd000 r-xp 00023000 08:01 393462     /lib/tls/i686/cmov/libm-2.11.1.so
00dcd000-00dce000 rwxp 00024000 08:01 393462     /lib/tls/i686/cmov/libm-2.11.1.so
00dd7000-00ddc000 rwxs 00000000 00:04 11403287   /SYSV00000000 (deleted)
00de9000-00deb000 rwxp 00000000 00:00 0 
00e33000-00e3b000 rwxs 00000000 08:01 817583     /tmp/hsperfdata_bright/5361
00e3b000-00e3c000 rwxp 00000000 00:00 0 
00e53000-00e54000 rwxp 00000000 00:00 0 
00e73000-00e74000 rwxp 00000000 00:00 0 
00ea0000-00ea1000 r-xs 00000000 08:01 808842     /var/cache/fontconfig/4794a0821666d79190d59a36cb4f44b5-le32d4.cache-3
00eac000-00ead000 r-xs 00000000 08:01 804294     /var/cache/fontconfig/6a53c69dea097a2d716e069445527da8-le32d4.cache-3
00ec4000-00f4a000 r-xp 00000000 08:01 562617     /usr/lib/jvm/java-6-openjdk/jre/lib/i386/libawt.so
00f4a000-00f4b000 r-xp 00086000 08:01 562617     /usr/lib/jvm/java-6-openjdk/jre/lib/i386/libawt.so
00f4b000-00f52000 rwxp 00087000 08:01 562617     /usr/lib/jvm/java-6-openjdk/jre/lib/i386/libawt.so
00f52000-00f76000 rwxp 00000000 00:00 0 
00fab000-00fad000 r-xp 00000000 08:01 404375     /lib/tls/i686/cmov/libdl-2.11.1.so
00fad000-00fae000 r-xp 00001000 08:01 404375     /lib/tls/i686/cmov/libdl-2.11.1.so
00fae000-00faf000 rwxp 00002000 08:01 404375     /lib/tls/i686/cmov/libdl-2.11.1.so
00faf000-0173e000 r-xp 00000000 08:01 562603     /usr/lib/jvm/java-6-openjdk/jre/lib/i386/server/libjvm.so
0173e000-01785000 r-xp 0078e000 08:01 562603     /usr/lib/jvm/java-6-openjdk/jre/lib/i386/server/libjvm.so
01785000-01799000 rwxp 007d5000 08:01 562603     /usr/lib/jvm/java-6-openjdk/jre/lib/i386/server/libjvm.so
01799000-01bb8000 rwxp 00000000 00:00 0 
01bb8000-01c08000 rwxp 00000000 00:00 0 
01c08000-01c0e000 rwxp 00000000 00:00 0 
01c0e000-01cb0000 rwxp 00000000 00:00 0 
01cb0000-01cb8000 rwxp 00000000 00:00 0 
01cb8000-01cf0000 rwxp 00000000 00:00 0 
01cf0000-01cfc000 rwxp 00000000 00:00 0 
01cfc000-01e93000 r-xs 01a18000 08:01 562598     /usr/lib/jvm/java-6-openjdk/jre/lib/rt.jar
01e93000-01fac000 r-xp 00000000 08:01 134939     /usr/lib/libX11.so.6.3.0
01fac000-01fad000 r-xp 00118000 08:01 134939     /usr/lib/libX11.so.6.3.0
01fad000-01faf000 rwxp 00119000 08:01 134939     /usr/lib/libX11.so.6.3.0
01faf000-01fb0000 rwxp 00000000 00:00 0 
01fb0000-020fe000 r-xp 00000000 08:01 1181655    /home/bright/Desktop/Project/phrapp-0.30/bin/libPHRapp_Login_JNI.so
020fe000-0210e000 rwxp 0014d000 08:01 1181655    /home/bright/Desktop/Project/phrapp-0.30/bin/libPHRapp_Login_JNI.so
0210e000-02111000 rwxp 00000000 00:00 0 
02111000-02114000 ---p 00000000 00:00 0 
02114000-02912000 rwxp 00000000 00:00 0 
02912000-02915000 ---p 00000000 00:00 0 
02915000-03113000 rwxp 00000000 00:00 0 
03113000-03116000 ---p 00000000 00:00 0 
03116000-03914000 rwxp 00000000 00:00 0 
03914000-03917000 ---p 00000000 00:00 0 
03917000-04115000 rwxp 00000000 00:00 0 
04115000-04118000 ---p 00000000 00:00 0 
04118000-04166000 rwxp 00000000 00:00 0 
04166000-04169000 ---p 00000000 00:00 0 
04169000-041b7000 rwxp 00000000 00:00 0 
041b7000-04323000 r-xp 00000000 08:01 1181683    /home/bright/Desktop/Project/phrapp-0.30/bin/libPHRapp_User_JNI.so
04323000-04333000 rwxp 0016c000 08:01 1181683    /home/bright/Desktop/Project/phrapp-0.30/bin/libPHRapp_User_JNI.so
04333000-04336000 rwxp 00000000 00:00 0 
04356000-04596000 rwxp 00000000 00:00 0 
04596000-07356000 rwxp 00000000 00:00 0 
07356000-07359000 ---p 00000000 00:00 0 
07359000-073a7000 rwxp 00000000 00:00 0 
073a7000-073aa000 ---p 00000000 00:00 0 
073aa000-073f8000 rwxp 00000000 00:00 0 
073f8000-073f9000 ---p 00000000 00:00 0 
073f9000-07bf9000 rwxp 00000000 00:00 0 
07bf9000-07bfc000 ---p 00000000 00:00 0 
07bfc000-07c4a000 rwxp 00000000 00:00 0 
07cbe000-07d2f000 r-xp 00000000 08:01 134481     /usr/lib/libfreetype.so.6.3.22
07d2f000-07d33000 r-xp 00070000 08:01 134481     /usr/lib/libfreetype.so.6.3.22
07d33000-07d34000 rwxp 00074000 08:01 134481     /usr/lib/libfreetype.so.6.3.22
08048000-08e2d000 r-xp 00000000 08:01 567688     /usr/local/bin/node
08e2d000-08e3c000 rwxp 00de5000 08:01 567688     /usr/local/bin/node
08e3c000-08e44000 rwxp 00000000 00:00 0 
09a77000-0c38f000 rwxp 00000000 00:00 0          [heap]
22700000-22739000 rwxp 00000000 00:00 0 
23800000-23809000 rwxp 00000000 00:00 0 
23809000-2380a000 ---p 00000000 00:00 0 
2380a000-238ff000 rwxp 00000000 00:00 0 
238ff000-23900000 ---p 00000000 00:00 0 
25f00000-26000000 rwxp 00000000 00:00 0 
28eba000-292ba000 rwxp 00000000 00:00 0 
2b100000-2b111000 rwxp 00000000 00:00 0 
32500000-32600000 rwxp 00000000 00:00 0 
344ce000-344e0000 ---p 00000000 00:00 0 
344e0000-344f0000 rwxp 00000000 00:00 0 
344f0000-344fe000 ---p 00000000 00:00 0 
37c00000-37c09000 rwxp 00000000 00:00 0 
37c09000-37c0a000 ---p 00000000 00:00 0 
37c0a000-37c0b000 rwxp 00000000 00:00 0 
37c0b000-37c34000 ---p 00000000 00:00 0 
3bf00000-3c000000 rwxp 00000000 00:00 0 
40300000-40400000 rwxp 00000000 00:00 0 
40a00000-40a09000 rwxp 00000000 00:00 0 
40a09000-40a0a000 ---p 00000000 00:00 0 
40a0a000-40aff000 rwxp 00000000 00:00 0 
40aff000-40b00000 ---p 00000000 00:00 0 
40f00000-41000000 rwxp 00000000 00:00 0 
43500000-43509000 rwxp 00000000 00:00 0 
43509000-4350a000 ---p 00000000 00:00 0 
4350a000-43582000 rwxp 00000000 00:00 0 
43582000-43583000 ---p 00000000 00:00 0 
46000000-46800000 rwxp 00000000 00:00 0 
46800000-47000000 rwxp 00000000 00:00 0 
4c300000-4c319000 rwxp 00000000 00:00 0 
4c500000-4c519000 rwxp 00000000 00:00 0 
4ece0000-4ece1000 r-xp 00000000 00:00 0 
51600000-51700000 rwxp 00000000 00:00 0 
54760000-547a0000 rwxp 00000000 00:00 0 
547a0000-54860000 ---p 00000000 00:00 0 
54e00000-54e09000 rwxp 00000000 00:00 0 
54e09000-54e0a000 ---p 00000000 00:00 0 
54e0a000-54eff000 rwxp 00000000 00:00 0 
54eff000-54f00000 ---p 00000000 00:00 0 
56f00000-57000000 rwxp 00000000 00:00 0 
58d00000-58d79000 rwxp 00000000 00:00 0 
5ac5e000-5ac5f000 r-xp 00000000 00:00 0 
5b700000-5b800000 rwxp 00000000 00:00 0 
5e500000-5e509000 rwxp 00000000 00:00 0 
5e509000-5e50a000 ---p 00000000 00:00 0 
5e50a000-5e50b000 rwxp 00000000 00:00 0 
5e50b000-5e534000 ---p 00000000 00:00 0 
5f000000-5f009000 rwxp 00000000 00:00 0 
5f009000-5f00a000 ---p 00000000 00:00 0 
5f00a000-5f00b000 rwxp 00000000 00:00 0 
5f00b000-5f034000 ---p 00000000 00:00 0 
5f600000-5f700000 rwxp 00000000 00:00 0 
6b310000-6b840000 rwxp 00000000 00:00 0 
6b840000-75a60000 rwxp 00000000 00:00 0 
75a60000-764e0000 rwxp 00000000 00:00 0 
764e0000-8a910000 rwxp 00000000 00:00 0 
8a910000-8b910000 rwxp 00000000 00:00 0 
8b910000-92910000 rwxp 00000000 00:00 0 
92910000-92eaf000 r-xp 00001000 08:01 562939     /usr/lib/jvm/java-6-openjdk/jre/lib/i386/server/classes.jsa
92eaf000-93310000 rwxp 00000000 00:00 0 
93310000-93a9e000 rwxp 005a0000 08:01 562939     /usr/lib/jvm/java-6-openjdk/jre/lib/i386/server/classes.jsa
93a9e000-93f10000 rwxp 00000000 00:00 0 
93f10000-94220000 rwxp 00d2e000 08:01 562939     /usr/lib/jvm/java-6-openjdk/jre/lib/i386/server/classes.jsa
94220000-94310000 rwxp 00000000 00:00 0 
94310000-94319000 r-xp 0103e000 08:01 562939     /usr/lib/jvm/java-6-openjdk/jre/lib/i386/server/classes.jsa
94319000-94710000 rwxp 00000000 00:00 0 
b6f00000-b7000000 rwxp 00000000 00:00 0 
b7100000-b7200000 rwxp 00000000 00:00 0 
b7300000-b7381000 rwxp 00000000 00:00 0 
b7381000-b7400000 ---p 00000000 00:00 0 
b7500000-b76f3000 rwxp 00000000 00:00 0 
b76f3000-b7700000 ---p 00000000 00:00 0 
b7700000-b7800000 rwxp 00000000 00:00 0 
bfa20000-bfa23000 ---p 00000000 00:00 0 
bfa24000-bfa70000 rwxp 00000000 00:00 0          [stack]

VM Arguments:
jvm_args: -Djava.library.path=../phrapp-0.30/bin/ -classpath *:../phrapp-0.30/bin/ 
java_command: <unknown>
Launcher Type: generic

Environment Variables:
PATH=/usr/local/sbin:/usr/local/bin:/usr/sbin:/usr/bin:/sbin:/bin:/usr/games:/usr/lib/jvm/java-6-openjdk/jre/lib/i386/cacao
USERNAME=bright
SHELL=/bin/bash
DISPLAY=:0.0

Signal Handlers:
SIGSEGV: [libjvm.so+0x718200], sa_mask[0]=0x7ffbfeff, sa_flags=0x10000004
SIGBUS: [libjvm.so+0x718200], sa_mask[0]=0x7ffbfeff, sa_flags=0x10000004
SIGFPE: [libjvm.so+0x5c9850], sa_mask[0]=0x7ffbfeff, sa_flags=0x10000004
SIGPIPE: [libjvm.so+0x5c9850], sa_mask[0]=0x7ffbfeff, sa_flags=0x10000004
SIGXFSZ: [libjvm.so+0x5c9850], sa_mask[0]=0x7ffbfeff, sa_flags=0x10000004
SIGILL: [libjvm.so+0x5c9850], sa_mask[0]=0x7ffbfeff, sa_flags=0x10000004
SIGUSR1: [+0x81fd50], sa_mask[0]=0x7ffbfeff, sa_flags=0x00000000
SIGUSR2: [libjvm.so+0x5c92d0], sa_mask[0]=0x00000000, sa_flags=0x10000004
SIGHUP: [libjvm.so+0x5cc8d0], sa_mask[0]=0x7ffbfeff, sa_flags=0x10000004
SIGINT: [libjvm.so+0x5cc8d0], sa_mask[0]=0x7ffbfeff, sa_flags=0x10000004
SIGTERM: [libjvm.so+0x5cc8d0], sa_mask[0]=0x7ffbfeff, sa_flags=0x10000004
SIGQUIT: [libjvm.so+0x5cc8d0], sa_mask[0]=0x7ffbfeff, sa_flags=0x10000004


---------------  S Y S T E M  ---------------

OS:Ubuntu 10.04 (lucid)
uname:Linux 2.6.32-38-generic #83-Ubuntu SMP Wed Jan 4 11:13:04 UTC 2012 i686
libc:glibc 2.11.1 NPTL 2.11.1 
rlimit: STACK 8192k, CORE 0k, NPROC infinity, NOFILE 1024, AS infinity
load average:1.70 1.67 1.26

/proc/meminfo:
MemTotal:        1025960 kB
MemFree:          278024 kB
Buffers:            1684 kB
Cached:           455280 kB
SwapCached:         2632 kB
Active:            55276 kB
Inactive:         653204 kB
Active(anon):      27228 kB
Inactive(anon):   229696 kB
Active(file):      28048 kB
Inactive(file):   423508 kB
Unevictable:           0 kB
Mlocked:               0 kB
HighTotal:        139144 kB
HighFree:            264 kB
LowTotal:         886816 kB
LowFree:          277760 kB
SwapTotal:        916472 kB
SwapFree:         886308 kB
Dirty:             21580 kB
Writeback:             0 kB
AnonPages:        249732 kB
Mapped:            32588 kB
Shmem:              5396 kB
Slab:              21148 kB
SReclaimable:      11876 kB
SUnreclaim:         9272 kB
KernelStack:        2592 kB
PageTables:         5944 kB
NFS_Unstable:          0 kB
Bounce:                0 kB
WritebackTmp:          0 kB
CommitLimit:     1429452 kB
Committed_AS:    1342492 kB
VmallocTotal:     122880 kB
VmallocUsed:        6980 kB
VmallocChunk:     109816 kB
HardwareCorrupted:     0 kB
HugePages_Total:       0
HugePages_Free:        0
HugePages_Rsvd:        0
HugePages_Surp:        0
Hugepagesize:       4096 kB
DirectMap4k:       16376 kB
DirectMap4M:      892928 kB


CPU:total 1 (1 cores per cpu, 1 threads per core) family 6 model 69 stepping 1, cmov, cx8, fxsr, mmx, sse, sse2, sse3, ssse3, sse4.1, sse4.2, popcnt, avx, tsc, tscinvbit

/proc/cpuinfo:
processor	: 0
vendor_id	: GenuineIntel
cpu family	: 6
model		: 69
model name	: Intel(R) Core(TM) i7-4510U CPU @ 2.00GHz
stepping	: 1
cpu MHz		: 2594.059
cache size	: 4096 KB
fdiv_bug	: no
hlt_bug		: no
f00f_bug	: no
coma_bug	: no
fpu		: yes
fpu_exception	: yes
cpuid level	: 13
wp		: yes
flags		: fpu vme de pse tsc msr pae mce cx8 apic mtrr pge mca cmov pat pse36 clflush dts mmx fxsr sse sse2 ss nx pdpe1gb rdtscp constant_tsc up arch_perfmon pebs bts xtopology tsc_reliable nonstop_tsc aperfmperf pni pclmulqdq ssse3 fma sse4_1 sse4_2 x2apic movbe popcnt aes xsave avx hypervisor ida arat
bogomips	: 5188.11
clflush size	: 64
cache_alignment	: 64
address sizes	: 40 bits physical, 48 bits virtual
power management:



Memory: 4k page, physical 1025960k(278024k free), swap 916472k(886308k free)

vm_info: OpenJDK Server VM (23.25-b01) for linux-x86 JRE (1.6.0_33-b33), built on Oct 15 2014 12:31:00 by "buildd" with gcc 4.4.3

time: Sun Oct 25 02:06:59 2015
elapsed time: 670 seconds

