#
# A fatal error has been detected by the Java Runtime Environment:
#
#  SIGSEGV (0xb) at pc=0x012cf949, pid=25332, tid=102968176
#
# JRE version: 6.0_33-b33
# Java VM: OpenJDK Server VM (23.25-b01 mixed mode, sharing linux-x86 )
# Derivative: IcedTea6 1.13.5
# Distribution: Ubuntu 10.04.1 LTS, package 6b33-1.13.5-1ubuntu0.10.04
# Problematic frame:
# V  [libjvm.so+0x414949]  jni_GetStringUTFChars+0x89
#
# Failed to write core dump. Core dumps have been disabled. To enable core dumping, try "ulimit -c unlimited" before starting Java again
#
# If you would like to submit a bug report, please include
# instructions how to reproduce the bug and visit:
#   https://bugs.launchpad.net/ubuntu/+source/openjdk-6/
#

---------------  T H R E A D  ---------------

Current thread (0x09181800):  JavaThread "Thread-5" [_thread_in_vm, id=25426, stack(0x061e2000,0x06233000)]

siginfo:si_signo=SIGSEGV: si_errno=0, si_code=1 (SEGV_MAPERR), si_addr=0x00000000

Registers:
EAX=0x00000000, EBX=0x01690ff4, ECX=0x00000000, EDX=0x00000000
ESP=0x06231e10, EBP=0x06231e68, ESI=0x09181800, EDI=0x091610b8
EIP=0x012cf949, EFLAGS=0x00010246, CR2=0x00000000

Top of Stack: (sp=0x06231e10)
0x06231e10:   06231e3c 09181800 016b1820 016b1820
0x06231e20:   08feb980 0000003c 6b47a868 06231e3c
0x06231e30:   012b8e2e 01ad35b4 0150b216 09181800
0x06231e40:   00000000 06232068 08febac0 09181800
0x06231e50:   012b258b 06231e7c 06231e83 09181928
0x06231e60:   8a96c368 091610b8 06231ea8 0607efc8
0x06231e70:   09181928 00000000 00000000 09181800
0x06231e80:   00ad33d4 01ac3b48 00000000 06231f04 

Instructions: (pc=0x012cf949)
0x012cf929:   00 c7 86 64 01 00 00 06 00 00 00 8d 45 d4 89 45
0x012cf939:   c4 52 89 75 e4 52 56 50 e8 ea 45 01 00 8b 45 0c
0x012cf949:   8b 10 89 14 24 89 55 c0 e8 9a ff fe ff 8d 48 01
0x012cf959:   89 0c 24 89 4d bc e8 5c 17 1b 00 83 c4 10 89 c7 

Register to memory mapping:

EAX=0x00000000 is an unknown value
EBX=0x01690ff4: <offset 0x7d5ff4> in /usr/lib/jvm/java-6-openjdk/jre/lib/i386/server/libjvm.so at 0x00ebb000
ECX=0x00000000 is an unknown value
EDX=0x00000000 is an unknown value
ESP=0x06231e10 is pointing into the stack for thread: 0x09181800
EBP=0x06231e68 is pointing into the stack for thread: 0x09181800
ESI=0x09181800 is a thread
EDI=0x091610b8 is an unknown value


Stack: [0x061e2000,0x06233000],  sp=0x06231e10,  free space=319k
Native frames: (J=compiled Java code, j=interpreted, Vv=VM code, C=native code)
V  [libjvm.so+0x414949]  jni_GetStringUTFChars+0x89
C  [libPHRapp_User_JNI.so+0x6cfc8]  Java_UserMain_encrypt_1phr_1main+0x48
j  UserMain.encrypt_phr_main(Ljava/lang/String;Ljava/lang/String;)Z+0
j  UserMain.perform_phr_uploading_transaction(Ljava/lang/String;Ljava/lang/String;Ljava/lang/String;Ljava/lang/String;Ljava/lang/String;Ljava/lang/String;)V+322
j  UserMain.access$11200(LUserMain;Ljava/lang/String;Ljava/lang/String;Ljava/lang/String;Ljava/lang/String;Ljava/lang/String;Ljava/lang/String;)V+10
j  UserMain$44.run()V+28
v  ~StubRoutines::call_stub
V  [libjvm.so+0x401bd4]  JavaCalls::call_helper(JavaValue*, methodHandle*, JavaCallArguments*, Thread*)+0x314
V  [libjvm.so+0x5c7de9]  os::os_exception_wrapper(void (*)(JavaValue*, methodHandle*, JavaCallArguments*, Thread*), JavaValue*, methodHandle*, JavaCallArguments*, Thread*)+0x19
V  [libjvm.so+0x40111a]  JavaCalls::call_virtual(JavaValue*, KlassHandle, Symbol*, Symbol*, JavaCallArguments*, Thread*)+0x10a
V  [libjvm.so+0x40124b]  JavaCalls::call_virtual(JavaValue*, Handle, KlassHandle, Symbol*, Symbol*, Thread*)+0x4b
V  [libjvm.so+0x445d4c]  thread_entry(JavaThread*, Thread*)+0xcc
V  [libjvm.so+0x6dbe59]  JavaThread::thread_main_inner()+0xe9
V  [libjvm.so+0x5cfb61]  java_start(Thread*)+0x131
C  [libpthread.so.0+0x596e]  start_thread+0xbe

Java frames: (J=compiled Java code, j=interpreted, Vv=VM code)
j  UserMain.encrypt_phr_main(Ljava/lang/String;Ljava/lang/String;)Z+0
j  UserMain.perform_phr_uploading_transaction(Ljava/lang/String;Ljava/lang/String;Ljava/lang/String;Ljava/lang/String;Ljava/lang/String;Ljava/lang/String;)V+322
j  UserMain.access$11200(LUserMain;Ljava/lang/String;Ljava/lang/String;Ljava/lang/String;Ljava/lang/String;Ljava/lang/String;Ljava/lang/String;)V+10
j  UserMain$44.run()V+28
v  ~StubRoutines::call_stub

---------------  P R O C E S S  ---------------

Java Threads: ( => current thread )
=>0x09181800 JavaThread "Thread-5" [_thread_in_vm, id=25426, stack(0x061e2000,0x06233000)]
  0x0927f400 JavaThread "Thread-4" [_thread_in_native, id=25345, stack(0x0576f000,0x05f70000)]
  0x09161800 JavaThread "Thread-3" [_thread_in_native, id=25346, stack(0x066fd000,0x06efe000)]
  0xb771f000 JavaThread "Thread-2" [_thread_blocked, id=25401, stack(0x06191000,0x061e2000)]
  0xb772e400 JavaThread "AWT-EventQueue-1" [_thread_blocked, id=25388, stack(0x05fc1000,0x06012000)]
  0xb772a000 JavaThread "AWT-Shutdown" [_thread_blocked, id=25387, stack(0x05f70000,0x05fc1000)]
  0x09227400 JavaThread "AWT-XAWT" daemon [_thread_in_native, id=25342, stack(0x066ac000,0x066fd000)]
  0x091b7800 JavaThread "Java2D Disposer" daemon [_thread_blocked, id=25341, stack(0x00ca2000,0x00cf3000)]
  0x090ee000 JavaThread "Low Memory Detector" daemon [_thread_blocked, id=25339, stack(0x008b4000,0x00905000)]
  0x090eb400 JavaThread "C2 CompilerThread1" daemon [_thread_blocked, id=25338, stack(0x00927000,0x009a8000)]
  0x090e9800 JavaThread "C2 CompilerThread0" daemon [_thread_blocked, id=25337, stack(0x0081e000,0x0089f000)]
  0x090e8000 JavaThread "Signal Dispatcher" daemon [_thread_blocked, id=25336, stack(0x00594000,0x005e5000)]
  0x090dfc00 JavaThread "Finalizer" daemon [_thread_blocked, id=25335, stack(0x00a9b000,0x00aec000)]
  0x090de400 JavaThread "Reference Handler" daemon [_thread_blocked, id=25334, stack(0x00265000,0x002b6000)]
  0x09055c00 JavaThread "main" [_thread_in_native, id=25332, stack(0xbfc30000,0xbfc80000)]

Other Threads:
  0x090d4800 VMThread [stack: 0x00317000,0x00398000] [id=25333]
  0x090f0000 WatcherThread [stack: 0x00a15000,0x00a96000] [id=25340]

VM state:not at safepoint (normal execution)

VM Mutex/Monitor currently owned by a thread: None

Heap
 def new generation   total 4800K, used 3591K [0x6b310000, 0x6b840000, 0x75a60000)
  eden space 4288K,  71% used [0x6b310000, 0x6b611e58, 0x6b740000)
  from space 512K, 100% used [0x6b7c0000, 0x6b840000, 0x6b840000)
  to   space 512K,   0% used [0x6b740000, 0x6b740000, 0x6b7c0000)
 tenured generation   total 10752K, used 739K [0x75a60000, 0x764e0000, 0x8a910000)
   the space 10752K,   6% used [0x75a60000, 0x75b18d58, 0x75b18e00, 0x764e0000)
 compacting perm gen  total 16384K, used 986K [0x8a910000, 0x8b910000, 0x92910000)
   the space 16384K,   6% used [0x8a910000, 0x8aa06a40, 0x8aa06c00, 0x8b910000)
    ro space 10240K,  56% used [0x92910000, 0x92eae3d8, 0x92eae400, 0x93310000)
    rw space 12288K,  62% used [0x93310000, 0x93a9d090, 0x93a9d200, 0x93f10000)

Card table byte_map: [0x04ac1000,0x04c08000] byte_map_base: 0x04767780

Polling page: 0x0060b000

Code Cache  [0x01ac1000, 0x01d01000, 0x04ac1000)
 total_blobs=301 nmethods=66 adapters=188 free_code_cache=48716Kb largest_free_block=49861440

Compilation events (10 events):
Event: 321.047 Thread 0x090eb400   60             sun.reflect.ClassFileAssembler::emitByte (11 bytes)
Event: 321.050 Thread 0x090e9800   61             sun.reflect.ByteVectorImpl::add (38 bytes)
Event: 321.053 Thread 0x090e9800 nmethod 61 0x01b301c8 code [0x01b302c0, 0x01b3037c]
Event: 321.057 Thread 0x090eb400 nmethod 60 0x01b2fe48 code [0x01b2ff60, 0x01b3005c]
Event: 343.083 Thread 0x090e9800   62             java.lang.String::getChars (66 bytes)
Event: 343.090 Thread 0x090e9800 nmethod 62 0x01b2fa88 code [0x01b2fb80, 0x01b2fcf0]
Event: 395.244 Thread 0x090eb400   63             sun.font.CompositeGlyphMapper::charsToGlyphsNS (158 bytes)
Event: 395.249 Thread 0x090e9800   64             sun.font.FileFontStrike::getSlot0GlyphImagePtrs (128 bytes)
Event: 395.282 Thread 0x090eb400 nmethod 63 0x01b289c8 code [0x01b28ae0, 0x01b28e84]
Event: 395.299 Thread 0x090e9800 nmethod 64 0x01b2e248 code [0x01b2e3a0, 0x01b2e8f0]

GC Heap History (2 events):
Event: 206.189 GC heap before
{Heap before GC invocations=0 (full 0):
 def new generation   total 4800K, used 4288K [0x6b310000, 0x6b840000, 0x75a60000)
  eden space 4288K, 100% used [0x6b310000, 0x6b740000, 0x6b740000)
  from space 512K,   0% used [0x6b740000, 0x6b740000, 0x6b7c0000)
  to   space 512K,   0% used [0x6b7c0000, 0x6b7c0000, 0x6b840000)
 tenured generation   total 10752K, used 0K [0x75a60000, 0x764e0000, 0x8a910000)
   the space 10752K,   0% used [0x75a60000, 0x75a60000, 0x75a60200, 0x764e0000)
 compacting perm gen  total 16384K, used 611K [0x8a910000, 0x8b910000, 0x92910000)
   the space 16384K,   3% used [0x8a910000, 0x8a9a8ce0, 0x8a9a8e00, 0x8b910000)
    ro space 10240K,  56% used [0x92910000, 0x92eae3d8, 0x92eae400, 0x93310000)
    rw space 12288K,  62% used [0x93310000, 0x93a9d090, 0x93a9d200, 0x93f10000)
Event: 206.217 GC heap after
Heap after GC invocations=1 (full 0):
 def new generation   total 4800K, used 512K [0x6b310000, 0x6b840000, 0x75a60000)
  eden space 4288K,   0% used [0x6b310000, 0x6b310000, 0x6b740000)
  from space 512K, 100% used [0x6b7c0000, 0x6b840000, 0x6b840000)
  to   space 512K,   0% used [0x6b740000, 0x6b740000, 0x6b7c0000)
 tenured generation   total 10752K, used 739K [0x75a60000, 0x764e0000, 0x8a910000)
   the space 10752K,   6% used [0x75a60000, 0x75b18d58, 0x75b18e00, 0x764e0000)
 compacting perm gen  total 16384K, used 611K [0x8a910000, 0x8b910000, 0x92910000)
   the space 16384K,   3% used [0x8a910000, 0x8a9a8ce0, 0x8a9a8e00, 0x8b910000)
    ro space 10240K,  56% used [0x92910000, 0x92eae3d8, 0x92eae400, 0x93310000)
    rw space 12288K,  62% used [0x93310000, 0x93a9d090, 0x93a9d200, 0x93f10000)
}

Deoptimization events (10 events):
Event: 0.283 Thread 0x09055c00 Uncommon trap -34 fr.pc 0x01b0ec8c
Event: 0.283 Thread 0x09055c00 Uncommon trap -34 fr.pc 0x01b0ec8c
Event: 0.285 Thread 0x09055c00 Uncommon trap -34 fr.pc 0x01b0ec8c
Event: 0.303 Thread 0x09055c00 Uncommon trap -34 fr.pc 0x01b0ec8c
Event: 205.617 Thread 0x09055c00 Uncommon trap -34 fr.pc 0x01b1d3b0
Event: 205.840 Thread 0x09055c00 Uncommon trap -34 fr.pc 0x01b11d1c
Event: 206.157 Thread 0x09055c00 Uncommon trap -34 fr.pc 0x01b11d1c
Event: 206.157 Thread 0x09055c00 Uncommon trap -34 fr.pc 0x01b11d1c
Event: 206.157 Thread 0x09055c00 Uncommon trap -34 fr.pc 0x01b11d1c
Event: 361.359 Thread 0x09161800 Uncommon trap -83 fr.pc 0x01b26078

Internal exceptions (10 events):
Event: 207.876 Thread 0x09055c00 Threw 0x6b4293f0 at /build/buildd/openjdk-6-6b33-1.13.5/build/openjdk/hotspot/src/share/vm/prims/jvm.cpp:1272
Event: 207.880 Thread 0xb772e400 Threw 0x6b469ea8 at /build/buildd/openjdk-6-6b33-1.13.5/build/openjdk/hotspot/src/share/vm/prims/jni.cpp:742
Event: 361.572 Thread 0x09161800 Threw 0x6b5771e8 at /build/buildd/openjdk-6-6b33-1.13.5/build/openjdk/hotspot/src/share/vm/classfile/systemDictionary.cpp:179
Event: 361.573 Thread 0x09161800 Threw 0x6b577470 at /build/buildd/openjdk-6-6b33-1.13.5/build/openjdk/hotspot/src/share/vm/prims/jvm.cpp:1272
Event: 361.617 Thread 0x09161800 Threw 0x6b579648 at /build/buildd/openjdk-6-6b33-1.13.5/build/openjdk/hotspot/src/share/vm/classfile/systemDictionary.cpp:179
Event: 361.617 Thread 0x09161800 Threw 0x6b5798d0 at /build/buildd/openjdk-6-6b33-1.13.5/build/openjdk/hotspot/src/share/vm/prims/jvm.cpp:1272
Event: 399.455 Thread 0x09055c00 Threw 0x6b482708 at /build/buildd/openjdk-6-6b33-1.13.5/build/openjdk/hotspot/src/share/vm/classfile/systemDictionary.cpp:179
Event: 399.455 Thread 0x09055c00 Threw 0x6b482a50 at /build/buildd/openjdk-6-6b33-1.13.5/build/openjdk/hotspot/src/share/vm/prims/jvm.cpp:1272
Event: 399.459 Thread 0x09055c00 Threw 0x6b5db980 at /build/buildd/openjdk-6-6b33-1.13.5/build/openjdk/hotspot/src/share/vm/classfile/systemDictionary.cpp:179
Event: 399.459 Thread 0x09055c00 Threw 0x6b5dbcc8 at /build/buildd/openjdk-6-6b33-1.13.5/build/openjdk/hotspot/src/share/vm/prims/jvm.cpp:1272

Events (10 events):
Event: 361.619 Executing VM operation: RevokeBias
Event: 361.619 Executing VM operation: RevokeBias done
Event: 361.621 Thread 0x0927f400 Thread added: 0x0927f400
Event: 361.622 Executing VM operation: BulkRevokeBias
Event: 361.622 Executing VM operation: BulkRevokeBias done
Event: 399.455 loading class 0x091a6e60
Event: 399.455 loading class 0x091a6e60 done
Event: 399.459 loading class 0x091a6e00
Event: 399.459 loading class 0x091a6e00 done
Event: 399.481 Thread 0x09181800 Thread added: 0x09181800


Dynamic libraries:
00110000-00134000 r-xp 00000000 08:01 562610     /usr/lib/jvm/java-6-openjdk/jre/lib/i386/libjava.so
00134000-00135000 r-xp 00023000 08:01 562610     /usr/lib/jvm/java-6-openjdk/jre/lib/i386/libjava.so
00135000-00137000 rwxp 00024000 08:01 562610     /usr/lib/jvm/java-6-openjdk/jre/lib/i386/libjava.so
00137000-0014a000 r-xp 00000000 08:01 404379     /lib/tls/i686/cmov/libnsl-2.11.1.so
0014a000-0014b000 r-xp 00012000 08:01 404379     /lib/tls/i686/cmov/libnsl-2.11.1.so
0014b000-0014c000 rwxp 00013000 08:01 404379     /lib/tls/i686/cmov/libnsl-2.11.1.so
0014c000-00155000 rwxp 00000000 00:00 0 
00155000-00156000 r-xs 00000000 08:01 808842     /var/cache/fontconfig/4794a0821666d79190d59a36cb4f44b5-le32d4.cache-3
00156000-00157000 rwxp 00000000 00:00 0 
00157000-0015f000 r-xp 00000000 08:01 393469     /lib/tls/i686/cmov/libnss_nis-2.11.1.so
0015f000-00160000 r-xp 00007000 08:01 393469     /lib/tls/i686/cmov/libnss_nis-2.11.1.so
00160000-00161000 rwxp 00008000 08:01 393469     /lib/tls/i686/cmov/libnss_nis-2.11.1.so
00161000-00168000 r-xs 00063000 08:01 941466     /home/bright/Desktop/Project/webserver/node_modules/java/commons-lang3-node-java.jar
00168000-00170000 r-xp 00000000 08:01 135492     /usr/lib/libXrender.so.1.3.0
00170000-00171000 r-xp 00007000 08:01 135492     /usr/lib/libXrender.so.1.3.0
00171000-00172000 rwxp 00008000 08:01 135492     /usr/lib/libXrender.so.1.3.0
00172000-00176000 r-xp 00000000 08:01 132443     /usr/lib/libXtst.so.6.1.0
00176000-00177000 r-xp 00004000 08:01 132443     /usr/lib/libXtst.so.6.1.0
00177000-00178000 rwxp 00005000 08:01 132443     /usr/lib/libXtst.so.6.1.0
00178000-00185000 r-xp 00000000 08:01 133949     /usr/lib/libXi.so.6.1.0
00185000-00186000 r-xp 0000c000 08:01 133949     /usr/lib/libXi.so.6.1.0
00186000-00187000 rwxp 0000d000 08:01 133949     /usr/lib/libXi.so.6.1.0
00187000-0018b000 r-xp 00000000 08:01 133944     /usr/lib/libXdmcp.so.6.0.0
0018b000-0018c000 r-xp 00003000 08:01 133944     /usr/lib/libXdmcp.so.6.0.0
0018c000-0018d000 rwxp 00004000 08:01 133944     /usr/lib/libXdmcp.so.6.0.0
0018d000-00190000 r-xs 00000000 08:01 804298     /var/cache/fontconfig/7ef2298fde41cc6eeb7af42e48b7d293-le32d4.cache-3
00190000-00192000 r-xs 00000000 08:01 798840     /var/cache/fontconfig/e13b20fdb08344e0e664864cc2ede53d-le32d4.cache-3
00192000-0019a000 r-xs 00000000 08:01 804305     /var/cache/fontconfig/d52a8644073d54c13679302ca1180695-le32d4.cache-3
0019a000-001c6000 r-xp 00000000 08:01 1182846    /home/bright/Desktop/Project/webserver/node_modules/java/build/Release/nodejavabridge_bindings.node
001c6000-001c7000 r-xp 0002b000 08:01 1182846    /home/bright/Desktop/Project/webserver/node_modules/java/build/Release/nodejavabridge_bindings.node
001c7000-001c8000 rwxp 0002c000 08:01 1182846    /home/bright/Desktop/Project/webserver/node_modules/java/build/Release/nodejavabridge_bindings.node
001c8000-001d1000 rwxp 00000000 00:00 0 
001d1000-00209000 rwxp 00000000 00:00 0 
00209000-00221000 r-xp 00000000 08:01 134143     /usr/lib/libxcb.so.1.1.0
00221000-00222000 r-xp 00017000 08:01 134143     /usr/lib/libxcb.so.1.1.0
00222000-00223000 rwxp 00018000 08:01 134143     /usr/lib/libxcb.so.1.1.0
00223000-0022e000 r-xs 00000000 08:01 804287     /var/cache/fontconfig/0f34bcd4b6ee430af32735b75db7f02b-le32d4.cache-3
0022e000-00232000 r-xs 00000000 08:01 804301     /var/cache/fontconfig/a755afe4a08bf5b97852ceb7400b47bc-le32d4.cache-3
00232000-00233000 r-xs 00000000 08:01 804294     /var/cache/fontconfig/6a53c69dea097a2d716e069445527da8-le32d4.cache-3
00233000-00234000 r-xs 00000000 08:01 804286     /var/cache/fontconfig/0d8c3b2ac0904cb8a57a757ad11a4a08-le32d4.cache-3
00234000-00235000 r-xs 00000000 08:01 804292     /var/cache/fontconfig/4c73fe0c47614734b17d736dbde7580a-le32d4.cache-3
00235000-00238000 r-xs 00000000 08:01 804296     /var/cache/fontconfig/6eb3985aa4124903f6ff08ba781cd364-le32d4.cache-3
00238000-00239000 r-xs 00000000 08:01 804310     /var/cache/fontconfig/e7071f4a29fa870f4323321c154eba04-le32d4.cache-3
00239000-0023c000 r-xs 00000000 08:01 804309     /var/cache/fontconfig/e383d7ea5fbe662a33d9b44caf393297-le32d4.cache-3
0023c000-0023e000 r-xs 00000000 08:01 804300     /var/cache/fontconfig/99e8ed0e538f840c565b6ed5dad60d56-le32d4.cache-3
0023e000-0023f000 r-xs 00000000 08:01 804302     /var/cache/fontconfig/c05880de57d1f5e948fdfacc138775d9-le32d4.cache-3
0023f000-00242000 r-xs 00000000 08:01 804298     /var/cache/fontconfig/7ef2298fde41cc6eeb7af42e48b7d293-le32d4.cache-3
00242000-00244000 r-xs 00000000 08:01 798840     /var/cache/fontconfig/e13b20fdb08344e0e664864cc2ede53d-le32d4.cache-3
00244000-00245000 r-xs 00000000 08:01 808842     /var/cache/fontconfig/4794a0821666d79190d59a36cb4f44b5-le32d4.cache-3
00245000-00246000 r-xs 00000000 08:01 804294     /var/cache/fontconfig/6a53c69dea097a2d716e069445527da8-le32d4.cache-3
00246000-00263000 r-xp 00000000 08:01 262155     /lib/libgcc_s.so.1
00263000-00264000 r-xp 0001c000 08:01 262155     /lib/libgcc_s.so.1
00264000-00265000 rwxp 0001d000 08:01 262155     /lib/libgcc_s.so.1
00265000-00268000 ---p 00000000 00:00 0 
00268000-002b6000 rwxp 00000000 00:00 0 
002b6000-002be000 r-xs 00000000 08:01 804305     /var/cache/fontconfig/d52a8644073d54c13679302ca1180695-le32d4.cache-3
002be000-002c1000 r-xs 00000000 08:01 804306     /var/cache/fontconfig/d60319d88cac85ba9e1a07bd06cfbb8c-le32d4.cache-3
002c1000-002cc000 r-xs 00000000 08:01 804287     /var/cache/fontconfig/0f34bcd4b6ee430af32735b75db7f02b-le32d4.cache-3
002cc000-002d3000 r-xs 00000000 08:01 812635     /var/cache/fontconfig/6d41288fd70b0be22e8c3a91e032eec0-le32d4.cache-3
002d3000-002d4000 r-xs 00000000 08:01 804286     /var/cache/fontconfig/0d8c3b2ac0904cb8a57a757ad11a4a08-le32d4.cache-3
002d4000-002d5000 r-xs 00000000 08:01 804292     /var/cache/fontconfig/4c73fe0c47614734b17d736dbde7580a-le32d4.cache-3
002d5000-002e8000 r-xp 00000000 08:01 262350     /lib/libz.so.1.2.3.3
002e8000-002e9000 r-xp 00012000 08:01 262350     /lib/libz.so.1.2.3.3
002e9000-002ea000 rwxp 00013000 08:01 262350     /lib/libz.so.1.2.3.3
002ea000-002f1000 r-xs 00054000 08:01 559213     /usr/lib/jvm/java-6-openjdk/jre/lib/resources.jar
002f1000-002f7000 r-xs 00048000 08:01 1181670    /home/bright/Desktop/Project/phrapp-0.30/bin/commons-lang3-3.1.jar
002f7000-002f9000 r-xs 00005000 08:01 1181671    /home/bright/Desktop/Project/phrapp-0.30/bin/paillier.jar
002f9000-002fa000 rwxp 00000000 00:00 0 
00300000-00308000 r-xp 00000000 08:01 133940     /usr/lib/libXcursor.so.1.0.2
00308000-00309000 r-xp 00007000 08:01 133940     /usr/lib/libXcursor.so.1.0.2
00309000-0030a000 rwxp 00008000 08:01 133940     /usr/lib/libXcursor.so.1.0.2
0030a000-0030e000 r-xp 00000000 08:01 133948     /usr/lib/libXfixes.so.3.1.0
0030e000-0030f000 r-xp 00003000 08:01 133948     /usr/lib/libXfixes.so.3.1.0
0030f000-00310000 rwxp 00004000 08:01 133948     /usr/lib/libXfixes.so.3.1.0
00312000-00315000 r-xs 00000000 08:01 804296     /var/cache/fontconfig/6eb3985aa4124903f6ff08ba781cd364-le32d4.cache-3
00315000-00317000 rwxp 00000000 00:00 0 
00317000-00318000 ---p 00000000 00:00 0 
00318000-00398000 rwxp 00000000 00:00 0 
00398000-0039c000 r-xs 00000000 08:01 804301     /var/cache/fontconfig/a755afe4a08bf5b97852ceb7400b47bc-le32d4.cache-3
0039c000-0039d000 r-xs 00000000 08:01 804310     /var/cache/fontconfig/e7071f4a29fa870f4323321c154eba04-le32d4.cache-3
0039d000-003a0000 r-xs 00000000 08:01 804309     /var/cache/fontconfig/e383d7ea5fbe662a33d9b44caf393297-le32d4.cache-3
003a0000-003a9000 rwxp 00000000 00:00 0 
003a9000-00460000 rwxp 00000000 00:00 0 
00460000-00466000 rwxp 00000000 00:00 0 
00466000-00508000 rwxp 00000000 00:00 0 
00508000-00547000 r-xp 00000000 08:01 139127     /usr/lib/locale/en_US.utf8/LC_CTYPE
00547000-00549000 r-xs 00000000 08:01 804300     /var/cache/fontconfig/99e8ed0e538f840c565b6ed5dad60d56-le32d4.cache-3
00549000-0054f000 r-xs 00000000 08:01 804299     /var/cache/fontconfig/945677eb7aeaf62f1d50efc3fb3ec7d8-le32d4.cache-3
0054f000-00554000 rwxs 00000000 00:04 18350100   /SYSV00000000 (deleted)
00555000-00561000 r-xp 00000000 08:01 562640     /usr/lib/jvm/java-6-openjdk/jre/lib/i386/libverify.so
00561000-00562000 r-xp 0000b000 08:01 562640     /usr/lib/jvm/java-6-openjdk/jre/lib/i386/libverify.so
00562000-00563000 rwxp 0000c000 08:01 562640     /usr/lib/jvm/java-6-openjdk/jre/lib/i386/libverify.so
00563000-0056a000 r-xp 00000000 08:01 562639     /usr/lib/jvm/java-6-openjdk/jre/lib/i386/libnio.so
0056a000-0056b000 r-xp 00006000 08:01 562639     /usr/lib/jvm/java-6-openjdk/jre/lib/i386/libnio.so
0056b000-0056c000 rwxp 00007000 08:01 562639     /usr/lib/jvm/java-6-openjdk/jre/lib/i386/libnio.so
0056e000-00592000 r-xp 00000000 08:01 393462     /lib/tls/i686/cmov/libm-2.11.1.so
00592000-00593000 r-xp 00023000 08:01 393462     /lib/tls/i686/cmov/libm-2.11.1.so
00593000-00594000 rwxp 00024000 08:01 393462     /lib/tls/i686/cmov/libm-2.11.1.so
00594000-00597000 ---p 00000000 00:00 0 
00597000-005e5000 rwxp 00000000 00:00 0 
005e5000-00602000 r-xs 00151000 08:01 1181669    /home/bright/Desktop/Project/phrapp-0.30/bin/swingx-all-1.6.3.jar
0060b000-0060c000 r-xp 00000000 00:00 0 
0060c000-00652000 r-xp 00000000 08:01 562755     /usr/lib/jvm/java-6-openjdk/jre/lib/i386/xawt/libmawt.so
00652000-00653000 r-xp 00045000 08:01 562755     /usr/lib/jvm/java-6-openjdk/jre/lib/i386/xawt/libmawt.so
00653000-00655000 rwxp 00046000 08:01 562755     /usr/lib/jvm/java-6-openjdk/jre/lib/i386/xawt/libmawt.so
00655000-00656000 rwxp 00000000 00:00 0 
00656000-0066b000 r-xp 00000000 08:01 562626     /usr/lib/jvm/java-6-openjdk/jre/lib/i386/libnet.so
0066b000-0066c000 r-xp 00014000 08:01 562626     /usr/lib/jvm/java-6-openjdk/jre/lib/i386/libnet.so
0066c000-0066d000 rwxp 00015000 08:01 562626     /usr/lib/jvm/java-6-openjdk/jre/lib/i386/libnet.so
00676000-00679000 r-xs 00000000 08:01 804306     /var/cache/fontconfig/d60319d88cac85ba9e1a07bd06cfbb8c-le32d4.cache-3
00684000-00685000 r-xp 00000000 00:00 0          [vdso]
006b8000-006cd000 r-xp 00000000 08:01 404371     /lib/tls/i686/cmov/libpthread-2.11.1.so
006cd000-006ce000 r-xp 00014000 08:01 404371     /lib/tls/i686/cmov/libpthread-2.11.1.so
006ce000-006cf000 rwxp 00015000 08:01 404371     /lib/tls/i686/cmov/libpthread-2.11.1.so
006cf000-006d1000 rwxp 00000000 00:00 0 
006d1000-00722000 r-xp 00000000 08:01 562607     /usr/lib/jvm/java-6-openjdk/jre/lib/i386/libfontmanager.so
00722000-00723000 r-xp 00051000 08:01 562607     /usr/lib/jvm/java-6-openjdk/jre/lib/i386/libfontmanager.so
00723000-00724000 rwxp 00052000 08:01 562607     /usr/lib/jvm/java-6-openjdk/jre/lib/i386/libfontmanager.so
00729000-00812000 r-xp 00000000 08:01 150990     /usr/lib/libstdc++.so.6.0.13
00812000-00816000 r-xp 000e9000 08:01 150990     /usr/lib/libstdc++.so.6.0.13
00816000-00817000 rwxp 000ed000 08:01 150990     /usr/lib/libstdc++.so.6.0.13
00817000-0081e000 rwxp 00000000 00:00 0 
0081e000-00821000 ---p 00000000 00:00 0 
00821000-0089f000 rwxp 00000000 00:00 0 
008b4000-008b7000 ---p 00000000 00:00 0 
008b7000-00905000 rwxp 00000000 00:00 0 
0091e000-00925000 r-xp 00000000 08:01 393459     /lib/tls/i686/cmov/librt-2.11.1.so
00925000-00926000 r-xp 00006000 08:01 393459     /lib/tls/i686/cmov/librt-2.11.1.so
00926000-00927000 rwxp 00007000 08:01 393459     /lib/tls/i686/cmov/librt-2.11.1.so
00927000-0092a000 ---p 00000000 00:00 0 
0092a000-009a8000 rwxp 00000000 00:00 0 
009de000-009f9000 r-xp 00000000 08:01 275367     /lib/ld-2.11.1.so
009f9000-009fa000 r-xp 0001a000 08:01 275367     /lib/ld-2.11.1.so
009fa000-009fb000 rwxp 0001b000 08:01 275367     /lib/ld-2.11.1.so
00a0f000-00a15000 rwxp 00000000 00:00 0 
00a15000-00a16000 ---p 00000000 00:00 0 
00a16000-00a96000 rwxp 00000000 00:00 0 
00a9b000-00a9e000 ---p 00000000 00:00 0 
00a9e000-00aec000 rwxp 00000000 00:00 0 
00b0c000-00b16000 r-xp 00000000 08:01 393461     /lib/tls/i686/cmov/libnss_files-2.11.1.so
00b16000-00b17000 r-xp 00009000 08:01 393461     /lib/tls/i686/cmov/libnss_files-2.11.1.so
00b17000-00b18000 rwxp 0000a000 08:01 393461     /lib/tls/i686/cmov/libnss_files-2.11.1.so
00b18000-00b89000 r-xp 00000000 08:01 134481     /usr/lib/libfreetype.so.6.3.22
00b89000-00b8d000 r-xp 00070000 08:01 134481     /usr/lib/libfreetype.so.6.3.22
00b8d000-00b8e000 rwxp 00074000 08:01 134481     /usr/lib/libfreetype.so.6.3.22
00b96000-00b9d000 r-xs 00000000 08:01 812635     /var/cache/fontconfig/6d41288fd70b0be22e8c3a91e032eec0-le32d4.cache-3
00ba3000-00ba4000 rwxp 00000000 00:00 0 
00baf000-00bb0000 rwxp 00000000 00:00 0 
00bb7000-00bb9000 r-xp 00000000 08:01 404375     /lib/tls/i686/cmov/libdl-2.11.1.so
00bb9000-00bba000 r-xp 00001000 08:01 404375     /lib/tls/i686/cmov/libdl-2.11.1.so
00bba000-00bbb000 rwxp 00002000 08:01 404375     /lib/tls/i686/cmov/libdl-2.11.1.so
00bd5000-00bdc000 r-xp 00000000 08:01 562624     /usr/lib/jvm/java-6-openjdk/jre/lib/i386/libzip.so
00bdc000-00bdd000 r-xp 00006000 08:01 562624     /usr/lib/jvm/java-6-openjdk/jre/lib/i386/libzip.so
00bdd000-00bde000 rwxp 00007000 08:01 562624     /usr/lib/jvm/java-6-openjdk/jre/lib/i386/libzip.so
00be0000-00be1000 r-xs 00000000 08:01 804302     /var/cache/fontconfig/c05880de57d1f5e948fdfacc138775d9-le32d4.cache-3
00be3000-00bf1000 r-xp 00000000 08:01 134245     /usr/lib/libXext.so.6.4.0
00bf1000-00bf2000 r-xp 0000d000 08:01 134245     /usr/lib/libXext.so.6.4.0
00bf2000-00bf3000 rwxp 0000e000 08:01 134245     /usr/lib/libXext.so.6.4.0
00c28000-00c29000 rwxp 00000000 00:00 0 
00c3d000-00c3f000 r-xp 00000000 08:01 133933     /usr/lib/libXau.so.6.0.0
00c3f000-00c40000 r-xp 00001000 08:01 133933     /usr/lib/libXau.so.6.0.0
00c40000-00c41000 rwxp 00002000 08:01 133933     /usr/lib/libXau.so.6.0.0
00c5e000-00c64000 r-xp 00000000 08:01 404381     /lib/tls/i686/cmov/libnss_compat-2.11.1.so
00c64000-00c65000 r-xp 00006000 08:01 404381     /lib/tls/i686/cmov/libnss_compat-2.11.1.so
00c65000-00c66000 rwxp 00007000 08:01 404381     /lib/tls/i686/cmov/libnss_compat-2.11.1.so
00c94000-00c9b000 r-xs 00000000 08:01 151156     /usr/lib/gconv/gconv-modules.cache
00ca0000-00ca2000 r-xs 0000f000 08:01 559195     /usr/lib/jvm/java-6-openjdk/jre/lib/ext/pulse-java.jar
00ca2000-00ca5000 ---p 00000000 00:00 0 
00ca5000-00cf3000 rwxp 00000000 00:00 0 
00d1a000-00d20000 r-xs 00000000 08:01 804299     /var/cache/fontconfig/945677eb7aeaf62f1d50efc3fb3ec7d8-le32d4.cache-3
00d27000-00d28000 rwxp 00000000 00:00 0 
00d29000-00d31000 rwxs 00000000 08:01 662187     /tmp/hsperfdata_bright/25332
00d59000-00eb5000 r-xp 00000000 08:01 404373     /lib/tls/i686/cmov/libc-2.11.1.so
00eb5000-00eb7000 r-xp 0015b000 08:01 404373     /lib/tls/i686/cmov/libc-2.11.1.so
00eb7000-00eb8000 rwxp 0015d000 08:01 404373     /lib/tls/i686/cmov/libc-2.11.1.so
00eb8000-00ebb000 rwxp 00000000 00:00 0 
00ebb000-0164a000 r-xp 00000000 08:01 562603     /usr/lib/jvm/java-6-openjdk/jre/lib/i386/server/libjvm.so
0164a000-01691000 r-xp 0078e000 08:01 562603     /usr/lib/jvm/java-6-openjdk/jre/lib/i386/server/libjvm.so
01691000-016a5000 rwxp 007d5000 08:01 562603     /usr/lib/jvm/java-6-openjdk/jre/lib/i386/server/libjvm.so
016a5000-01d01000 rwxp 00000000 00:00 0 
01d01000-04ac1000 rwxp 00000000 00:00 0 
04ac1000-04ac4000 rwxp 00000000 00:00 0 
04ac4000-04b14000 rwxp 00000000 00:00 0 
04b14000-04b1a000 rwxp 00000000 00:00 0 
04b1a000-04bbc000 rwxp 00000000 00:00 0 
04bbc000-04bc4000 rwxp 00000000 00:00 0 
04bc4000-04bfc000 rwxp 00000000 00:00 0 
04bfc000-04c08000 rwxp 00000000 00:00 0 
04c08000-04d9f000 r-xs 01a18000 08:01 562598     /usr/lib/jvm/java-6-openjdk/jre/lib/rt.jar
04d9f000-04e25000 r-xp 00000000 08:01 562617     /usr/lib/jvm/java-6-openjdk/jre/lib/i386/libawt.so
04e25000-04e26000 r-xp 00086000 08:01 562617     /usr/lib/jvm/java-6-openjdk/jre/lib/i386/libawt.so
04e26000-04e2d000 rwxp 00087000 08:01 562617     /usr/lib/jvm/java-6-openjdk/jre/lib/i386/libawt.so
04e2d000-04e51000 rwxp 00000000 00:00 0 
04e51000-04f6a000 r-xp 00000000 08:01 134939     /usr/lib/libX11.so.6.3.0
04f6a000-04f6b000 r-xp 00118000 08:01 134939     /usr/lib/libX11.so.6.3.0
04f6b000-04f6d000 rwxp 00119000 08:01 134939     /usr/lib/libX11.so.6.3.0
04f6d000-04f6e000 rwxp 00000000 00:00 0 
04f6e000-04f6f000 ---p 00000000 00:00 0 
04f6f000-0576f000 rwxp 00000000 00:00 0 
0576f000-05772000 ---p 00000000 00:00 0 
05772000-05f70000 rwxp 00000000 00:00 0 
05f70000-05f73000 ---p 00000000 00:00 0 
05f73000-05fc1000 rwxp 00000000 00:00 0 
05fc1000-05fc4000 ---p 00000000 00:00 0 
05fc4000-06012000 rwxp 00000000 00:00 0 
06012000-0617e000 r-xp 00000000 08:01 1181706    /home/bright/Desktop/Project/phrapp-0.30/bin/libPHRapp_User_JNI.so
0617e000-0618e000 rwxp 0016c000 08:01 1181706    /home/bright/Desktop/Project/phrapp-0.30/bin/libPHRapp_User_JNI.so
0618e000-06191000 rwxp 00000000 00:00 0 
06191000-06194000 ---p 00000000 00:00 0 
06194000-061e2000 rwxp 00000000 00:00 0 
061e2000-061e5000 ---p 00000000 00:00 0 
061e5000-06233000 rwxp 00000000 00:00 0 
06294000-063e2000 r-xp 00000000 08:01 1181680    /home/bright/Desktop/Project/phrapp-0.30/bin/libPHRapp_Login_JNI.so
063e2000-063f2000 rwxp 0014d000 08:01 1181680    /home/bright/Desktop/Project/phrapp-0.30/bin/libPHRapp_Login_JNI.so
063f2000-065c8000 rwxp 00000000 00:00 0 
066ac000-066af000 ---p 00000000 00:00 0 
066af000-066fd000 rwxp 00000000 00:00 0 
066fd000-06700000 ---p 00000000 00:00 0 
06700000-06efe000 rwxp 00000000 00:00 0 
06efe000-06eff000 ---p 00000000 00:00 0 
06eff000-076ff000 rwxp 00000000 00:00 0 
08048000-08e2d000 r-xp 00000000 08:01 567688     /usr/local/bin/node
08e2d000-08e3c000 rwxp 00de5000 08:01 567688     /usr/local/bin/node
08e3c000-08e44000 rwxp 00000000 00:00 0 
08f9d000-0939a000 rwxp 00000000 00:00 0          [heap]
22f00000-22f09000 rwxp 00000000 00:00 0 
22f09000-22f0a000 ---p 00000000 00:00 0 
22f0a000-22f0b000 rwxp 00000000 00:00 0 
22f0b000-22f34000 ---p 00000000 00:00 0 
23f00000-23f09000 rwxp 00000000 00:00 0 
23f09000-23f0a000 ---p 00000000 00:00 0 
23f0a000-23fff000 rwxp 00000000 00:00 0 
23fff000-24000000 ---p 00000000 00:00 0 
26600000-26700000 rwxp 00000000 00:00 0 
292d4000-292e0000 ---p 00000000 00:00 0 
292e0000-292f0000 rwxp 00000000 00:00 0 
292f0000-29304000 ---p 00000000 00:00 0 
2a759000-2a75a000 r-xp 00000000 00:00 0 
2e500000-2e509000 rwxp 00000000 00:00 0 
2e509000-2e50a000 ---p 00000000 00:00 0 
2e50a000-2e5ff000 rwxp 00000000 00:00 0 
2e5ff000-2e600000 ---p 00000000 00:00 0 
2f400000-2f439000 rwxp 00000000 00:00 0 
2f700000-2f800000 rwxp 00000000 00:00 0 
30800000-30879000 rwxp 00000000 00:00 0 
33800000-33809000 rwxp 00000000 00:00 0 
33809000-3380a000 ---p 00000000 00:00 0 
3380a000-338ff000 rwxp 00000000 00:00 0 
338ff000-33900000 ---p 00000000 00:00 0 
34573000-345b3000 rwxp 00000000 00:00 0 
345b3000-34673000 ---p 00000000 00:00 0 
36f00000-37000000 rwxp 00000000 00:00 0 
37400000-37500000 rwxp 00000000 00:00 0 
38f00000-38f19000 rwxp 00000000 00:00 0 
3adb6000-3adb7000 r-xp 00000000 00:00 0 
3b200000-3b209000 rwxp 00000000 00:00 0 
3b209000-3b20a000 ---p 00000000 00:00 0 
3b20a000-3b20b000 rwxp 00000000 00:00 0 
3b20b000-3b234000 ---p 00000000 00:00 0 
3b800000-3b809000 rwxp 00000000 00:00 0 
3b809000-3b80a000 ---p 00000000 00:00 0 
3b80a000-3b882000 rwxp 00000000 00:00 0 
3b882000-3b883000 ---p 00000000 00:00 0 
41800000-41900000 rwxp 00000000 00:00 0 
42800000-42900000 rwxp 00000000 00:00 0 
42d00000-42d09000 rwxp 00000000 00:00 0 
42d09000-42d0a000 ---p 00000000 00:00 0 
42d0a000-42d0b000 rwxp 00000000 00:00 0 
42d0b000-42d34000 ---p 00000000 00:00 0 
44700000-44800000 rwxp 00000000 00:00 0 
46800000-46819000 rwxp 00000000 00:00 0 
52c00000-52d00000 rwxp 00000000 00:00 0 
54200000-54211000 rwxp 00000000 00:00 0 
56600000-56700000 rwxp 00000000 00:00 0 
5907a000-5947a000 rwxp 00000000 00:00 0 
6b310000-6b840000 rwxp 00000000 00:00 0 
6b840000-75a60000 rwxp 00000000 00:00 0 
75a60000-764e0000 rwxp 00000000 00:00 0 
764e0000-8a910000 rwxp 00000000 00:00 0 
8a910000-8b910000 rwxp 00000000 00:00 0 
8b910000-92910000 rwxp 00000000 00:00 0 
92910000-92eaf000 r-xp 00001000 08:01 562939     /usr/lib/jvm/java-6-openjdk/jre/lib/i386/server/classes.jsa
92eaf000-93310000 rwxp 00000000 00:00 0 
93310000-93a9e000 rwxp 005a0000 08:01 562939     /usr/lib/jvm/java-6-openjdk/jre/lib/i386/server/classes.jsa
93a9e000-93f10000 rwxp 00000000 00:00 0 
93f10000-94220000 rwxp 00d2e000 08:01 562939     /usr/lib/jvm/java-6-openjdk/jre/lib/i386/server/classes.jsa
94220000-94310000 rwxp 00000000 00:00 0 
94310000-94319000 r-xp 0103e000 08:01 562939     /usr/lib/jvm/java-6-openjdk/jre/lib/i386/server/classes.jsa
94319000-94710000 rwxp 00000000 00:00 0 
b6000000-b6800000 rwxp 00000000 00:00 0 
b6800000-b7000000 rwxp 00000000 00:00 0 
b7700000-b77fa000 rwxp 00000000 00:00 0 
b77fa000-b7800000 ---p 00000000 00:00 0 
bfc30000-bfc33000 ---p 00000000 00:00 0 
bfc34000-bfc80000 rwxp 00000000 00:00 0          [stack]

VM Arguments:
jvm_args: -Djava.library.path=../phrapp-0.30/bin/ -classpath *:../phrapp-0.30/bin/ 
java_command: <unknown>
Launcher Type: generic

Environment Variables:
PATH=/usr/local/sbin:/usr/local/bin:/usr/sbin:/usr/bin:/sbin:/bin:/usr/games:/usr/lib/jvm/java-6-openjdk/jre/lib/i386/cacao
USERNAME=bright
SHELL=/bin/bash
DISPLAY=:0.0

Signal Handlers:
SIGSEGV: [libjvm.so+0x718200], sa_mask[0]=0x7ffbfeff, sa_flags=0x10000004
SIGBUS: [libjvm.so+0x718200], sa_mask[0]=0x7ffbfeff, sa_flags=0x10000004
SIGFPE: [libjvm.so+0x5c9850], sa_mask[0]=0x7ffbfeff, sa_flags=0x10000004
SIGPIPE: [libjvm.so+0x5c9850], sa_mask[0]=0x7ffbfeff, sa_flags=0x10000004
SIGXFSZ: [libjvm.so+0x5c9850], sa_mask[0]=0x7ffbfeff, sa_flags=0x10000004
SIGILL: [libjvm.so+0x5c9850], sa_mask[0]=0x7ffbfeff, sa_flags=0x10000004
SIGUSR1: [+0x81fd50], sa_mask[0]=0x7ffbfeff, sa_flags=0x00000000
SIGUSR2: [libjvm.so+0x5c92d0], sa_mask[0]=0x00000000, sa_flags=0x10000004
SIGHUP: [libjvm.so+0x5cc8d0], sa_mask[0]=0x7ffbfeff, sa_flags=0x10000004
SIGINT: [libjvm.so+0x5cc8d0], sa_mask[0]=0x7ffbfeff, sa_flags=0x10000004
SIGTERM: [libjvm.so+0x5cc8d0], sa_mask[0]=0x7ffbfeff, sa_flags=0x10000004
SIGQUIT: [libjvm.so+0x5cc8d0], sa_mask[0]=0x7ffbfeff, sa_flags=0x10000004


---------------  S Y S T E M  ---------------

OS:Ubuntu 10.04 (lucid)
uname:Linux 2.6.32-38-generic #83-Ubuntu SMP Wed Jan 4 11:13:04 UTC 2012 i686
libc:glibc 2.11.1 NPTL 2.11.1 
rlimit: STACK 8192k, CORE 0k, NPROC infinity, NOFILE 1024, AS infinity
load average:0.74 0.51 0.61

/proc/meminfo:
MemTotal:        1025960 kB
MemFree:          109096 kB
Buffers:          117436 kB
Cached:           510428 kB
SwapCached:            0 kB
Active:           500132 kB
Inactive:         350916 kB
Active(anon):     223620 kB
Inactive(anon):     5348 kB
Active(file):     276512 kB
Inactive(file):   345568 kB
Unevictable:           0 kB
Mlocked:               0 kB
HighTotal:        139144 kB
HighFree:            252 kB
LowTotal:         886816 kB
LowFree:          108844 kB
SwapTotal:        916472 kB
SwapFree:         916472 kB
Dirty:                80 kB
Writeback:             0 kB
AnonPages:        223284 kB
Mapped:            94224 kB
Shmem:              5736 kB
Slab:              49504 kB
SReclaimable:      40244 kB
SUnreclaim:         9260 kB
KernelStack:        2584 kB
PageTables:         5732 kB
NFS_Unstable:          0 kB
Bounce:                0 kB
WritebackTmp:          0 kB
CommitLimit:     1429452 kB
Committed_AS:    1248392 kB
VmallocTotal:     122880 kB
VmallocUsed:        6980 kB
VmallocChunk:     109816 kB
HardwareCorrupted:     0 kB
HugePages_Total:       0
HugePages_Free:        0
HugePages_Rsvd:        0
HugePages_Surp:        0
Hugepagesize:       4096 kB
DirectMap4k:       16376 kB
DirectMap4M:      892928 kB


CPU:total 1 (1 cores per cpu, 1 threads per core) family 6 model 69 stepping 1, cmov, cx8, fxsr, mmx, sse, sse2, sse3, ssse3, sse4.1, sse4.2, popcnt, avx, tsc, tscinvbit

/proc/cpuinfo:
processor	: 0
vendor_id	: GenuineIntel
cpu family	: 6
model		: 69
model name	: Intel(R) Core(TM) i7-4510U CPU @ 2.00GHz
stepping	: 1
cpu MHz		: 2594.029
cache size	: 4096 KB
fdiv_bug	: no
hlt_bug		: no
f00f_bug	: no
coma_bug	: no
fpu		: yes
fpu_exception	: yes
cpuid level	: 13
wp		: yes
flags		: fpu vme de pse tsc msr pae mce cx8 apic mtrr pge mca cmov pat pse36 clflush dts mmx fxsr sse sse2 ss nx pdpe1gb rdtscp constant_tsc up arch_perfmon pebs bts xtopology tsc_reliable nonstop_tsc aperfmperf pni pclmulqdq ssse3 fma sse4_1 sse4_2 x2apic movbe popcnt aes xsave avx hypervisor ida arat
bogomips	: 5188.05
clflush size	: 64
cache_alignment	: 64
address sizes	: 40 bits physical, 48 bits virtual
power management:



Memory: 4k page, physical 1025960k(109096k free), swap 916472k(916472k free)

vm_info: OpenJDK Server VM (23.25-b01) for linux-x86 JRE (1.6.0_33-b33), built on Oct 15 2014 12:31:00 by "buildd" with gcc 4.4.3

time: Fri Oct 16 13:10:34 2015
elapsed time: 399 seconds

