#
# A fatal error has been detected by the Java Runtime Environment:
#
#  SIGSEGV (0xb) at pc=0x012c1949, pid=6161, tid=39320432
#
# JRE version: 6.0_33-b33
# Java VM: OpenJDK Server VM (23.25-b01 mixed mode, sharing linux-x86 )
# Derivative: IcedTea6 1.13.5
# Distribution: Ubuntu 10.04.1 LTS, package 6b33-1.13.5-1ubuntu0.10.04
# Problematic frame:
# V  [libjvm.so+0x414949]  jni_GetStringUTFChars+0x89
#
# Failed to write core dump. Core dumps have been disabled. To enable core dumping, try "ulimit -c unlimited" before starting Java again
#
# If you would like to submit a bug report, please include
# instructions how to reproduce the bug and visit:
#   https://bugs.launchpad.net/ubuntu/+source/openjdk-6/
#

---------------  T H R E A D  ---------------

Current thread (0x0a71ec00):  JavaThread "Thread-5" [_thread_in_vm, id=6172, stack(0x01d7f000,0x02580000)]

siginfo:si_signo=SIGSEGV: si_errno=0, si_code=1 (SEGV_MAPERR), si_addr=0x00000000

Registers:
EAX=0x00000000, EBX=0x01682ff4, ECX=0x00000000, EDX=0x00000000
ESP=0x0257ea30, EBP=0x0257ea88, ESI=0x0a71ec00, EDI=0x0a725a80
EIP=0x012c1949, EFLAGS=0x00010246, CR2=0x00000000

Top of Stack: (sp=0x0257ea30)
0x0257ea30:   0257ea5c 0a71ec00 016a3820 016a3820
0x0257ea40:   0a71dc08 0000003c 6b488cb8 0257ea5c
0x0257ea50:   012aae2e 0257eb20 014fd216 0a71ec00
0x0257ea60:   00000000 0257ec68 0a567ea0 0a71ec00
0x0257ea70:   012a458b 0257ea9c 0257eaa3 0a71ed28
0x0257ea80:   8a96c380 0a725a80 0257eac8 03e40fc8
0x0257ea90:   0a71ed28 00000000 00000000 0a71ec00
0x0257eaa0:   0057eb24 04b613d4 04b51b48 0257eb28 

Instructions: (pc=0x012c1949)
0x012c1929:   00 c7 86 64 01 00 00 06 00 00 00 8d 45 d4 89 45
0x012c1939:   c4 52 89 75 e4 52 56 50 e8 ea 45 01 00 8b 45 0c
0x012c1949:   8b 10 89 14 24 89 55 c0 e8 9a ff fe ff 8d 48 01
0x012c1959:   89 0c 24 89 4d bc e8 5c 17 1b 00 83 c4 10 89 c7 

Register to memory mapping:

EAX=0x00000000 is an unknown value
EBX=0x01682ff4: <offset 0x7d5ff4> in /usr/lib/jvm/java-6-openjdk/jre/lib/i386/server/libjvm.so at 0x00ead000
ECX=0x00000000 is an unknown value
EDX=0x00000000 is an unknown value
ESP=0x0257ea30 is pointing into the stack for thread: 0x0a71ec00
EBP=0x0257ea88 is pointing into the stack for thread: 0x0a71ec00
ESI=0x0a71ec00 is a thread
EDI=0x0a725a80 is an unknown value


Stack: [0x01d7f000,0x02580000],  sp=0x0257ea30,  free space=8190k
Native frames: (J=compiled Java code, j=interpreted, Vv=VM code, C=native code)
V  [libjvm.so+0x414949]  jni_GetStringUTFChars+0x89
C  [libPHRapp_User_JNI.so+0x6cfc8]  Java_UserMain_encrypt_1phr_1main+0x48
j  UserMain.encrypt_phr_main(Ljava/lang/String;Ljava/lang/String;)Z+0
j  UserMain.perform_phr_uploading_transaction(Ljava/lang/String;Ljava/lang/String;Ljava/lang/String;Ljava/lang/String;Ljava/lang/String;Ljava/lang/String;)V+481
j  UserMain.uploadSelfPHR(Ljava/lang/String;Ljava/lang/String;Ljava/lang/String;Ljava/lang/String;Ljava/lang/String;Ljava/lang/String;)Z+10
v  ~StubRoutines::call_stub
V  [libjvm.so+0x401bd4]  JavaCalls::call_helper(JavaValue*, methodHandle*, JavaCallArguments*, Thread*)+0x314
V  [libjvm.so+0x5c7de9]  os::os_exception_wrapper(void (*)(JavaValue*, methodHandle*, JavaCallArguments*, Thread*), JavaValue*, methodHandle*, JavaCallArguments*, Thread*)+0x19
V  [libjvm.so+0x40080f]  JavaCalls::call(JavaValue*, methodHandle, JavaCallArguments*, Thread*)+0x2f
V  [libjvm.so+0x635a31]  Reflection::invoke(instanceKlassHandle, methodHandle, Handle, bool, objArrayHandle, BasicType, objArrayHandle, bool, Thread*)+0x3a1
V  [libjvm.so+0x636857]  Reflection::invoke_method(oopDesc*, Handle, objArrayHandle, Thread*)+0x147
V  [libjvm.so+0x4528ee]  JVM_InvokeMethod+0x20e
C  [libjava.so+0x15f72]  Java_sun_reflect_NativeMethodAccessorImpl_invoke0+0x32
j  sun.reflect.NativeMethodAccessorImpl.invoke0(Ljava/lang/reflect/Method;Ljava/lang/Object;[Ljava/lang/Object;)Ljava/lang/Object;+0
j  sun.reflect.NativeMethodAccessorImpl.invoke(Ljava/lang/Object;[Ljava/lang/Object;)Ljava/lang/Object;+87
j  sun.reflect.DelegatingMethodAccessorImpl.invoke(Ljava/lang/Object;[Ljava/lang/Object;)Ljava/lang/Object;+6
j  java.lang.reflect.Method.invoke(Ljava/lang/Object;[Ljava/lang/Object;)Ljava/lang/Object;+161
v  ~StubRoutines::call_stub
V  [libjvm.so+0x401bd4]  JavaCalls::call_helper(JavaValue*, methodHandle*, JavaCallArguments*, Thread*)+0x314
V  [libjvm.so+0x5c7de9]  os::os_exception_wrapper(void (*)(JavaValue*, methodHandle*, JavaCallArguments*, Thread*), JavaValue*, methodHandle*, JavaCallArguments*, Thread*)+0x19
V  [libjvm.so+0x40080f]  JavaCalls::call(JavaValue*, methodHandle, JavaCallArguments*, Thread*)+0x2f
V  [libjvm.so+0x40dd5c]  jni_invoke_nonstatic(JNIEnv_*, JavaValue*, _jobject*, JNICallType, _jmethodID*, JNI_ArgumentPusher*, Thread*)+0x27c
V  [libjvm.so+0x41ea0d]  jni_CallObjectMethodV+0xbd
C  [nodejavabridge_bindings.node+0xf289]  JNIEnv_::CallObjectMethod(_jobject*, _jmethodID*, ...)+0x29
C  [nodejavabridge_bindings.node+0x22936]  InstanceMethodCallBaton::ExecuteInternal(JNIEnv_*)+0x46
C  [nodejavabridge_bindings.node+0x22294]  MethodCallBaton::Execute()+0x44
C  [node+0x9aee7b]
C  [node+0x9bcb71]
C  [libpthread.so.0+0x596e]  start_thread+0xbe

Java frames: (J=compiled Java code, j=interpreted, Vv=VM code)
j  UserMain.encrypt_phr_main(Ljava/lang/String;Ljava/lang/String;)Z+0
j  UserMain.perform_phr_uploading_transaction(Ljava/lang/String;Ljava/lang/String;Ljava/lang/String;Ljava/lang/String;Ljava/lang/String;Ljava/lang/String;)V+481
j  UserMain.uploadSelfPHR(Ljava/lang/String;Ljava/lang/String;Ljava/lang/String;Ljava/lang/String;Ljava/lang/String;Ljava/lang/String;)Z+10
v  ~StubRoutines::call_stub
j  sun.reflect.NativeMethodAccessorImpl.invoke0(Ljava/lang/reflect/Method;Ljava/lang/Object;[Ljava/lang/Object;)Ljava/lang/Object;+0
j  sun.reflect.NativeMethodAccessorImpl.invoke(Ljava/lang/Object;[Ljava/lang/Object;)Ljava/lang/Object;+87
j  sun.reflect.DelegatingMethodAccessorImpl.invoke(Ljava/lang/Object;[Ljava/lang/Object;)Ljava/lang/Object;+6
j  java.lang.reflect.Method.invoke(Ljava/lang/Object;[Ljava/lang/Object;)Ljava/lang/Object;+161
v  ~StubRoutines::call_stub

---------------  P R O C E S S  ---------------

Java Threads: ( => current thread )
=>0x0a71ec00 JavaThread "Thread-5" [_thread_in_vm, id=6172, stack(0x01d7f000,0x02580000)]
  0x0a607400 JavaThread "Thread-4" [_thread_in_native, id=6174, stack(0x02d81000,0x03582000)]
  0x0a723c00 JavaThread "Thread-3" [_thread_in_native, id=6173, stack(0x02580000,0x02d81000)]
  0x0a675400 JavaThread "Thread-2" [_thread_blocked, id=6214, stack(0x03f53000,0x03fa4000)]
  0x0a67b000 JavaThread "AWT-EventQueue-1" [_thread_blocked, id=6201, stack(0x03d83000,0x03dd4000)]
  0x0a67f800 JavaThread "AWT-Shutdown" [_thread_blocked, id=6200, stack(0x094d1000,0x09522000)]
  0x0a68b400 JavaThread "AWT-XAWT" daemon [_thread_in_native, id=6171, stack(0x01bcd000,0x01c1e000)]
  0x0a60ec00 JavaThread "Java2D Disposer" daemon [_thread_blocked, id=6170, stack(0x01b7c000,0x01bcd000)]
  0x0a550000 JavaThread "Low Memory Detector" daemon [_thread_blocked, id=6168, stack(0x0090c000,0x0095d000)]
  0x0a54d400 JavaThread "C2 CompilerThread1" daemon [_thread_blocked, id=6167, stack(0x00a0f000,0x00a90000)]
  0x0a54b800 JavaThread "C2 CompilerThread0" daemon [_thread_blocked, id=6166, stack(0x0098e000,0x00a0f000)]
  0x0a54a000 JavaThread "Signal Dispatcher" daemon [_thread_blocked, id=6165, stack(0x0087d000,0x008ce000)]
  0x0a541c00 JavaThread "Finalizer" daemon [_thread_blocked, id=6164, stack(0x004a6000,0x004f7000)]
  0x0a540400 JavaThread "Reference Handler" daemon [_thread_blocked, id=6163, stack(0x002b2000,0x00303000)]
  0x0a4b7c00 JavaThread "main" [_thread_in_native, id=6161, stack(0xbfde9000,0xbfe39000)]

Other Threads:
  0x0a536800 VMThread [stack: 0x00652000,0x006d3000] [id=6162]
  0x0a552000 WatcherThread [stack: 0x00d09000,0x00d8a000] [id=6169]

VM state:synchronizing (normal execution)

VM Mutex/Monitor currently owned by a thread:  ([mutex/lock_event])
[0x0a4b57e0] Threads_lock - owner thread: 0x0a536800

Heap
 def new generation   total 4800K, used 3955K [0x6b310000, 0x6b840000, 0x75a60000)
  eden space 4288K,  80% used [0x6b310000, 0x6b66ce10, 0x6b740000)
  from space 512K, 100% used [0x6b7c0000, 0x6b840000, 0x6b840000)
  to   space 512K,   0% used [0x6b740000, 0x6b740000, 0x6b7c0000)
 tenured generation   total 10752K, used 738K [0x75a60000, 0x764e0000, 0x8a910000)
   the space 10752K,   6% used [0x75a60000, 0x75b18ae0, 0x75b18c00, 0x764e0000)
 compacting perm gen  total 16384K, used 971K [0x8a910000, 0x8b910000, 0x92910000)
   the space 16384K,   5% used [0x8a910000, 0x8aa02ca8, 0x8aa02e00, 0x8b910000)
    ro space 10240K,  56% used [0x92910000, 0x92eae3d8, 0x92eae400, 0x93310000)
    rw space 12288K,  62% used [0x93310000, 0x93a9d090, 0x93a9d200, 0x93f10000)

Card table byte_map: [0x00acd000,0x00c14000] byte_map_base: 0x00773780

Polling page: 0x00651000

Code Cache  [0x04b4f000, 0x04d8f000, 0x07b4f000)
 total_blobs=303 nmethods=68 adapters=188 free_code_cache=48705Kb largest_free_block=49855680

Compilation events (10 events):
Event: 213.636 Thread 0x0a54b800   62             sun.font.CompositeGlyphMapper::charsToGlyphsNS (158 bytes)
Event: 213.643 Thread 0x0a54d400   63             sun.font.FileFontStrike::getSlot0GlyphImagePtrs (128 bytes)
Event: 213.680 Thread 0x0a54b800 nmethod 62 0x04bc0688 code [0x04bc07a0, 0x04bc0b44]
Event: 213.700 Thread 0x0a54d400 nmethod 63 0x04bc0e48 code [0x04bc0fa0, 0x04bc14f0]
Event: 274.480 Thread 0x0a54b800   64             sun.reflect.ClassFileAssembler::emitByte (11 bytes)
Event: 274.492 Thread 0x0a54d400   65             sun.reflect.ByteVectorImpl::add (38 bytes)
Event: 274.527 Thread 0x0a54d400 nmethod 65 0x04bb6688 code [0x04bb6780, 0x04bb683c]
Event: 274.566 Thread 0x0a54b800 nmethod 64 0x04bbeb08 code [0x04bbec20, 0x04bbed1c]
Event: 285.908 Thread 0x0a54d400   66             java.util.IdentityHashMap$IdentityHashMapIterator::hasNext (50 bytes)
Event: 285.926 Thread 0x0a54d400 nmethod 66 0x04bbe808 code [0x04bbe900, 0x04bbea50]

GC Heap History (2 events):
Event: 19.093 GC heap before
{Heap before GC invocations=0 (full 0):
 def new generation   total 4800K, used 4288K [0x6b310000, 0x6b840000, 0x75a60000)
  eden space 4288K, 100% used [0x6b310000, 0x6b740000, 0x6b740000)
  from space 512K,   0% used [0x6b740000, 0x6b740000, 0x6b7c0000)
  to   space 512K,   0% used [0x6b7c0000, 0x6b7c0000, 0x6b840000)
 tenured generation   total 10752K, used 0K [0x75a60000, 0x764e0000, 0x8a910000)
   the space 10752K,   0% used [0x75a60000, 0x75a60000, 0x75a60200, 0x764e0000)
 compacting perm gen  total 16384K, used 611K [0x8a910000, 0x8b910000, 0x92910000)
   the space 16384K,   3% used [0x8a910000, 0x8a9a8c48, 0x8a9a8e00, 0x8b910000)
    ro space 10240K,  56% used [0x92910000, 0x92eae3d8, 0x92eae400, 0x93310000)
    rw space 12288K,  62% used [0x93310000, 0x93a9d090, 0x93a9d200, 0x93f10000)
Event: 19.122 GC heap after
Heap after GC invocations=1 (full 0):
 def new generation   total 4800K, used 512K [0x6b310000, 0x6b840000, 0x75a60000)
  eden space 4288K,   0% used [0x6b310000, 0x6b310000, 0x6b740000)
  from space 512K, 100% used [0x6b7c0000, 0x6b840000, 0x6b840000)
  to   space 512K,   0% used [0x6b740000, 0x6b740000, 0x6b7c0000)
 tenured generation   total 10752K, used 738K [0x75a60000, 0x764e0000, 0x8a910000)
   the space 10752K,   6% used [0x75a60000, 0x75b18ae0, 0x75b18c00, 0x764e0000)
 compacting perm gen  total 16384K, used 611K [0x8a910000, 0x8b910000, 0x92910000)
   the space 16384K,   3% used [0x8a910000, 0x8a9a8c48, 0x8a9a8e00, 0x8b910000)
    ro space 10240K,  56% used [0x92910000, 0x92eae3d8, 0x92eae400, 0x93310000)
    rw space 12288K,  62% used [0x93310000, 0x93a9d090, 0x93a9d200, 0x93f10000)
}

Deoptimization events (10 events):
Event: 0.373 Thread 0x0a4b7c00 Uncommon trap -34 fr.pc 0x04b98bcc
Event: 0.374 Thread 0x0a4b7c00 Uncommon trap -34 fr.pc 0x04b98bcc
Event: 0.375 Thread 0x0a4b7c00 Uncommon trap -34 fr.pc 0x04b98bcc
Event: 0.398 Thread 0x0a4b7c00 Uncommon trap -34 fr.pc 0x04b98bcc
Event: 18.285 Thread 0x0a4b7c00 Uncommon trap -34 fr.pc 0x04bab230
Event: 18.608 Thread 0x0a4b7c00 Uncommon trap -34 fr.pc 0x04b9c71c
Event: 19.041 Thread 0x0a4b7c00 Uncommon trap -34 fr.pc 0x04b9c71c
Event: 19.041 Thread 0x0a4b7c00 Uncommon trap -34 fr.pc 0x04b9c71c
Event: 19.041 Thread 0x0a4b7c00 Uncommon trap -34 fr.pc 0x04b9c71c
Event: 40.376 Thread 0x0a723c00 Uncommon trap -83 fr.pc 0x04bb58b8

Internal exceptions (10 events):
Event: 21.262 Thread 0x0a4b7c00 Threw 0x6b428f98 at /build/buildd/openjdk-6-6b33-1.13.5/build/openjdk/hotspot/src/share/vm/classfile/systemDictionary.cpp:179
Event: 21.263 Thread 0x0a4b7c00 Threw 0x6b429220 at /build/buildd/openjdk-6-6b33-1.13.5/build/openjdk/hotspot/src/share/vm/prims/jvm.cpp:1272
Event: 40.579 Thread 0x0a723c00 Threw 0x6b4bc5f0 at /build/buildd/openjdk-6-6b33-1.13.5/build/openjdk/hotspot/src/share/vm/classfile/systemDictionary.cpp:179
Event: 40.580 Thread 0x0a723c00 Threw 0x6b4bc878 at /build/buildd/openjdk-6-6b33-1.13.5/build/openjdk/hotspot/src/share/vm/prims/jvm.cpp:1272
Event: 40.664 Thread 0x0a723c00 Threw 0x6b4bea50 at /build/buildd/openjdk-6-6b33-1.13.5/build/openjdk/hotspot/src/share/vm/classfile/systemDictionary.cpp:179
Event: 40.664 Thread 0x0a723c00 Threw 0x6b4becd8 at /build/buildd/openjdk-6-6b33-1.13.5/build/openjdk/hotspot/src/share/vm/prims/jvm.cpp:1272
Event: 289.611 Thread 0x0a4b7c00 Threw 0x6b490b58 at /build/buildd/openjdk-6-6b33-1.13.5/build/openjdk/hotspot/src/share/vm/classfile/systemDictionary.cpp:179
Event: 289.611 Thread 0x0a4b7c00 Threw 0x6b490ea0 at /build/buildd/openjdk-6-6b33-1.13.5/build/openjdk/hotspot/src/share/vm/prims/jvm.cpp:1272
Event: 289.628 Thread 0x0a4b7c00 Threw 0x6b641278 at /build/buildd/openjdk-6-6b33-1.13.5/build/openjdk/hotspot/src/share/vm/classfile/systemDictionary.cpp:179
Event: 289.628 Thread 0x0a4b7c00 Threw 0x6b6415c0 at /build/buildd/openjdk-6-6b33-1.13.5/build/openjdk/hotspot/src/share/vm/prims/jvm.cpp:1272

Events (10 events):
Event: 274.802 Executing VM operation: RevokeBias
Event: 274.802 Executing VM operation: RevokeBias done
Event: 274.802 Executing VM operation: RevokeBias
Event: 274.803 Executing VM operation: RevokeBias done
Event: 274.803 Executing VM operation: RevokeBias
Event: 274.803 Executing VM operation: RevokeBias done
Event: 289.611 loading class 0x0a608e48
Event: 289.611 loading class 0x0a608e48 done
Event: 289.628 loading class 0x0a608e08
Event: 289.628 loading class 0x0a608e08 done


Dynamic libraries:
00110000-0013c000 r-xp 00000000 08:01 1182846    /home/bright/Desktop/Project/webserver/node_modules/java/build/Release/nodejavabridge_bindings.node
0013c000-0013d000 r-xp 0002b000 08:01 1182846    /home/bright/Desktop/Project/webserver/node_modules/java/build/Release/nodejavabridge_bindings.node
0013d000-0013e000 rwxp 0002c000 08:01 1182846    /home/bright/Desktop/Project/webserver/node_modules/java/build/Release/nodejavabridge_bindings.node
0013e000-00144000 r-xp 00000000 08:01 404381     /lib/tls/i686/cmov/libnss_compat-2.11.1.so
00144000-00145000 r-xp 00006000 08:01 404381     /lib/tls/i686/cmov/libnss_compat-2.11.1.so
00145000-00146000 rwxp 00007000 08:01 404381     /lib/tls/i686/cmov/libnss_compat-2.11.1.so
00146000-0014e000 rwxs 00000000 08:01 676406     /tmp/hsperfdata_bright/6161
0014e000-00161000 r-xp 00000000 08:01 262350     /lib/libz.so.1.2.3.3
00161000-00162000 r-xp 00012000 08:01 262350     /lib/libz.so.1.2.3.3
00162000-00163000 rwxp 00013000 08:01 262350     /lib/libz.so.1.2.3.3
00163000-0016c000 rwxp 00000000 00:00 0 
0016c000-00223000 rwxp 00000000 00:00 0 
00223000-00230000 rwxp 00000000 00:00 0 
00230000-00237000 r-xs 00000000 08:01 151156     /usr/lib/gconv/gconv-modules.cache
00237000-00239000 r-xs 0000f000 08:01 559195     /usr/lib/jvm/java-6-openjdk/jre/lib/ext/pulse-java.jar
00239000-0023b000 r-xp 00000000 08:01 133933     /usr/lib/libXau.so.6.0.0
0023b000-0023c000 r-xp 00001000 08:01 133933     /usr/lib/libXau.so.6.0.0
0023c000-0023d000 rwxp 00002000 08:01 133933     /usr/lib/libXau.so.6.0.0
0023d000-0023e000 r-xs 00000000 08:01 808842     /var/cache/fontconfig/4794a0821666d79190d59a36cb4f44b5-le32d4.cache-3
0023e000-00240000 r-xp 00000000 08:01 404375     /lib/tls/i686/cmov/libdl-2.11.1.so
00240000-00241000 r-xp 00001000 08:01 404375     /lib/tls/i686/cmov/libdl-2.11.1.so
00241000-00242000 rwxp 00002000 08:01 404375     /lib/tls/i686/cmov/libdl-2.11.1.so
00242000-0024b000 rwxp 00000000 00:00 0 
0024b000-00283000 rwxp 00000000 00:00 0 
00283000-0028a000 r-xs 00063000 08:01 941466     /home/bright/Desktop/Project/webserver/node_modules/java/commons-lang3-node-java.jar
0028a000-0028d000 r-xs 00000000 08:01 804298     /var/cache/fontconfig/7ef2298fde41cc6eeb7af42e48b7d293-le32d4.cache-3
0028d000-00295000 r-xs 00000000 08:01 804305     /var/cache/fontconfig/d52a8644073d54c13679302ca1180695-le32d4.cache-3
00295000-00298000 r-xs 00000000 08:01 804306     /var/cache/fontconfig/d60319d88cac85ba9e1a07bd06cfbb8c-le32d4.cache-3
00298000-00299000 r-xs 00000000 08:01 804294     /var/cache/fontconfig/6a53c69dea097a2d716e069445527da8-le32d4.cache-3
00299000-002a7000 r-xp 00000000 08:01 134245     /usr/lib/libXext.so.6.4.0
002a7000-002a8000 r-xp 0000d000 08:01 134245     /usr/lib/libXext.so.6.4.0
002a8000-002a9000 rwxp 0000e000 08:01 134245     /usr/lib/libXext.so.6.4.0
002a9000-002ad000 r-xp 00000000 08:01 132443     /usr/lib/libXtst.so.6.1.0
002ad000-002ae000 r-xp 00004000 08:01 132443     /usr/lib/libXtst.so.6.1.0
002ae000-002af000 rwxp 00005000 08:01 132443     /usr/lib/libXtst.so.6.1.0
002af000-002b0000 r-xs 00000000 08:01 804286     /var/cache/fontconfig/0d8c3b2ac0904cb8a57a757ad11a4a08-le32d4.cache-3
002b0000-002b1000 r-xs 00000000 08:01 804310     /var/cache/fontconfig/e7071f4a29fa870f4323321c154eba04-le32d4.cache-3
002b1000-002b2000 rwxp 00000000 00:00 0 
002b2000-002b5000 ---p 00000000 00:00 0 
002b5000-00303000 rwxp 00000000 00:00 0 
00303000-0030b000 r-xp 00000000 08:01 135492     /usr/lib/libXrender.so.1.3.0
0030b000-0030c000 r-xp 00007000 08:01 135492     /usr/lib/libXrender.so.1.3.0
0030c000-0030d000 rwxp 00008000 08:01 135492     /usr/lib/libXrender.so.1.3.0
0030d000-00311000 r-xp 00000000 08:01 133944     /usr/lib/libXdmcp.so.6.0.0
00311000-00312000 r-xp 00003000 08:01 133944     /usr/lib/libXdmcp.so.6.0.0
00312000-00313000 rwxp 00004000 08:01 133944     /usr/lib/libXdmcp.so.6.0.0
00313000-0031a000 r-xs 00000000 08:01 812635     /var/cache/fontconfig/6d41288fd70b0be22e8c3a91e032eec0-le32d4.cache-3
0031a000-0031d000 r-xs 00000000 08:01 804296     /var/cache/fontconfig/6eb3985aa4124903f6ff08ba781cd364-le32d4.cache-3
0031d000-00338000 r-xp 00000000 08:01 275367     /lib/ld-2.11.1.so
00338000-00339000 r-xp 0001a000 08:01 275367     /lib/ld-2.11.1.so
00339000-0033a000 rwxp 0001b000 08:01 275367     /lib/ld-2.11.1.so
0033a000-0033d000 r-xs 00000000 08:01 804309     /var/cache/fontconfig/e383d7ea5fbe662a33d9b44caf393297-le32d4.cache-3
0033d000-0033e000 r-xs 00000000 08:01 804302     /var/cache/fontconfig/c05880de57d1f5e948fdfacc138775d9-le32d4.cache-3
0033e000-00342000 r-xs 00000000 08:01 804301     /var/cache/fontconfig/a755afe4a08bf5b97852ceb7400b47bc-le32d4.cache-3
00342000-00343000 r-xs 00000000 08:01 808842     /var/cache/fontconfig/4794a0821666d79190d59a36cb4f44b5-le32d4.cache-3
00343000-00350000 r-xp 00000000 08:01 133949     /usr/lib/libXi.so.6.1.0
00350000-00351000 r-xp 0000c000 08:01 133949     /usr/lib/libXi.so.6.1.0
00351000-00352000 rwxp 0000d000 08:01 133949     /usr/lib/libXi.so.6.1.0
00352000-0035d000 r-xs 00000000 08:01 804287     /var/cache/fontconfig/0f34bcd4b6ee430af32735b75db7f02b-le32d4.cache-3
0035d000-0035f000 r-xs 00000000 08:01 804300     /var/cache/fontconfig/99e8ed0e538f840c565b6ed5dad60d56-le32d4.cache-3
0035f000-00362000 r-xs 00000000 08:01 804298     /var/cache/fontconfig/7ef2298fde41cc6eeb7af42e48b7d293-le32d4.cache-3
00362000-00363000 r-xs 00000000 08:01 804294     /var/cache/fontconfig/6a53c69dea097a2d716e069445527da8-le32d4.cache-3
00363000-00380000 r-xp 00000000 08:01 262155     /lib/libgcc_s.so.1
00380000-00381000 r-xp 0001c000 08:01 262155     /lib/libgcc_s.so.1
00381000-00382000 rwxp 0001d000 08:01 262155     /lib/libgcc_s.so.1
00382000-00388000 r-xs 00000000 08:01 804299     /var/cache/fontconfig/945677eb7aeaf62f1d50efc3fb3ec7d8-le32d4.cache-3
00388000-0038a000 r-xs 00000000 08:01 798840     /var/cache/fontconfig/e13b20fdb08344e0e664864cc2ede53d-le32d4.cache-3
0038a000-0038b000 r-xs 00000000 08:01 804286     /var/cache/fontconfig/0d8c3b2ac0904cb8a57a757ad11a4a08-le32d4.cache-3
0038b000-0038c000 r-xs 00000000 08:01 804292     /var/cache/fontconfig/4c73fe0c47614734b17d736dbde7580a-le32d4.cache-3
0038c000-00398000 r-xp 00000000 08:01 562640     /usr/lib/jvm/java-6-openjdk/jre/lib/i386/libverify.so
00398000-00399000 r-xp 0000b000 08:01 562640     /usr/lib/jvm/java-6-openjdk/jre/lib/i386/libverify.so
00399000-0039a000 rwxp 0000c000 08:01 562640     /usr/lib/jvm/java-6-openjdk/jre/lib/i386/libverify.so
0039a000-003a0000 rwxp 00000000 00:00 0 
003a0000-00442000 rwxp 00000000 00:00 0 
00442000-0044a000 r-xs 00000000 08:01 804305     /var/cache/fontconfig/d52a8644073d54c13679302ca1180695-le32d4.cache-3
0044a000-0044d000 r-xs 00000000 08:01 804306     /var/cache/fontconfig/d60319d88cac85ba9e1a07bd06cfbb8c-le32d4.cache-3
0044d000-00454000 r-xs 00000000 08:01 812635     /var/cache/fontconfig/6d41288fd70b0be22e8c3a91e032eec0-le32d4.cache-3
00454000-00455000 r-xs 00000000 08:01 804310     /var/cache/fontconfig/e7071f4a29fa870f4323321c154eba04-le32d4.cache-3
00455000-00456000 r-xs 00000000 08:01 804302     /var/cache/fontconfig/c05880de57d1f5e948fdfacc138775d9-le32d4.cache-3
00456000-00458000 rwxp 00000000 00:00 0 
00458000-0045b000 r-xs 00000000 08:01 804296     /var/cache/fontconfig/6eb3985aa4124903f6ff08ba781cd364-le32d4.cache-3
0045b000-0046e000 r-xp 00000000 08:01 404379     /lib/tls/i686/cmov/libnsl-2.11.1.so
0046e000-0046f000 r-xp 00012000 08:01 404379     /lib/tls/i686/cmov/libnsl-2.11.1.so
0046f000-00470000 rwxp 00013000 08:01 404379     /lib/tls/i686/cmov/libnsl-2.11.1.so
00470000-00472000 rwxp 00000000 00:00 0 
00472000-0048a000 r-xp 00000000 08:01 134143     /usr/lib/libxcb.so.1.1.0
0048a000-0048b000 r-xp 00017000 08:01 134143     /usr/lib/libxcb.so.1.1.0
0048b000-0048c000 rwxp 00018000 08:01 134143     /usr/lib/libxcb.so.1.1.0
0048c000-00497000 r-xs 00000000 08:01 804287     /var/cache/fontconfig/0f34bcd4b6ee430af32735b75db7f02b-le32d4.cache-3
00497000-0049b000 r-xs 00000000 08:01 804301     /var/cache/fontconfig/a755afe4a08bf5b97852ceb7400b47bc-le32d4.cache-3
0049b000-0049c000 rwxp 00000000 00:00 0 
0049c000-004a4000 r-xp 00000000 08:01 393469     /lib/tls/i686/cmov/libnss_nis-2.11.1.so
004a4000-004a5000 r-xp 00007000 08:01 393469     /lib/tls/i686/cmov/libnss_nis-2.11.1.so
004a5000-004a6000 rwxp 00008000 08:01 393469     /lib/tls/i686/cmov/libnss_nis-2.11.1.so
004a6000-004a9000 ---p 00000000 00:00 0 
004a9000-004f8000 rwxp 00000000 00:00 0 
004f8000-004f9000 r-xs 00000000 08:01 804292     /var/cache/fontconfig/4c73fe0c47614734b17d736dbde7580a-le32d4.cache-3
004fa000-005e3000 r-xp 00000000 08:01 150990     /usr/lib/libstdc++.so.6.0.13
005e3000-005e7000 r-xp 000e9000 08:01 150990     /usr/lib/libstdc++.so.6.0.13
005e7000-005e8000 rwxp 000ed000 08:01 150990     /usr/lib/libstdc++.so.6.0.13
005e8000-005ef000 rwxp 00000000 00:00 0 
005ef000-0062e000 r-xp 00000000 08:01 139127     /usr/lib/locale/en_US.utf8/LC_CTYPE
0062e000-00631000 r-xs 00000000 08:01 804309     /var/cache/fontconfig/e383d7ea5fbe662a33d9b44caf393297-le32d4.cache-3
00631000-00633000 r-xs 00000000 08:01 804300     /var/cache/fontconfig/99e8ed0e538f840c565b6ed5dad60d56-le32d4.cache-3
00633000-00639000 r-xs 00000000 08:01 804299     /var/cache/fontconfig/945677eb7aeaf62f1d50efc3fb3ec7d8-le32d4.cache-3
00639000-00640000 r-xs 00054000 08:01 559213     /usr/lib/jvm/java-6-openjdk/jre/lib/resources.jar
00640000-00646000 r-xs 00048000 08:01 1181670    /home/bright/Desktop/Project/phrapp-0.30/bin/commons-lang3-3.1.jar
00646000-00648000 r-xs 00005000 08:01 1181671    /home/bright/Desktop/Project/phrapp-0.30/bin/paillier.jar
00648000-0064f000 r-xp 00000000 08:01 562639     /usr/lib/jvm/java-6-openjdk/jre/lib/i386/libnio.so
0064f000-00650000 r-xp 00006000 08:01 562639     /usr/lib/jvm/java-6-openjdk/jre/lib/i386/libnio.so
00650000-00651000 rwxp 00007000 08:01 562639     /usr/lib/jvm/java-6-openjdk/jre/lib/i386/libnio.so
00651000-00652000 ---p 00000000 00:00 0 
00652000-00653000 ---p 00000000 00:00 0 
00653000-006d3000 rwxp 00000000 00:00 0 
006d3000-006db000 r-xp 00000000 08:01 133940     /usr/lib/libXcursor.so.1.0.2
006db000-006dc000 r-xp 00007000 08:01 133940     /usr/lib/libXcursor.so.1.0.2
006dc000-006dd000 rwxp 00008000 08:01 133940     /usr/lib/libXcursor.so.1.0.2
006dd000-006e1000 r-xp 00000000 08:01 133948     /usr/lib/libXfixes.so.3.1.0
006e1000-006e2000 r-xp 00003000 08:01 133948     /usr/lib/libXfixes.so.3.1.0
006e2000-006e3000 rwxp 00004000 08:01 133948     /usr/lib/libXfixes.so.3.1.0
006e3000-00700000 r-xs 00151000 08:01 1181669    /home/bright/Desktop/Project/phrapp-0.30/bin/swingx-all-1.6.3.jar
00704000-00709000 rwxs 00000000 00:04 20512790   /SYSV00000000 (deleted)
00709000-00865000 r-xp 00000000 08:01 404373     /lib/tls/i686/cmov/libc-2.11.1.so
00865000-00867000 r-xp 0015b000 08:01 404373     /lib/tls/i686/cmov/libc-2.11.1.so
00867000-00868000 rwxp 0015d000 08:01 404373     /lib/tls/i686/cmov/libc-2.11.1.so
00868000-0086b000 rwxp 00000000 00:00 0 
0087c000-0087d000 r-xp 00000000 00:00 0          [vdso]
0087d000-00880000 ---p 00000000 00:00 0 
00880000-008ce000 rwxp 00000000 00:00 0 
008da000-008dc000 r-xs 00000000 08:01 798840     /var/cache/fontconfig/e13b20fdb08344e0e664864cc2ede53d-le32d4.cache-3
008e5000-00909000 r-xp 00000000 08:01 562610     /usr/lib/jvm/java-6-openjdk/jre/lib/i386/libjava.so
00909000-0090a000 r-xp 00023000 08:01 562610     /usr/lib/jvm/java-6-openjdk/jre/lib/i386/libjava.so
0090a000-0090c000 rwxp 00024000 08:01 562610     /usr/lib/jvm/java-6-openjdk/jre/lib/i386/libjava.so
0090c000-0090f000 ---p 00000000 00:00 0 
0090f000-0095d000 rwxp 00000000 00:00 0 
0095d000-00972000 r-xp 00000000 08:01 562626     /usr/lib/jvm/java-6-openjdk/jre/lib/i386/libnet.so
00972000-00973000 r-xp 00014000 08:01 562626     /usr/lib/jvm/java-6-openjdk/jre/lib/i386/libnet.so
00973000-00974000 rwxp 00015000 08:01 562626     /usr/lib/jvm/java-6-openjdk/jre/lib/i386/libnet.so
00985000-0098c000 r-xp 00000000 08:01 393459     /lib/tls/i686/cmov/librt-2.11.1.so
0098c000-0098d000 r-xp 00006000 08:01 393459     /lib/tls/i686/cmov/librt-2.11.1.so
0098d000-0098e000 rwxp 00007000 08:01 393459     /lib/tls/i686/cmov/librt-2.11.1.so
0098e000-00991000 ---p 00000000 00:00 0 
00991000-00a0f000 rwxp 00000000 00:00 0 
00a0f000-00a12000 ---p 00000000 00:00 0 
00a12000-00a90000 rwxp 00000000 00:00 0 
00aaa000-00aab000 rwxp 00000000 00:00 0 
00ab4000-00ac9000 r-xp 00000000 08:01 404371     /lib/tls/i686/cmov/libpthread-2.11.1.so
00ac9000-00aca000 r-xp 00014000 08:01 404371     /lib/tls/i686/cmov/libpthread-2.11.1.so
00aca000-00acb000 rwxp 00015000 08:01 404371     /lib/tls/i686/cmov/libpthread-2.11.1.so
00acb000-00ad0000 rwxp 00000000 00:00 0 
00ad0000-00b20000 rwxp 00000000 00:00 0 
00b20000-00b26000 rwxp 00000000 00:00 0 
00b26000-00bc8000 rwxp 00000000 00:00 0 
00bc8000-00bd0000 rwxp 00000000 00:00 0 
00bd0000-00c08000 rwxp 00000000 00:00 0 
00c08000-00c14000 rwxp 00000000 00:00 0 
00c4b000-00c4c000 rwxp 00000000 00:00 0 
00c89000-00c93000 r-xp 00000000 08:01 393461     /lib/tls/i686/cmov/libnss_files-2.11.1.so
00c93000-00c94000 r-xp 00009000 08:01 393461     /lib/tls/i686/cmov/libnss_files-2.11.1.so
00c94000-00c95000 rwxp 0000a000 08:01 393461     /lib/tls/i686/cmov/libnss_files-2.11.1.so
00c95000-00cdb000 r-xp 00000000 08:01 562755     /usr/lib/jvm/java-6-openjdk/jre/lib/i386/xawt/libmawt.so
00cdb000-00cdc000 r-xp 00045000 08:01 562755     /usr/lib/jvm/java-6-openjdk/jre/lib/i386/xawt/libmawt.so
00cdc000-00cde000 rwxp 00046000 08:01 562755     /usr/lib/jvm/java-6-openjdk/jre/lib/i386/xawt/libmawt.so
00cde000-00cdf000 rwxp 00000000 00:00 0 
00d00000-00d07000 r-xp 00000000 08:01 562624     /usr/lib/jvm/java-6-openjdk/jre/lib/i386/libzip.so
00d07000-00d08000 r-xp 00006000 08:01 562624     /usr/lib/jvm/java-6-openjdk/jre/lib/i386/libzip.so
00d08000-00d09000 rwxp 00007000 08:01 562624     /usr/lib/jvm/java-6-openjdk/jre/lib/i386/libzip.so
00d09000-00d0a000 ---p 00000000 00:00 0 
00d0a000-00d8a000 rwxp 00000000 00:00 0 
00d92000-00db6000 r-xp 00000000 08:01 393462     /lib/tls/i686/cmov/libm-2.11.1.so
00db6000-00db7000 r-xp 00023000 08:01 393462     /lib/tls/i686/cmov/libm-2.11.1.so
00db7000-00db8000 rwxp 00024000 08:01 393462     /lib/tls/i686/cmov/libm-2.11.1.so
00db8000-00e3e000 r-xp 00000000 08:01 562617     /usr/lib/jvm/java-6-openjdk/jre/lib/i386/libawt.so
00e3e000-00e3f000 r-xp 00086000 08:01 562617     /usr/lib/jvm/java-6-openjdk/jre/lib/i386/libawt.so
00e3f000-00e46000 rwxp 00087000 08:01 562617     /usr/lib/jvm/java-6-openjdk/jre/lib/i386/libawt.so
00e46000-00e6a000 rwxp 00000000 00:00 0 
00eac000-00ead000 rwxp 00000000 00:00 0 
00ead000-0163c000 r-xp 00000000 08:01 562603     /usr/lib/jvm/java-6-openjdk/jre/lib/i386/server/libjvm.so
0163c000-01683000 r-xp 0078e000 08:01 562603     /usr/lib/jvm/java-6-openjdk/jre/lib/i386/server/libjvm.so
01683000-01697000 rwxp 007d5000 08:01 562603     /usr/lib/jvm/java-6-openjdk/jre/lib/i386/server/libjvm.so
01697000-01ab3000 rwxp 00000000 00:00 0 
01ab3000-01b04000 r-xp 00000000 08:01 562607     /usr/lib/jvm/java-6-openjdk/jre/lib/i386/libfontmanager.so
01b04000-01b05000 r-xp 00051000 08:01 562607     /usr/lib/jvm/java-6-openjdk/jre/lib/i386/libfontmanager.so
01b05000-01b06000 rwxp 00052000 08:01 562607     /usr/lib/jvm/java-6-openjdk/jre/lib/i386/libfontmanager.so
01b06000-01b77000 r-xp 00000000 08:01 134481     /usr/lib/libfreetype.so.6.3.22
01b77000-01b7b000 r-xp 00070000 08:01 134481     /usr/lib/libfreetype.so.6.3.22
01b7b000-01b7c000 rwxp 00074000 08:01 134481     /usr/lib/libfreetype.so.6.3.22
01b7c000-01b7f000 ---p 00000000 00:00 0 
01b7f000-01bcd000 rwxp 00000000 00:00 0 
01bcd000-01bd0000 ---p 00000000 00:00 0 
01bd0000-01c1e000 rwxp 00000000 00:00 0 
01c1e000-01d6c000 r-xp 00000000 08:01 1181677    /home/bright/Desktop/Project/phrapp-0.30/bin/libPHRapp_Login_JNI.so
01d6c000-01d7c000 rwxp 0014d000 08:01 1181677    /home/bright/Desktop/Project/phrapp-0.30/bin/libPHRapp_Login_JNI.so
01d7c000-01d7f000 rwxp 00000000 00:00 0 
01d7f000-01d82000 ---p 00000000 00:00 0 
01d82000-02580000 rwxp 00000000 00:00 0 
02580000-02583000 ---p 00000000 00:00 0 
02583000-02d81000 rwxp 00000000 00:00 0 
02d81000-02d84000 ---p 00000000 00:00 0 
02d84000-03582000 rwxp 00000000 00:00 0 
03582000-03583000 ---p 00000000 00:00 0 
03583000-03d83000 rwxp 00000000 00:00 0 
03d83000-03d86000 ---p 00000000 00:00 0 
03d86000-03dd4000 rwxp 00000000 00:00 0 
03dd4000-03f40000 r-xp 00000000 08:01 1181702    /home/bright/Desktop/Project/phrapp-0.30/bin/libPHRapp_User_JNI.so
03f40000-03f50000 rwxp 0016c000 08:01 1181702    /home/bright/Desktop/Project/phrapp-0.30/bin/libPHRapp_User_JNI.so
03f50000-03f53000 rwxp 00000000 00:00 0 
03f53000-03f56000 ---p 00000000 00:00 0 
03f56000-04177000 rwxp 00000000 00:00 0 
04b4f000-04d8f000 rwxp 00000000 00:00 0 
04d8f000-07b4f000 rwxp 00000000 00:00 0 
08048000-08e2d000 r-xp 00000000 08:01 567688     /usr/local/bin/node
08e2d000-08e3c000 rwxp 00de5000 08:01 567688     /usr/local/bin/node
08e3c000-08e44000 rwxp 00000000 00:00 0 
0917e000-09297000 r-xp 00000000 08:01 134939     /usr/lib/libX11.so.6.3.0
09297000-09298000 r-xp 00118000 08:01 134939     /usr/lib/libX11.so.6.3.0
09298000-0929a000 rwxp 00119000 08:01 134939     /usr/lib/libX11.so.6.3.0
0929a000-0929b000 rwxp 00000000 00:00 0 
094d1000-094d4000 ---p 00000000 00:00 0 
094d4000-09522000 rwxp 00000000 00:00 0 
09b32000-09cc9000 r-xs 01a18000 08:01 562598     /usr/lib/jvm/java-6-openjdk/jre/lib/rt.jar
0a3ff000-0a801000 rwxp 00000000 00:00 0          [heap]
22a00000-22b00000 rwxp 00000000 00:00 0 
26c00000-26c09000 rwxp 00000000 00:00 0 
26c09000-26c0a000 ---p 00000000 00:00 0 
26c0a000-26cff000 rwxp 00000000 00:00 0 
26cff000-26d00000 ---p 00000000 00:00 0 
27900000-27a00000 rwxp 00000000 00:00 0 
28e00000-28f00000 rwxp 00000000 00:00 0 
29a00000-29a19000 rwxp 00000000 00:00 0 
2a000000-2a800000 rwxp 00000000 00:00 0 
2a800000-2b000000 rwxp 00000000 00:00 0 
2cd00000-2cd11000 rwxp 00000000 00:00 0 
2d300000-2d309000 rwxp 00000000 00:00 0 
2d309000-2d30a000 ---p 00000000 00:00 0 
2d30a000-2d30b000 rwxp 00000000 00:00 0 
2d30b000-2d334000 ---p 00000000 00:00 0 
2e900000-2ea00000 rwxp 00000000 00:00 0 
30c3c000-30c7c000 rwxp 00000000 00:00 0 
30c7c000-30d3c000 ---p 00000000 00:00 0 
36200000-36209000 rwxp 00000000 00:00 0 
36209000-3620a000 ---p 00000000 00:00 0 
3620a000-3620b000 rwxp 00000000 00:00 0 
3620b000-36234000 ---p 00000000 00:00 0 
36800000-36900000 rwxp 00000000 00:00 0 
37500000-37600000 rwxp 00000000 00:00 0 
43600000-43700000 rwxp 00000000 00:00 0 
44ab7000-44eb7000 rwxp 00000000 00:00 0 
45f00000-45f09000 rwxp 00000000 00:00 0 
45f09000-45f0a000 ---p 00000000 00:00 0 
45f0a000-45fff000 rwxp 00000000 00:00 0 
45fff000-46000000 ---p 00000000 00:00 0 
47300000-47400000 rwxp 00000000 00:00 0 
48d00000-48d19000 rwxp 00000000 00:00 0 
4aedc000-4aee0000 ---p 00000000 00:00 0 
4aee0000-4aef0000 rwxp 00000000 00:00 0 
4aef0000-4af0c000 ---p 00000000 00:00 0 
4d900000-4d909000 rwxp 00000000 00:00 0 
4d909000-4d90a000 ---p 00000000 00:00 0 
4d90a000-4d982000 rwxp 00000000 00:00 0 
4d982000-4d983000 ---p 00000000 00:00 0 
51e00000-51e79000 rwxp 00000000 00:00 0 
5287f000-52880000 r-xp 00000000 00:00 0 
55c00000-55c39000 rwxp 00000000 00:00 0 
5ac00000-5ac09000 rwxp 00000000 00:00 0 
5ac09000-5ac0a000 ---p 00000000 00:00 0 
5ac0a000-5acff000 rwxp 00000000 00:00 0 
5acff000-5ad00000 ---p 00000000 00:00 0 
5c7f7000-5c7f8000 r-xp 00000000 00:00 0 
5db00000-5db09000 rwxp 00000000 00:00 0 
5db09000-5db0a000 ---p 00000000 00:00 0 
5db0a000-5db0b000 rwxp 00000000 00:00 0 
5db0b000-5db34000 ---p 00000000 00:00 0 
5f300000-5f400000 rwxp 00000000 00:00 0 
6b310000-6b840000 rwxp 00000000 00:00 0 
6b840000-75a60000 rwxp 00000000 00:00 0 
75a60000-764e0000 rwxp 00000000 00:00 0 
764e0000-8a910000 rwxp 00000000 00:00 0 
8a910000-8b910000 rwxp 00000000 00:00 0 
8b910000-92910000 rwxp 00000000 00:00 0 
92910000-92eaf000 r-xp 00001000 08:01 562939     /usr/lib/jvm/java-6-openjdk/jre/lib/i386/server/classes.jsa
92eaf000-93310000 rwxp 00000000 00:00 0 
93310000-93a9e000 rwxp 005a0000 08:01 562939     /usr/lib/jvm/java-6-openjdk/jre/lib/i386/server/classes.jsa
93a9e000-93f10000 rwxp 00000000 00:00 0 
93f10000-94220000 rwxp 00d2e000 08:01 562939     /usr/lib/jvm/java-6-openjdk/jre/lib/i386/server/classes.jsa
94220000-94310000 rwxp 00000000 00:00 0 
94310000-94319000 r-xp 0103e000 08:01 562939     /usr/lib/jvm/java-6-openjdk/jre/lib/i386/server/classes.jsa
94319000-94710000 rwxp 00000000 00:00 0 
b7400000-b74fc000 rwxp 00000000 00:00 0 
b74fc000-b7500000 ---p 00000000 00:00 0 
b7500000-b7529000 rwxp 00000000 00:00 0 
b7529000-b7600000 ---p 00000000 00:00 0 
b7600000-b76fb000 rwxp 00000000 00:00 0 
b76fb000-b7700000 ---p 00000000 00:00 0 
bfde9000-bfdec000 ---p 00000000 00:00 0 
bfded000-bfe39000 rwxp 00000000 00:00 0          [stack]

VM Arguments:
jvm_args: -Djava.library.path=../phrapp-0.30/bin/ -classpath *:../phrapp-0.30/bin/ 
java_command: <unknown>
Launcher Type: generic

Environment Variables:
PATH=/usr/local/sbin:/usr/local/bin:/usr/sbin:/usr/bin:/sbin:/bin:/usr/games:/usr/lib/jvm/java-6-openjdk/jre/lib/i386/cacao
USERNAME=bright
SHELL=/bin/bash
DISPLAY=:0.0

Signal Handlers:
SIGSEGV: [libjvm.so+0x718200], sa_mask[0]=0x7ffbfeff, sa_flags=0x10000004
SIGBUS: [libjvm.so+0x718200], sa_mask[0]=0x7ffbfeff, sa_flags=0x10000004
SIGFPE: [libjvm.so+0x5c9850], sa_mask[0]=0x7ffbfeff, sa_flags=0x10000004
SIGPIPE: [libjvm.so+0x5c9850], sa_mask[0]=0x7ffbfeff, sa_flags=0x10000004
SIGXFSZ: [libjvm.so+0x5c9850], sa_mask[0]=0x7ffbfeff, sa_flags=0x10000004
SIGILL: [libjvm.so+0x5c9850], sa_mask[0]=0x7ffbfeff, sa_flags=0x10000004
SIGUSR1: [+0x81fd50], sa_mask[0]=0x7ffbfeff, sa_flags=0x00000000
SIGUSR2: [libjvm.so+0x5c92d0], sa_mask[0]=0x00000000, sa_flags=0x10000004
SIGHUP: [libjvm.so+0x5cc8d0], sa_mask[0]=0x7ffbfeff, sa_flags=0x10000004
SIGINT: [libjvm.so+0x5cc8d0], sa_mask[0]=0x7ffbfeff, sa_flags=0x10000004
SIGTERM: [libjvm.so+0x5cc8d0], sa_mask[0]=0x7ffbfeff, sa_flags=0x10000004
SIGQUIT: [libjvm.so+0x5cc8d0], sa_mask[0]=0x7ffbfeff, sa_flags=0x10000004


---------------  S Y S T E M  ---------------

OS:Ubuntu 10.04 (lucid)
uname:Linux 2.6.32-38-generic #83-Ubuntu SMP Wed Jan 4 11:13:04 UTC 2012 i686
libc:glibc 2.11.1 NPTL 2.11.1 
rlimit: STACK 8192k, CORE 0k, NPROC infinity, NOFILE 1024, AS infinity
load average:1.20 1.01 0.81

/proc/meminfo:
MemTotal:        1025960 kB
MemFree:           67368 kB
Buffers:          119952 kB
Cached:           511092 kB
SwapCached:            0 kB
Active:           544400 kB
Inactive:         347684 kB
Active(anon):     261440 kB
Inactive(anon):     5796 kB
Active(file):     282960 kB
Inactive(file):   341888 kB
Unevictable:           0 kB
Mlocked:               0 kB
HighTotal:        139144 kB
HighFree:            252 kB
LowTotal:         886816 kB
LowFree:           67116 kB
SwapTotal:        916472 kB
SwapFree:         916472 kB
Dirty:               192 kB
Writeback:             0 kB
AnonPages:        261088 kB
Mapped:            94836 kB
Shmem:              6184 kB
Slab:              49764 kB
SReclaimable:      40396 kB
SUnreclaim:         9368 kB
KernelStack:        2624 kB
PageTables:         5928 kB
NFS_Unstable:          0 kB
Bounce:                0 kB
WritebackTmp:          0 kB
CommitLimit:     1429452 kB
Committed_AS:    1336620 kB
VmallocTotal:     122880 kB
VmallocUsed:        6980 kB
VmallocChunk:     109816 kB
HardwareCorrupted:     0 kB
HugePages_Total:       0
HugePages_Free:        0
HugePages_Rsvd:        0
HugePages_Surp:        0
Hugepagesize:       4096 kB
DirectMap4k:       16376 kB
DirectMap4M:      892928 kB


CPU:total 1 (1 cores per cpu, 1 threads per core) family 6 model 69 stepping 1, cmov, cx8, fxsr, mmx, sse, sse2, sse3, ssse3, sse4.1, sse4.2, popcnt, avx, tsc, tscinvbit

/proc/cpuinfo:
processor	: 0
vendor_id	: GenuineIntel
cpu family	: 6
model		: 69
model name	: Intel(R) Core(TM) i7-4510U CPU @ 2.00GHz
stepping	: 1
cpu MHz		: 2594.029
cache size	: 4096 KB
fdiv_bug	: no
hlt_bug		: no
f00f_bug	: no
coma_bug	: no
fpu		: yes
fpu_exception	: yes
cpuid level	: 13
wp		: yes
flags		: fpu vme de pse tsc msr pae mce cx8 apic mtrr pge mca cmov pat pse36 clflush dts mmx fxsr sse sse2 ss nx pdpe1gb rdtscp constant_tsc up arch_perfmon pebs bts xtopology tsc_reliable nonstop_tsc aperfmperf pni pclmulqdq ssse3 fma sse4_1 sse4_2 x2apic movbe popcnt aes xsave avx hypervisor ida arat
bogomips	: 5188.05
clflush size	: 64
cache_alignment	: 64
address sizes	: 40 bits physical, 48 bits virtual
power management:



Memory: 4k page, physical 1025960k(67368k free), swap 916472k(916472k free)

vm_info: OpenJDK Server VM (23.25-b01) for linux-x86 JRE (1.6.0_33-b33), built on Oct 15 2014 12:31:00 by "buildd" with gcc 4.4.3

time: Fri Oct 16 14:24:45 2015
elapsed time: 290 seconds

