#
# A fatal error has been detected by the Java Runtime Environment:
#
#  SIGSEGV (0xb) at pc=0x0110bc27, pid=3264, tid=127642480
#
# JRE version: 6.0_33-b33
# Java VM: OpenJDK Server VM (23.25-b01 mixed mode, sharing linux-x86 )
# Derivative: IcedTea6 1.13.5
# Distribution: Ubuntu 10.04.1 LTS, package 6b33-1.13.5-1ubuntu0.10.04
# Problematic frame:
# V  [libjvm.so+0x40dc27]  jni_invoke_nonstatic(JNIEnv_*, JavaValue*, _jobject*, JNICallType, _jmethodID*, JNI_ArgumentPusher*, Thread*)+0x147
#
# Failed to write core dump. Core dumps have been disabled. To enable core dumping, try "ulimit -c unlimited" before starting Java again
#
# If you would like to submit a bug report, please include
# instructions how to reproduce the bug and visit:
#   https://bugs.launchpad.net/ubuntu/+source/openjdk-6/
# The crash happened outside the Java Virtual Machine in native code.
# See problematic frame for where to report the bug.
#

---------------  T H R E A D  ---------------

Current thread (0x0961ac00):  JavaThread "Thread-5" [_thread_in_native, id=3280, stack(0x071ba000,0x079bb000)]

siginfo:si_signo=SIGSEGV: si_errno=0, si_code=1 (SEGV_MAPERR), si_addr=0x00000014

Registers:
EAX=0x0000000c, EBX=0x014d3ff4, ECX=0x096b2e14, EDX=0x079b9590
ESP=0x079b9490, EBP=0x079b9558, ESI=0x096b2e18, EDI=0x0968fb10
EIP=0x0110bc27, EFLAGS=0x00210203, CR2=0x00000014

Top of Stack: (sp=0x079b9490)
0x079b9490:   094bfa08 ffffffff 00000003 09619d28
0x079b94a0:   00000076 00689a6d 00000cd0 09690e38
0x079b94b0:   09691224 01127100 079b9518 079b94d4
0x079b94c0:   079b95bc 09690e30 096b2e14 00000003
0x079b94d0:   08aa5828 0000034a 096b2e14 0834110b
0x079b94e0:   0072b59b 08312560 079b9530 08aabc04
0x079b94f0:   00000000 0000005f 079b0148 00000000
0x079b9500:   73726550 079b94d8 079b94f9 00000001 

Instructions: (pc=0x0110bc27)
0x0110bc07:   8b 55 ac 8b 8d 70 ff ff ff 89 0c 82 40 8b 55 14
0x0110bc17:   89 45 b4 8b 02 8b 40 50 89 85 5c ff ff ff 8b 06
0x0110bc27:   8b 50 08 8b 40 0c 66 8b 52 2a 89 85 70 ff ff ff
0x0110bc37:   81 e2 ff ff 00 00 8d 44 90 28 8b 08 89 4d e4 8b 

Register to memory mapping:

EAX=0x0000000c is an unknown value
EBX=0x014d3ff4: <offset 0x7d5ff4> in /usr/lib/jvm/java-6-openjdk/jre/lib/i386/server/libjvm.so at 0x00cfe000
ECX=0x096b2e14 is an unknown value
EDX=0x079b9590 is pointing into the stack for thread: 0x0961ac00
ESP=0x079b9490 is pointing into the stack for thread: 0x0961ac00
EBP=0x079b9558 is pointing into the stack for thread: 0x0961ac00
ESI=0x096b2e18 is an unknown value
EDI=0x0968fb10 is an unknown value


Stack: [0x071ba000,0x079bb000],  sp=0x079b9490,  free space=8189k
Native frames: (J=compiled Java code, j=interpreted, Vv=VM code, C=native code)
V  [libjvm.so+0x40dc27]  jni_invoke_nonstatic(JNIEnv_*, JavaValue*, _jobject*, JNICallType, _jmethodID*, JNI_ArgumentPusher*, Thread*)+0x147
V  [libjvm.so+0x41d100]  jni_CallVoidMethod+0xc0
C  [libPHRapp_User_JNI.so+0x6a26d]  clear_access_permission_table_callback_handler+0x2d
C  [libPHRapp_User_JNI.so+0x70323]  update_assigned_access_permission_list+0x223
C  [libPHRapp_User_JNI.so+0x6df2a]  Java_UserMain_update_1assigned_1access_1permission_1list_1main+0x10a
j  UserMain.update_assigned_access_permission_list_main()V+0
j  UserMain.update_assigned_access_permission_list()V+1
v  ~StubRoutines::call_stub
V  [libjvm.so+0x401bd4]  JavaCalls::call_helper(JavaValue*, methodHandle*, JavaCallArguments*, Thread*)+0x314
V  [libjvm.so+0x5c7de9]  os::os_exception_wrapper(void (*)(JavaValue*, methodHandle*, JavaCallArguments*, Thread*), JavaValue*, methodHandle*, JavaCallArguments*, Thread*)+0x19
V  [libjvm.so+0x40080f]  JavaCalls::call(JavaValue*, methodHandle, JavaCallArguments*, Thread*)+0x2f
V  [libjvm.so+0x635a31]  Reflection::invoke(instanceKlassHandle, methodHandle, Handle, bool, objArrayHandle, BasicType, objArrayHandle, bool, Thread*)+0x3a1
V  [libjvm.so+0x636857]  Reflection::invoke_method(oopDesc*, Handle, objArrayHandle, Thread*)+0x147
V  [libjvm.so+0x4528ee]  JVM_InvokeMethod+0x20e
C  [libjava.so+0x15f72]  Java_sun_reflect_NativeMethodAccessorImpl_invoke0+0x32
j  sun.reflect.NativeMethodAccessorImpl.invoke0(Ljava/lang/reflect/Method;Ljava/lang/Object;[Ljava/lang/Object;)Ljava/lang/Object;+0
j  sun.reflect.NativeMethodAccessorImpl.invoke(Ljava/lang/Object;[Ljava/lang/Object;)Ljava/lang/Object;+87
j  sun.reflect.DelegatingMethodAccessorImpl.invoke(Ljava/lang/Object;[Ljava/lang/Object;)Ljava/lang/Object;+6
j  java.lang.reflect.Method.invoke(Ljava/lang/Object;[Ljava/lang/Object;)Ljava/lang/Object;+161
v  ~StubRoutines::call_stub
V  [libjvm.so+0x401bd4]  JavaCalls::call_helper(JavaValue*, methodHandle*, JavaCallArguments*, Thread*)+0x314
V  [libjvm.so+0x5c7de9]  os::os_exception_wrapper(void (*)(JavaValue*, methodHandle*, JavaCallArguments*, Thread*), JavaValue*, methodHandle*, JavaCallArguments*, Thread*)+0x19
V  [libjvm.so+0x40080f]  JavaCalls::call(JavaValue*, methodHandle, JavaCallArguments*, Thread*)+0x2f
V  [libjvm.so+0x40dd5c]  jni_invoke_nonstatic(JNIEnv_*, JavaValue*, _jobject*, JNICallType, _jmethodID*, JNI_ArgumentPusher*, Thread*)+0x27c
V  [libjvm.so+0x41ea0d]  jni_CallObjectMethodV+0xbd
C  [nodejavabridge_bindings.node+0xf289]  JNIEnv_::CallObjectMethod(_jobject*, _jmethodID*, ...)+0x29
C  [nodejavabridge_bindings.node+0x22936]  InstanceMethodCallBaton::ExecuteInternal(JNIEnv_*)+0x46
C  [nodejavabridge_bindings.node+0x22294]  MethodCallBaton::Execute()+0x44
C  [node+0x9aee7b]
C  [node+0x9bcb71]
C  [libpthread.so.0+0x596e]  start_thread+0xbe

Java frames: (J=compiled Java code, j=interpreted, Vv=VM code)
j  UserMain.update_assigned_access_permission_list_main()V+0
j  UserMain.update_assigned_access_permission_list()V+1
v  ~StubRoutines::call_stub
j  sun.reflect.NativeMethodAccessorImpl.invoke0(Ljava/lang/reflect/Method;Ljava/lang/Object;[Ljava/lang/Object;)Ljava/lang/Object;+0
j  sun.reflect.NativeMethodAccessorImpl.invoke(Ljava/lang/Object;[Ljava/lang/Object;)Ljava/lang/Object;+87
j  sun.reflect.DelegatingMethodAccessorImpl.invoke(Ljava/lang/Object;[Ljava/lang/Object;)Ljava/lang/Object;+6
j  java.lang.reflect.Method.invoke(Ljava/lang/Object;[Ljava/lang/Object;)Ljava/lang/Object;+161
v  ~StubRoutines::call_stub

---------------  P R O C E S S  ---------------

Java Threads: ( => current thread )
  0x094b9000 JavaThread "Thread-6" [_thread_in_native, id=3278, stack(0x04d19000,0x0551a000)]
=>0x0961ac00 JavaThread "Thread-5" [_thread_in_native, id=3280, stack(0x071ba000,0x079bb000)]
  0x09619c00 JavaThread "Thread-4" [_thread_in_vm, id=3281, stack(0xb57ff000,0xb6000000)]
  0x09753800 JavaThread "Thread-3" [_thread_in_native, id=3279, stack(0x069b9000,0x071ba000)]
  0xb7201800 JavaThread "Thread-2" [_thread_blocked, id=3319, stack(0x06547000,0x06598000)]
  0xb7161800 JavaThread "AWT-EventQueue-1" [_thread_blocked, id=3306, stack(0x0556b000,0x055bc000)]
  0xb7165800 JavaThread "AWT-Shutdown" [_thread_blocked, id=3305, stack(0x0551a000,0x0556b000)]
  0xb712e400 JavaThread "AWT-XAWT" daemon [_thread_in_native, id=3275, stack(0x05e09000,0x05e5a000)]
  0x096a7c00 JavaThread "Java2D Disposer" daemon [_thread_blocked, id=3273, stack(0x061f9000,0x0624a000)]
  0x095dcc00 JavaThread "Low Memory Detector" daemon [_thread_blocked, id=3271, stack(0x00bce000,0x00c1f000)]
  0x095da400 JavaThread "C2 CompilerThread1" daemon [_thread_blocked, id=3270, stack(0x00b4d000,0x00bce000)]
  0x095d8800 JavaThread "C2 CompilerThread0" daemon [_thread_blocked, id=3269, stack(0x00acc000,0x00b4d000)]
  0x095d7000 JavaThread "Signal Dispatcher" daemon [_thread_blocked, id=3268, stack(0x00875000,0x008c6000)]
  0x095cec00 JavaThread "Finalizer" daemon [_thread_blocked, id=3267, stack(0x00779000,0x007ca000)]
  0x095cd400 JavaThread "Reference Handler" daemon [_thread_blocked, id=3266, stack(0x0059d000,0x005ee000)]
  0x09544c00 JavaThread "main" [_thread_in_native, id=3264, stack(0xbfa2b000,0xbfa7b000)]

Other Threads:
  0x095c3400 VMThread [stack: 0x007f4000,0x00875000] [id=3265]
  0x095dec00 WatcherThread [stack: 0x07e6a000,0x07eeb000] [id=3272]

VM state:not at safepoint (normal execution)

VM Mutex/Monitor currently owned by a thread: None

Heap
 def new generation   total 4800K, used 4667K [0x6b310000, 0x6b840000, 0x75a60000)
  eden space 4288K,  96% used [0x6b310000, 0x6b71ed28, 0x6b740000)
  from space 512K, 100% used [0x6b7c0000, 0x6b840000, 0x6b840000)
  to   space 512K,   0% used [0x6b740000, 0x6b740000, 0x6b7c0000)
 tenured generation   total 10752K, used 739K [0x75a60000, 0x764e0000, 0x8a910000)
   the space 10752K,   6% used [0x75a60000, 0x75b18cf0, 0x75b18e00, 0x764e0000)
 compacting perm gen  total 16384K, used 902K [0x8a910000, 0x8b910000, 0x92910000)
   the space 16384K,   5% used [0x8a910000, 0x8a9f19b8, 0x8a9f1a00, 0x8b910000)
    ro space 10240K,  56% used [0x92910000, 0x92eae3d8, 0x92eae400, 0x93310000)
    rw space 12288K,  62% used [0x93310000, 0x93a9d090, 0x93a9d200, 0x93f10000)

Card table byte_map: [0x00985000,0x00acc000] byte_map_base: 0x0062b780

Polling page: 0x00145000

Code Cache  [0x01904000, 0x01b44000, 0x04904000)
 total_blobs=310 nmethods=77 adapters=186 free_code_cache=48703Kb largest_free_block=49848064

Compilation events (10 events):
Event: 375.464 Thread 0x095da400   72             java.awt.Rectangle::<init> (26 bytes)
Event: 375.465 Thread 0x095da400 nmethod 72 0x01975b88 code [0x01975c60, 0x01975cb0]
Event: 381.482 Thread 0x095da400   73             java.util.ArrayList::get (11 bytes)
Event: 381.483 Thread 0x095da400 nmethod 73 0x01975908 code [0x01975a00, 0x01975a90]
Event: 384.462 Thread 0x095da400   74             java.beans.PropertyChangeSupport::fire (41 bytes)
Event: 384.464 Thread 0x095da400 nmethod 74 0x019756c8 code [0x019757c0, 0x01975870]
Event: 384.564 Thread 0x095da400   75             sun.reflect.ClassFileAssembler::emitByte (11 bytes)
Event: 384.566 Thread 0x095da400 nmethod 75 0x01975348 code [0x01975460, 0x0197555c]
Event: 384.569 Thread 0x095da400   76             sun.reflect.ByteVectorImpl::add (38 bytes)
Event: 384.571 Thread 0x095da400 nmethod 76 0x01975088 code [0x01975180, 0x0197523c]

GC Heap History (2 events):
Event: 12.562 GC heap before
{Heap before GC invocations=0 (full 0):
 def new generation   total 4800K, used 4288K [0x6b310000, 0x6b840000, 0x75a60000)
  eden space 4288K, 100% used [0x6b310000, 0x6b740000, 0x6b740000)
  from space 512K,   0% used [0x6b740000, 0x6b740000, 0x6b7c0000)
  to   space 512K,   0% used [0x6b7c0000, 0x6b7c0000, 0x6b840000)
 tenured generation   total 10752K, used 0K [0x75a60000, 0x764e0000, 0x8a910000)
   the space 10752K,   0% used [0x75a60000, 0x75a60000, 0x75a60200, 0x764e0000)
 compacting perm gen  total 16384K, used 610K [0x8a910000, 0x8b910000, 0x92910000)
   the space 16384K,   3% used [0x8a910000, 0x8a9a8808, 0x8a9a8a00, 0x8b910000)
    ro space 10240K,  56% used [0x92910000, 0x92eae3d8, 0x92eae400, 0x93310000)
    rw space 12288K,  62% used [0x93310000, 0x93a9d090, 0x93a9d200, 0x93f10000)
Event: 12.594 GC heap after
Heap after GC invocations=1 (full 0):
 def new generation   total 4800K, used 512K [0x6b310000, 0x6b840000, 0x75a60000)
  eden space 4288K,   0% used [0x6b310000, 0x6b310000, 0x6b740000)
  from space 512K, 100% used [0x6b7c0000, 0x6b840000, 0x6b840000)
  to   space 512K,   0% used [0x6b740000, 0x6b740000, 0x6b7c0000)
 tenured generation   total 10752K, used 739K [0x75a60000, 0x764e0000, 0x8a910000)
   the space 10752K,   6% used [0x75a60000, 0x75b18cf0, 0x75b18e00, 0x764e0000)
 compacting perm gen  total 16384K, used 610K [0x8a910000, 0x8b910000, 0x92910000)
   the space 16384K,   3% used [0x8a910000, 0x8a9a8808, 0x8a9a8a00, 0x8b910000)
    ro space 10240K,  56% used [0x92910000, 0x92eae3d8, 0x92eae400, 0x93310000)
    rw space 12288K,  62% used [0x93310000, 0x93a9d090, 0x93a9d200, 0x93f10000)
}

Deoptimization events (10 events):
Event: 0.335 Thread 0x09544c00 Uncommon trap -34 fr.pc 0x0194dbcc
Event: 0.335 Thread 0x09544c00 Uncommon trap -34 fr.pc 0x0194dbcc
Event: 0.339 Thread 0x09544c00 Uncommon trap -34 fr.pc 0x0194dbcc
Event: 0.362 Thread 0x09544c00 Uncommon trap -34 fr.pc 0x0194dbcc
Event: 11.681 Thread 0x09544c00 Uncommon trap -34 fr.pc 0x0195ffb0
Event: 12.025 Thread 0x09544c00 Uncommon trap -34 fr.pc 0x01953c1c
Event: 12.499 Thread 0x09544c00 Uncommon trap -34 fr.pc 0x01953c1c
Event: 12.499 Thread 0x09544c00 Uncommon trap -34 fr.pc 0x01953c1c
Event: 12.499 Thread 0x09544c00 Uncommon trap -34 fr.pc 0x01953c1c
Event: 41.576 Thread 0x09753800 Uncommon trap -83 fr.pc 0x0196a7b8

Internal exceptions (10 events):
Event: 14.483 Thread 0x09544c00 Threw 0x6b41e7b8 at /build/buildd/openjdk-6-6b33-1.13.5/build/openjdk/hotspot/src/share/vm/prims/jvm.cpp:1272
Event: 14.914 Thread 0x09544c00 Threw 0x6b420fe8 at /build/buildd/openjdk-6-6b33-1.13.5/build/openjdk/hotspot/src/share/vm/classfile/systemDictionary.cpp:179
Event: 14.914 Thread 0x09544c00 Threw 0x6b421270 at /build/buildd/openjdk-6-6b33-1.13.5/build/openjdk/hotspot/src/share/vm/prims/jvm.cpp:1272
Event: 15.245 Thread 0x09544c00 Threw 0x6b4233a8 at /build/buildd/openjdk-6-6b33-1.13.5/build/openjdk/hotspot/src/share/vm/classfile/systemDictionary.cpp:179
Event: 15.246 Thread 0x09544c00 Threw 0x6b423630 at /build/buildd/openjdk-6-6b33-1.13.5/build/openjdk/hotspot/src/share/vm/prims/jvm.cpp:1272
Event: 15.363 Thread 0xb7161800 Threw 0x6b460290 at /build/buildd/openjdk-6-6b33-1.13.5/build/openjdk/hotspot/src/share/vm/prims/jni.cpp:742
Event: 15.441 Thread 0x09544c00 Threw 0x6b425778 at /build/buildd/openjdk-6-6b33-1.13.5/build/openjdk/hotspot/src/share/vm/classfile/systemDictionary.cpp:179
Event: 15.441 Thread 0x09544c00 Threw 0x6b425a00 at /build/buildd/openjdk-6-6b33-1.13.5/build/openjdk/hotspot/src/share/vm/prims/jvm.cpp:1272
Event: 41.497 Thread 0x09753800 Threw 0x6b499e60 at /build/buildd/openjdk-6-6b33-1.13.5/build/openjdk/hotspot/src/share/vm/classfile/systemDictionary.cpp:179
Event: 41.497 Thread 0x09753800 Threw 0x6b49a108 at /build/buildd/openjdk-6-6b33-1.13.5/build/openjdk/hotspot/src/share/vm/prims/jvm.cpp:1272

Events (10 events):
Event: 384.303 Executing VM operation: RevokeBias done
Event: 384.445 Executing VM operation: RevokeBias
Event: 384.446 Executing VM operation: RevokeBias done
Event: 384.446 Executing VM operation: RevokeBias
Event: 384.446 Executing VM operation: RevokeBias done
Event: 384.464 Thread 0x095da400 flushing nmethod 0x0194d408
Event: 384.585 Executing VM operation: RevokeBias
Event: 384.585 Executing VM operation: RevokeBias done
Event: 384.595 Executing VM operation: RevokeBias
Event: 384.595 Executing VM operation: RevokeBias done


Dynamic libraries:
00110000-0011c000 r-xp 00000000 08:01 562640     /usr/lib/jvm/java-6-openjdk/jre/lib/i386/libverify.so
0011c000-0011d000 r-xp 0000b000 08:01 562640     /usr/lib/jvm/java-6-openjdk/jre/lib/i386/libverify.so
0011d000-0011e000 rwxp 0000c000 08:01 562640     /usr/lib/jvm/java-6-openjdk/jre/lib/i386/libverify.so
0011e000-00142000 r-xp 00000000 08:01 562610     /usr/lib/jvm/java-6-openjdk/jre/lib/i386/libjava.so
00142000-00143000 r-xp 00023000 08:01 562610     /usr/lib/jvm/java-6-openjdk/jre/lib/i386/libjava.so
00143000-00145000 rwxp 00024000 08:01 562610     /usr/lib/jvm/java-6-openjdk/jre/lib/i386/libjava.so
00145000-00146000 r-xp 00000000 00:00 0 
00146000-0014c000 r-xp 00000000 08:01 404381     /lib/tls/i686/cmov/libnss_compat-2.11.1.so
0014c000-0014d000 r-xp 00006000 08:01 404381     /lib/tls/i686/cmov/libnss_compat-2.11.1.so
0014d000-0014e000 rwxp 00007000 08:01 404381     /lib/tls/i686/cmov/libnss_compat-2.11.1.so
0014e000-00156000 rwxs 00000000 08:01 662181     /tmp/hsperfdata_bright/3264
00156000-0015c000 rwxp 00000000 00:00 0 
0015c000-0015d000 r-xs 00000000 08:01 808842     /var/cache/fontconfig/4794a0821666d79190d59a36cb4f44b5-le32d4.cache-3
0015d000-00167000 r-xp 00000000 08:01 393461     /lib/tls/i686/cmov/libnss_files-2.11.1.so
00167000-00168000 r-xp 00009000 08:01 393461     /lib/tls/i686/cmov/libnss_files-2.11.1.so
00168000-00169000 rwxp 0000a000 08:01 393461     /lib/tls/i686/cmov/libnss_files-2.11.1.so
00169000-00170000 r-xp 00000000 08:01 562624     /usr/lib/jvm/java-6-openjdk/jre/lib/i386/libzip.so
00170000-00171000 r-xp 00006000 08:01 562624     /usr/lib/jvm/java-6-openjdk/jre/lib/i386/libzip.so
00171000-00172000 rwxp 00007000 08:01 562624     /usr/lib/jvm/java-6-openjdk/jre/lib/i386/libzip.so
00172000-00185000 r-xp 00000000 08:01 262350     /lib/libz.so.1.2.3.3
00185000-00186000 r-xp 00012000 08:01 262350     /lib/libz.so.1.2.3.3
00186000-00187000 rwxp 00013000 08:01 262350     /lib/libz.so.1.2.3.3
00187000-00189000 r-xs 0000f000 08:01 559195     /usr/lib/jvm/java-6-openjdk/jre/lib/ext/pulse-java.jar
00189000-0018b000 r-xs 00000000 08:01 798840     /var/cache/fontconfig/e13b20fdb08344e0e664864cc2ede53d-le32d4.cache-3
0018b000-0019e000 r-xp 00000000 08:01 404379     /lib/tls/i686/cmov/libnsl-2.11.1.so
0019e000-0019f000 r-xp 00012000 08:01 404379     /lib/tls/i686/cmov/libnsl-2.11.1.so
0019f000-001a0000 rwxp 00013000 08:01 404379     /lib/tls/i686/cmov/libnsl-2.11.1.so
001a0000-001a2000 rwxp 00000000 00:00 0 
001a2000-001a9000 r-xs 00000000 08:01 151156     /usr/lib/gconv/gconv-modules.cache
001a9000-00292000 r-xp 00000000 08:01 150990     /usr/lib/libstdc++.so.6.0.13
00292000-00296000 r-xp 000e9000 08:01 150990     /usr/lib/libstdc++.so.6.0.13
00296000-00297000 rwxp 000ed000 08:01 150990     /usr/lib/libstdc++.so.6.0.13
00297000-0029e000 rwxp 00000000 00:00 0 
0029e000-002dd000 r-xp 00000000 08:01 139127     /usr/lib/locale/en_US.utf8/LC_CTYPE
002dd000-002df000 rwxp 00000000 00:00 0 
002df000-002e6000 r-xs 00063000 08:01 941466     /home/bright/Desktop/Project/webserver/node_modules/java/commons-lang3-node-java.jar
002e6000-002e9000 r-xs 00000000 08:01 804298     /var/cache/fontconfig/7ef2298fde41cc6eeb7af42e48b7d293-le32d4.cache-3
002e9000-002f1000 r-xs 00000000 08:01 804305     /var/cache/fontconfig/d52a8644073d54c13679302ca1180695-le32d4.cache-3
002f1000-002f4000 r-xs 00000000 08:01 804306     /var/cache/fontconfig/d60319d88cac85ba9e1a07bd06cfbb8c-le32d4.cache-3
002f4000-002f5000 r-xs 00000000 08:01 804294     /var/cache/fontconfig/6a53c69dea097a2d716e069445527da8-le32d4.cache-3
002f5000-002f7000 r-xp 00000000 08:01 133933     /usr/lib/libXau.so.6.0.0
002f7000-002f8000 r-xp 00001000 08:01 133933     /usr/lib/libXau.so.6.0.0
002f8000-002f9000 rwxp 00002000 08:01 133933     /usr/lib/libXau.so.6.0.0
002f9000-002fd000 r-xs 00000000 08:01 804301     /var/cache/fontconfig/a755afe4a08bf5b97852ceb7400b47bc-le32d4.cache-3
002fd000-002fe000 r-xs 00000000 08:01 804286     /var/cache/fontconfig/0d8c3b2ac0904cb8a57a757ad11a4a08-le32d4.cache-3
002fe000-00300000 r-xp 00000000 08:01 404375     /lib/tls/i686/cmov/libdl-2.11.1.so
00300000-00301000 r-xp 00001000 08:01 404375     /lib/tls/i686/cmov/libdl-2.11.1.so
00301000-00302000 rwxp 00002000 08:01 404375     /lib/tls/i686/cmov/libdl-2.11.1.so
00302000-0030b000 rwxp 00000000 00:00 0 
0030b000-00343000 rwxp 00000000 00:00 0 
00343000-00389000 r-xp 00000000 08:01 562755     /usr/lib/jvm/java-6-openjdk/jre/lib/i386/xawt/libmawt.so
00389000-0038a000 r-xp 00045000 08:01 562755     /usr/lib/jvm/java-6-openjdk/jre/lib/i386/xawt/libmawt.so
0038a000-0038c000 rwxp 00046000 08:01 562755     /usr/lib/jvm/java-6-openjdk/jre/lib/i386/xawt/libmawt.so
0038c000-0038d000 rwxp 00000000 00:00 0 
0038d000-00394000 r-xp 00000000 08:01 393459     /lib/tls/i686/cmov/librt-2.11.1.so
00394000-00395000 r-xp 00006000 08:01 393459     /lib/tls/i686/cmov/librt-2.11.1.so
00395000-00396000 rwxp 00007000 08:01 393459     /lib/tls/i686/cmov/librt-2.11.1.so
00396000-0039f000 rwxp 00000000 00:00 0 
0039f000-00456000 rwxp 00000000 00:00 0 
00456000-00464000 r-xp 00000000 08:01 134245     /usr/lib/libXext.so.6.4.0
00464000-00465000 r-xp 0000d000 08:01 134245     /usr/lib/libXext.so.6.4.0
00465000-00466000 rwxp 0000e000 08:01 134245     /usr/lib/libXext.so.6.4.0
00466000-0046e000 r-xp 00000000 08:01 135492     /usr/lib/libXrender.so.1.3.0
0046e000-0046f000 r-xp 00007000 08:01 135492     /usr/lib/libXrender.so.1.3.0
0046f000-00470000 rwxp 00008000 08:01 135492     /usr/lib/libXrender.so.1.3.0
00470000-0048d000 r-xp 00000000 08:01 262155     /lib/libgcc_s.so.1
0048d000-0048e000 r-xp 0001c000 08:01 262155     /lib/libgcc_s.so.1
0048e000-0048f000 rwxp 0001d000 08:01 262155     /lib/libgcc_s.so.1
0048f000-00490000 r-xs 00000000 08:01 804292     /var/cache/fontconfig/4c73fe0c47614734b17d736dbde7580a-le32d4.cache-3
00490000-00491000 rwxp 00000000 00:00 0 
00491000-00495000 r-xp 00000000 08:01 133944     /usr/lib/libXdmcp.so.6.0.0
00495000-00496000 r-xp 00003000 08:01 133944     /usr/lib/libXdmcp.so.6.0.0
00496000-00497000 rwxp 00004000 08:01 133944     /usr/lib/libXdmcp.so.6.0.0
00497000-0049a000 r-xs 00000000 08:01 804296     /var/cache/fontconfig/6eb3985aa4124903f6ff08ba781cd364-le32d4.cache-3
0049a000-0049b000 r-xs 00000000 08:01 804310     /var/cache/fontconfig/e7071f4a29fa870f4323321c154eba04-le32d4.cache-3
0049b000-0049e000 r-xs 00000000 08:01 804309     /var/cache/fontconfig/e383d7ea5fbe662a33d9b44caf393297-le32d4.cache-3
0049e000-004a0000 r-xs 00000000 08:01 804300     /var/cache/fontconfig/99e8ed0e538f840c565b6ed5dad60d56-le32d4.cache-3
004a0000-004a1000 r-xs 00000000 08:01 804302     /var/cache/fontconfig/c05880de57d1f5e948fdfacc138775d9-le32d4.cache-3
004a1000-004a2000 r-xp 00000000 00:00 0          [vdso]
004a2000-004ad000 r-xs 00000000 08:01 804287     /var/cache/fontconfig/0f34bcd4b6ee430af32735b75db7f02b-le32d4.cache-3
004ad000-004b0000 r-xs 00000000 08:01 804298     /var/cache/fontconfig/7ef2298fde41cc6eeb7af42e48b7d293-le32d4.cache-3
004b0000-004b2000 r-xs 00000000 08:01 798840     /var/cache/fontconfig/e13b20fdb08344e0e664864cc2ede53d-le32d4.cache-3
004b2000-004b6000 r-xp 00000000 08:01 132443     /usr/lib/libXtst.so.6.1.0
004b6000-004b7000 r-xp 00004000 08:01 132443     /usr/lib/libXtst.so.6.1.0
004b7000-004b8000 rwxp 00005000 08:01 132443     /usr/lib/libXtst.so.6.1.0
004b8000-004be000 r-xs 00000000 08:01 804299     /var/cache/fontconfig/945677eb7aeaf62f1d50efc3fb3ec7d8-le32d4.cache-3
004be000-004cb000 r-xp 00000000 08:01 133949     /usr/lib/libXi.so.6.1.0
004cb000-004cc000 r-xp 0000c000 08:01 133949     /usr/lib/libXi.so.6.1.0
004cc000-004cd000 rwxp 0000d000 08:01 133949     /usr/lib/libXi.so.6.1.0
004cd000-004e5000 r-xp 00000000 08:01 134143     /usr/lib/libxcb.so.1.1.0
004e5000-004e6000 r-xp 00017000 08:01 134143     /usr/lib/libxcb.so.1.1.0
004e6000-004e7000 rwxp 00018000 08:01 134143     /usr/lib/libxcb.so.1.1.0
004e7000-004e8000 r-xs 00000000 08:01 808842     /var/cache/fontconfig/4794a0821666d79190d59a36cb4f44b5-le32d4.cache-3
004e8000-004eb000 r-xs 00000000 08:01 804306     /var/cache/fontconfig/d60319d88cac85ba9e1a07bd06cfbb8c-le32d4.cache-3
004eb000-004f3000 r-xp 00000000 08:01 393469     /lib/tls/i686/cmov/libnss_nis-2.11.1.so
004f3000-004f4000 r-xp 00007000 08:01 393469     /lib/tls/i686/cmov/libnss_nis-2.11.1.so
004f4000-004f5000 rwxp 00008000 08:01 393469     /lib/tls/i686/cmov/libnss_nis-2.11.1.so
004f5000-004fb000 rwxp 00000000 00:00 0 
004fb000-0059d000 rwxp 00000000 00:00 0 
0059d000-005a0000 ---p 00000000 00:00 0 
005a0000-005ee000 rwxp 00000000 00:00 0 
005ee000-005f6000 r-xs 00000000 08:01 804305     /var/cache/fontconfig/d52a8644073d54c13679302ca1180695-le32d4.cache-3
005f6000-00601000 r-xs 00000000 08:01 804287     /var/cache/fontconfig/0f34bcd4b6ee430af32735b75db7f02b-le32d4.cache-3
00601000-00608000 r-xs 00000000 08:01 812635     /var/cache/fontconfig/6d41288fd70b0be22e8c3a91e032eec0-le32d4.cache-3
00608000-0060c000 r-xs 00000000 08:01 804301     /var/cache/fontconfig/a755afe4a08bf5b97852ceb7400b47bc-le32d4.cache-3
0060c000-0060d000 r-xs 00000000 08:01 804294     /var/cache/fontconfig/6a53c69dea097a2d716e069445527da8-le32d4.cache-3
0060d000-0060e000 r-xs 00000000 08:01 804286     /var/cache/fontconfig/0d8c3b2ac0904cb8a57a757ad11a4a08-le32d4.cache-3
0060e000-0060f000 r-xs 00000000 08:01 804292     /var/cache/fontconfig/4c73fe0c47614734b17d736dbde7580a-le32d4.cache-3
0060f000-00612000 r-xs 00000000 08:01 804296     /var/cache/fontconfig/6eb3985aa4124903f6ff08ba781cd364-le32d4.cache-3
00612000-00613000 r-xs 00000000 08:01 804310     /var/cache/fontconfig/e7071f4a29fa870f4323321c154eba04-le32d4.cache-3
00613000-00616000 r-xs 00000000 08:01 804309     /var/cache/fontconfig/e383d7ea5fbe662a33d9b44caf393297-le32d4.cache-3
00616000-00617000 r-xs 00000000 08:01 804302     /var/cache/fontconfig/c05880de57d1f5e948fdfacc138775d9-le32d4.cache-3
00617000-00773000 r-xp 00000000 08:01 404373     /lib/tls/i686/cmov/libc-2.11.1.so
00773000-00775000 r-xp 0015b000 08:01 404373     /lib/tls/i686/cmov/libc-2.11.1.so
00775000-00776000 rwxp 0015d000 08:01 404373     /lib/tls/i686/cmov/libc-2.11.1.so
00776000-00779000 rwxp 00000000 00:00 0 
00779000-0077c000 ---p 00000000 00:00 0 
0077c000-007ca000 rwxp 00000000 00:00 0 
007ca000-007cc000 r-xs 00000000 08:01 804300     /var/cache/fontconfig/99e8ed0e538f840c565b6ed5dad60d56-le32d4.cache-3
007cc000-007d2000 r-xs 00000000 08:01 804299     /var/cache/fontconfig/945677eb7aeaf62f1d50efc3fb3ec7d8-le32d4.cache-3
007d2000-007d9000 r-xs 00054000 08:01 559213     /usr/lib/jvm/java-6-openjdk/jre/lib/resources.jar
007d9000-007db000 r-xs 00005000 08:01 1181628    /home/bright/Desktop/Project/phrapp-0.30/bin/paillier.jar
007db000-007f0000 r-xp 00000000 08:01 404371     /lib/tls/i686/cmov/libpthread-2.11.1.so
007f0000-007f1000 r-xp 00014000 08:01 404371     /lib/tls/i686/cmov/libpthread-2.11.1.so
007f1000-007f2000 rwxp 00015000 08:01 404371     /lib/tls/i686/cmov/libpthread-2.11.1.so
007f2000-007f4000 rwxp 00000000 00:00 0 
007f4000-007f5000 ---p 00000000 00:00 0 
007f5000-00875000 rwxp 00000000 00:00 0 
00875000-00878000 ---p 00000000 00:00 0 
00878000-008c6000 rwxp 00000000 00:00 0 
008c6000-008ce000 r-xp 00000000 08:01 133940     /usr/lib/libXcursor.so.1.0.2
008ce000-008cf000 r-xp 00007000 08:01 133940     /usr/lib/libXcursor.so.1.0.2
008cf000-008d0000 rwxp 00008000 08:01 133940     /usr/lib/libXcursor.so.1.0.2
008d0000-008d1000 rwxp 00000000 00:00 0 
008d1000-008d7000 r-xs 00048000 08:01 1181626    /home/bright/Desktop/Project/phrapp-0.30/bin/commons-lang3-3.1.jar
008d7000-008de000 r-xp 00000000 08:01 562639     /usr/lib/jvm/java-6-openjdk/jre/lib/i386/libnio.so
008de000-008df000 r-xp 00006000 08:01 562639     /usr/lib/jvm/java-6-openjdk/jre/lib/i386/libnio.so
008df000-008e0000 rwxp 00007000 08:01 562639     /usr/lib/jvm/java-6-openjdk/jre/lib/i386/libnio.so
008e0000-008e4000 r-xp 00000000 08:01 133948     /usr/lib/libXfixes.so.3.1.0
008e4000-008e5000 r-xp 00003000 08:01 133948     /usr/lib/libXfixes.so.3.1.0
008e5000-008e6000 rwxp 00004000 08:01 133948     /usr/lib/libXfixes.so.3.1.0
008e6000-008e9000 rwxp 00000000 00:00 0 
008ea000-008ef000 rwxs 00000000 00:04 6684691    /SYSV00000000 (deleted)
008f1000-0091d000 r-xp 00000000 08:01 1182846    /home/bright/Desktop/Project/webserver/node_modules/java/build/Release/nodejavabridge_bindings.node
0091d000-0091e000 r-xp 0002b000 08:01 1182846    /home/bright/Desktop/Project/webserver/node_modules/java/build/Release/nodejavabridge_bindings.node
0091e000-0091f000 rwxp 0002c000 08:01 1182846    /home/bright/Desktop/Project/webserver/node_modules/java/build/Release/nodejavabridge_bindings.node
0091f000-0093c000 r-xs 00151000 08:01 1181625    /home/bright/Desktop/Project/phrapp-0.30/bin/swingx-all-1.6.3.jar
0093c000-00951000 r-xp 00000000 08:01 562626     /usr/lib/jvm/java-6-openjdk/jre/lib/i386/libnet.so
00951000-00952000 r-xp 00014000 08:01 562626     /usr/lib/jvm/java-6-openjdk/jre/lib/i386/libnet.so
00952000-00953000 rwxp 00015000 08:01 562626     /usr/lib/jvm/java-6-openjdk/jre/lib/i386/libnet.so
0095f000-00983000 r-xp 00000000 08:01 393462     /lib/tls/i686/cmov/libm-2.11.1.so
00983000-00984000 r-xp 00023000 08:01 393462     /lib/tls/i686/cmov/libm-2.11.1.so
00984000-00985000 rwxp 00024000 08:01 393462     /lib/tls/i686/cmov/libm-2.11.1.so
00985000-00988000 rwxp 00000000 00:00 0 
00988000-009d8000 rwxp 00000000 00:00 0 
009d8000-009de000 rwxp 00000000 00:00 0 
009de000-00a80000 rwxp 00000000 00:00 0 
00a80000-00a88000 rwxp 00000000 00:00 0 
00a88000-00ac0000 rwxp 00000000 00:00 0 
00ac0000-00acc000 rwxp 00000000 00:00 0 
00acc000-00acf000 ---p 00000000 00:00 0 
00acf000-00b4d000 rwxp 00000000 00:00 0 
00b4d000-00b50000 ---p 00000000 00:00 0 
00b50000-00bce000 rwxp 00000000 00:00 0 
00bce000-00bd1000 ---p 00000000 00:00 0 
00bd1000-00c1f000 rwxp 00000000 00:00 0 
00c33000-00c3a000 rwxp 00000000 00:00 0 
00c60000-00c61000 rwxp 00000000 00:00 0 
00c61000-00cb2000 r-xp 00000000 08:01 562607     /usr/lib/jvm/java-6-openjdk/jre/lib/i386/libfontmanager.so
00cb2000-00cb3000 r-xp 00051000 08:01 562607     /usr/lib/jvm/java-6-openjdk/jre/lib/i386/libfontmanager.so
00cb3000-00cb4000 rwxp 00052000 08:01 562607     /usr/lib/jvm/java-6-openjdk/jre/lib/i386/libfontmanager.so
00cbc000-00cc3000 r-xs 00000000 08:01 812635     /var/cache/fontconfig/6d41288fd70b0be22e8c3a91e032eec0-le32d4.cache-3
00cd8000-00cd9000 rwxp 00000000 00:00 0 
00ce1000-00cfc000 r-xp 00000000 08:01 275367     /lib/ld-2.11.1.so
00cfc000-00cfd000 r-xp 0001a000 08:01 275367     /lib/ld-2.11.1.so
00cfd000-00cfe000 rwxp 0001b000 08:01 275367     /lib/ld-2.11.1.so
00cfe000-0148d000 r-xp 00000000 08:01 562603     /usr/lib/jvm/java-6-openjdk/jre/lib/i386/server/libjvm.so
0148d000-014d4000 r-xp 0078e000 08:01 562603     /usr/lib/jvm/java-6-openjdk/jre/lib/i386/server/libjvm.so
014d4000-014e8000 rwxp 007d5000 08:01 562603     /usr/lib/jvm/java-6-openjdk/jre/lib/i386/server/libjvm.so
014e8000-01b44000 rwxp 00000000 00:00 0 
01b44000-04904000 rwxp 00000000 00:00 0 
04904000-04a9b000 r-xs 01a18000 08:01 562598     /usr/lib/jvm/java-6-openjdk/jre/lib/rt.jar
04a9b000-04bb4000 r-xp 00000000 08:01 134939     /usr/lib/libX11.so.6.3.0
04bb4000-04bb5000 r-xp 00118000 08:01 134939     /usr/lib/libX11.so.6.3.0
04bb5000-04bb7000 rwxp 00119000 08:01 134939     /usr/lib/libX11.so.6.3.0
04bb7000-04bb8000 rwxp 00000000 00:00 0 
04bb8000-04d06000 r-xp 00000000 08:01 1181633    /home/bright/Desktop/Project/phrapp-0.30/bin/libPHRapp_Login_JNI.so
04d06000-04d16000 rwxp 0014d000 08:01 1181633    /home/bright/Desktop/Project/phrapp-0.30/bin/libPHRapp_Login_JNI.so
04d16000-04d19000 rwxp 00000000 00:00 0 
04d19000-04d1c000 ---p 00000000 00:00 0 
04d1c000-0551a000 rwxp 00000000 00:00 0 
0551a000-0551d000 ---p 00000000 00:00 0 
0551d000-0556b000 rwxp 00000000 00:00 0 
0556b000-0556e000 ---p 00000000 00:00 0 
0556e000-056f9000 rwxp 00000000 00:00 0 
05731000-057a2000 r-xp 00000000 08:01 134481     /usr/lib/libfreetype.so.6.3.22
057a2000-057a6000 r-xp 00070000 08:01 134481     /usr/lib/libfreetype.so.6.3.22
057a6000-057a7000 rwxp 00074000 08:01 134481     /usr/lib/libfreetype.so.6.3.22
057a7000-05913000 r-xp 00000000 08:01 1181658    /home/bright/Desktop/Project/phrapp-0.30/bin/libPHRapp_User_JNI.so
05913000-05923000 rwxp 0016c000 08:01 1181658    /home/bright/Desktop/Project/phrapp-0.30/bin/libPHRapp_User_JNI.so
05923000-05926000 rwxp 00000000 00:00 0 
05e09000-05e0c000 ---p 00000000 00:00 0 
05e0c000-05e5a000 rwxp 00000000 00:00 0 
061f9000-061fc000 ---p 00000000 00:00 0 
061fc000-0624a000 rwxp 00000000 00:00 0 
06547000-0654a000 ---p 00000000 00:00 0 
0654a000-06598000 rwxp 00000000 00:00 0 
06907000-0698d000 r-xp 00000000 08:01 562617     /usr/lib/jvm/java-6-openjdk/jre/lib/i386/libawt.so
0698d000-0698e000 r-xp 00086000 08:01 562617     /usr/lib/jvm/java-6-openjdk/jre/lib/i386/libawt.so
0698e000-06995000 rwxp 00087000 08:01 562617     /usr/lib/jvm/java-6-openjdk/jre/lib/i386/libawt.so
06995000-069b9000 rwxp 00000000 00:00 0 
069b9000-069bc000 ---p 00000000 00:00 0 
069bc000-071ba000 rwxp 00000000 00:00 0 
071ba000-071bd000 ---p 00000000 00:00 0 
071bd000-079bb000 rwxp 00000000 00:00 0 
07e6a000-07e6b000 ---p 00000000 00:00 0 
07e6b000-07eeb000 rwxp 00000000 00:00 0 
08048000-08e2d000 r-xp 00000000 08:01 567688     /usr/local/bin/node
08e2d000-08e3c000 rwxp 00de5000 08:01 567688     /usr/local/bin/node
08e3c000-08e44000 rwxp 00000000 00:00 0 
0948c000-098f6000 rwxp 00000000 00:00 0          [heap]
21400000-21419000 rwxp 00000000 00:00 0 
22800000-22839000 rwxp 00000000 00:00 0 
23a00000-23b00000 rwxp 00000000 00:00 0 
28900000-28909000 rwxp 00000000 00:00 0 
28909000-2890a000 ---p 00000000 00:00 0 
2890a000-289ff000 rwxp 00000000 00:00 0 
289ff000-28a00000 ---p 00000000 00:00 0 
2acc6000-2ad06000 rwxp 00000000 00:00 0 
2ad06000-2adc6000 ---p 00000000 00:00 0 
2c100000-2c109000 rwxp 00000000 00:00 0 
2c109000-2c10a000 ---p 00000000 00:00 0 
2c10a000-2c1ff000 rwxp 00000000 00:00 0 
2c1ff000-2c200000 ---p 00000000 00:00 0 
2c400000-2c500000 rwxp 00000000 00:00 0 
2e600000-2e700000 rwxp 00000000 00:00 0 
36300000-36309000 rwxp 00000000 00:00 0 
36309000-3630a000 ---p 00000000 00:00 0 
3630a000-3630b000 rwxp 00000000 00:00 0 
3630b000-36334000 ---p 00000000 00:00 0 
3cb00000-3cb79000 rwxp 00000000 00:00 0 
3e400000-3e500000 rwxp 00000000 00:00 0 
40900000-40a00000 rwxp 00000000 00:00 0 
44bc3000-44bc4000 r-xp 00000000 00:00 0 
46700000-46711000 rwxp 00000000 00:00 0 
47d7e000-47d7f000 r-xp 00000000 00:00 0 
48700000-48800000 rwxp 00000000 00:00 0 
4b300000-4b309000 rwxp 00000000 00:00 0 
4b309000-4b30a000 ---p 00000000 00:00 0 
4b30a000-4b30b000 rwxp 00000000 00:00 0 
4b30b000-4b334000 ---p 00000000 00:00 0 
4e200000-4e300000 rwxp 00000000 00:00 0 
4f5d7000-4f5e0000 ---p 00000000 00:00 0 
4f5e0000-4f5f0000 rwxp 00000000 00:00 0 
4f5f0000-4f607000 ---p 00000000 00:00 0 
52600000-52700000 rwxp 00000000 00:00 0 
55e00000-55e09000 rwxp 00000000 00:00 0 
55e09000-55e0a000 ---p 00000000 00:00 0 
55e0a000-55e82000 rwxp 00000000 00:00 0 
55e82000-55e83000 ---p 00000000 00:00 0 
5a200000-5a300000 rwxp 00000000 00:00 0 
5ac00000-5ac09000 rwxp 00000000 00:00 0 
5ac09000-5ac0a000 ---p 00000000 00:00 0 
5ac0a000-5ac0b000 rwxp 00000000 00:00 0 
5ac0b000-5ac34000 ---p 00000000 00:00 0 
6b310000-6b840000 rwxp 00000000 00:00 0 
6b840000-75a60000 rwxp 00000000 00:00 0 
75a60000-764e0000 rwxp 00000000 00:00 0 
764e0000-8a910000 rwxp 00000000 00:00 0 
8a910000-8b910000 rwxp 00000000 00:00 0 
8b910000-92910000 rwxp 00000000 00:00 0 
92910000-92eaf000 r-xp 00001000 08:01 562939     /usr/lib/jvm/java-6-openjdk/jre/lib/i386/server/classes.jsa
92eaf000-93310000 rwxp 00000000 00:00 0 
93310000-93a9e000 rwxp 005a0000 08:01 562939     /usr/lib/jvm/java-6-openjdk/jre/lib/i386/server/classes.jsa
93a9e000-93f10000 rwxp 00000000 00:00 0 
93f10000-94220000 rwxp 00d2e000 08:01 562939     /usr/lib/jvm/java-6-openjdk/jre/lib/i386/server/classes.jsa
94220000-94310000 rwxp 00000000 00:00 0 
94310000-94319000 r-xp 0103e000 08:01 562939     /usr/lib/jvm/java-6-openjdk/jre/lib/i386/server/classes.jsa
94319000-94710000 rwxp 00000000 00:00 0 
b5600000-b5700000 rwxp 00000000 00:00 0 
b57ff000-b5802000 ---p 00000000 00:00 0 
b5802000-b6800000 rwxp 00000000 00:00 0 
b6800000-b7000000 rwxp 00000000 00:00 0 
b7100000-b7272000 rwxp 00000000 00:00 0 
b7272000-b7300000 ---p 00000000 00:00 0 
b7300000-b7719000 rwxp 00000000 00:00 0 
bfa2b000-bfa2e000 ---p 00000000 00:00 0 
bfa2f000-bfa7b000 rwxp 00000000 00:00 0          [stack]

VM Arguments:
jvm_args: -Djava.library.path=../phrapp-0.30/bin/ -classpath *:../phrapp-0.30/bin/ 
java_command: <unknown>
Launcher Type: generic

Environment Variables:
PATH=/usr/local/sbin:/usr/local/bin:/usr/sbin:/usr/bin:/sbin:/bin:/usr/games:/usr/lib/jvm/java-6-openjdk/jre/lib/i386/cacao
USERNAME=bright
SHELL=/bin/bash
DISPLAY=:0.0

Signal Handlers:
SIGSEGV: [libjvm.so+0x718200], sa_mask[0]=0x7ffbfeff, sa_flags=0x10000004
SIGBUS: [libjvm.so+0x718200], sa_mask[0]=0x7ffbfeff, sa_flags=0x10000004
SIGFPE: [libjvm.so+0x5c9850], sa_mask[0]=0x7ffbfeff, sa_flags=0x10000004
SIGPIPE: [libjvm.so+0x5c9850], sa_mask[0]=0x7ffbfeff, sa_flags=0x10000004
SIGXFSZ: [libjvm.so+0x5c9850], sa_mask[0]=0x7ffbfeff, sa_flags=0x10000004
SIGILL: [libjvm.so+0x5c9850], sa_mask[0]=0x7ffbfeff, sa_flags=0x10000004
SIGUSR1: [+0x81fd50], sa_mask[0]=0x7ffbfeff, sa_flags=0x00000000
SIGUSR2: [libjvm.so+0x5c92d0], sa_mask[0]=0x00000000, sa_flags=0x10000004
SIGHUP: [libjvm.so+0x5cc8d0], sa_mask[0]=0x7ffbfeff, sa_flags=0x10000004
SIGINT: [libjvm.so+0x5cc8d0], sa_mask[0]=0x7ffbfeff, sa_flags=0x10000004
SIGTERM: [libjvm.so+0x5cc8d0], sa_mask[0]=0x7ffbfeff, sa_flags=0x10000004
SIGQUIT: [libjvm.so+0x5cc8d0], sa_mask[0]=0x7ffbfeff, sa_flags=0x10000004


---------------  S Y S T E M  ---------------

OS:Ubuntu 10.04 (lucid)
uname:Linux 2.6.32-38-generic #83-Ubuntu SMP Wed Jan 4 11:13:04 UTC 2012 i686
libc:glibc 2.11.1 NPTL 2.11.1 
rlimit: STACK 8192k, CORE 0k, NPROC infinity, NOFILE 1024, AS infinity
load average:1.01 0.87 0.58

/proc/meminfo:
MemTotal:        1025960 kB
MemFree:          156584 kB
Buffers:          111956 kB
Cached:           476992 kB
SwapCached:            0 kB
Active:           442860 kB
Inactive:         361796 kB
Active(anon):     216044 kB
Inactive(anon):     5040 kB
Active(file):     226816 kB
Inactive(file):   356756 kB
Unevictable:           0 kB
Mlocked:               0 kB
HighTotal:        139144 kB
HighFree:            252 kB
LowTotal:         886816 kB
LowFree:          156332 kB
SwapTotal:        916472 kB
SwapFree:         916472 kB
Dirty:               108 kB
Writeback:             0 kB
AnonPages:        215708 kB
Mapped:            93768 kB
Shmem:              5380 kB
Slab:              48312 kB
SReclaimable:      39220 kB
SUnreclaim:         9092 kB
KernelStack:        2560 kB
PageTables:         5732 kB
NFS_Unstable:          0 kB
Bounce:                0 kB
WritebackTmp:          0 kB
CommitLimit:     1429452 kB
Committed_AS:    1199496 kB
VmallocTotal:     122880 kB
VmallocUsed:        6932 kB
VmallocChunk:     109816 kB
HardwareCorrupted:     0 kB
HugePages_Total:       0
HugePages_Free:        0
HugePages_Rsvd:        0
HugePages_Surp:        0
Hugepagesize:       4096 kB
DirectMap4k:       16376 kB
DirectMap4M:      892928 kB


CPU:total 1 (1 cores per cpu, 1 threads per core) family 6 model 69 stepping 1, cmov, cx8, fxsr, mmx, sse, sse2, sse3, ssse3, sse4.1, sse4.2, popcnt, avx, tsc, tscinvbit

/proc/cpuinfo:
processor	: 0
vendor_id	: GenuineIntel
cpu family	: 6
model		: 69
model name	: Intel(R) Core(TM) i7-4510U CPU @ 2.00GHz
stepping	: 1
cpu MHz		: 2594.029
cache size	: 4096 KB
fdiv_bug	: no
hlt_bug		: no
f00f_bug	: no
coma_bug	: no
fpu		: yes
fpu_exception	: yes
cpuid level	: 13
wp		: yes
flags		: fpu vme de pse tsc msr pae mce cx8 apic mtrr pge mca cmov pat pse36 clflush dts mmx fxsr sse sse2 ss nx pdpe1gb rdtscp constant_tsc up arch_perfmon pebs bts xtopology tsc_reliable nonstop_tsc aperfmperf pni pclmulqdq ssse3 fma sse4_1 sse4_2 x2apic movbe popcnt aes xsave avx hypervisor ida arat
bogomips	: 5188.05
clflush size	: 64
cache_alignment	: 64
address sizes	: 40 bits physical, 48 bits virtual
power management:



Memory: 4k page, physical 1025960k(159204k free), swap 916472k(916472k free)

vm_info: OpenJDK Server VM (23.25-b01) for linux-x86 JRE (1.6.0_33-b33), built on Oct 15 2014 12:31:00 by "buildd" with gcc 4.4.3

time: Thu Oct 15 09:08:43 2015
elapsed time: 384 seconds

