#
# A fatal error has been detected by the Java Runtime Environment:
#
#  SIGSEGV (0xb) at pc=0x012ff949, pid=18683, tid=110701424
#
# JRE version: 6.0_33-b33
# Java VM: OpenJDK Server VM (23.25-b01 mixed mode, sharing linux-x86 )
# Derivative: IcedTea6 1.13.5
# Distribution: Ubuntu 10.04.1 LTS, package 6b33-1.13.5-1ubuntu0.10.04
# Problematic frame:
# V  [libjvm.so+0x414949]  jni_GetStringUTFChars+0x89
#
# Failed to write core dump. Core dumps have been disabled. To enable core dumping, try "ulimit -c unlimited" before starting Java again
#
# If you would like to submit a bug report, please include
# instructions how to reproduce the bug and visit:
#   https://bugs.launchpad.net/ubuntu/+source/openjdk-6/
#

---------------  T H R E A D  ---------------

Current thread (0x0ab9c000):  JavaThread "Thread-6" [_thread_in_vm, id=18761, stack(0x06942000,0x06993000)]

siginfo:si_signo=SIGSEGV: si_errno=0, si_code=1 (SEGV_MAPERR), si_addr=0x00000000

Registers:
EAX=0x00000000, EBX=0x016c0ff4, ECX=0x00000000, EDX=0x00000000
ESP=0x06991b90, EBP=0x06991be8, ESI=0x0ab9c000, EDI=0x0ab08238
EIP=0x012ff949, EFLAGS=0x00010246, CR2=0x00000000

Top of Stack: (sp=0x06991b90)
0x06991b90:   06991bbc 0ab9c000 016e1820 016e1820
0x06991ba0:   00000000 0000003c 6b47f388 06991bbc
0x06991bb0:   012e8e2e 01b035b4 0153b216 0ab9c000
0x06991bc0:   00000000 06991de8 0ab81ed0 0ab9c000
0x06991bd0:   012e258b 06991bfc 06991c03 0ab9c128
0x06991be0:   8a96c340 0ab08238 06991c28 067defc8
0x06991bf0:   0ab9c128 00000000 00000000 0ab9c000
0x06991c00:   00b033d4 01af3b48 00000000 06991c84 

Instructions: (pc=0x012ff949)
0x012ff929:   00 c7 86 64 01 00 00 06 00 00 00 8d 45 d4 89 45
0x012ff939:   c4 52 89 75 e4 52 56 50 e8 ea 45 01 00 8b 45 0c
0x012ff949:   8b 10 89 14 24 89 55 c0 e8 9a ff fe ff 8d 48 01
0x012ff959:   89 0c 24 89 4d bc e8 5c 17 1b 00 83 c4 10 89 c7 

Register to memory mapping:

EAX=0x00000000 is an unknown value
EBX=0x016c0ff4: <offset 0x7d5ff4> in /usr/lib/jvm/java-6-openjdk/jre/lib/i386/server/libjvm.so at 0x00eeb000
ECX=0x00000000 is an unknown value
EDX=0x00000000 is an unknown value
ESP=0x06991b90 is pointing into the stack for thread: 0x0ab9c000
EBP=0x06991be8 is pointing into the stack for thread: 0x0ab9c000
ESI=0x0ab9c000 is a thread
EDI=0x0ab08238 is an unknown value


Stack: [0x06942000,0x06993000],  sp=0x06991b90,  free space=318k
Native frames: (J=compiled Java code, j=interpreted, Vv=VM code, C=native code)
V  [libjvm.so+0x414949]  jni_GetStringUTFChars+0x89
C  [libPHRapp_User_JNI.so+0x6cfc8]  Java_UserMain_encrypt_1phr_1main+0x48
j  UserMain.encrypt_phr_main(Ljava/lang/String;Ljava/lang/String;)Z+0
j  UserMain.perform_phr_uploading_transaction(Ljava/lang/String;Ljava/lang/String;Ljava/lang/String;Ljava/lang/String;Ljava/lang/String;Ljava/lang/String;)V+322
j  UserMain.access$11200(LUserMain;Ljava/lang/String;Ljava/lang/String;Ljava/lang/String;Ljava/lang/String;Ljava/lang/String;Ljava/lang/String;)V+10
j  UserMain$44.run()V+28
v  ~StubRoutines::call_stub
V  [libjvm.so+0x401bd4]  JavaCalls::call_helper(JavaValue*, methodHandle*, JavaCallArguments*, Thread*)+0x314
V  [libjvm.so+0x5c7de9]  os::os_exception_wrapper(void (*)(JavaValue*, methodHandle*, JavaCallArguments*, Thread*), JavaValue*, methodHandle*, JavaCallArguments*, Thread*)+0x19
V  [libjvm.so+0x40111a]  JavaCalls::call_virtual(JavaValue*, KlassHandle, Symbol*, Symbol*, JavaCallArguments*, Thread*)+0x10a
V  [libjvm.so+0x40124b]  JavaCalls::call_virtual(JavaValue*, Handle, KlassHandle, Symbol*, Symbol*, Thread*)+0x4b
V  [libjvm.so+0x445d4c]  thread_entry(JavaThread*, Thread*)+0xcc
V  [libjvm.so+0x6dbe59]  JavaThread::thread_main_inner()+0xe9
V  [libjvm.so+0x5cfb61]  java_start(Thread*)+0x131
C  [libpthread.so.0+0x596e]  start_thread+0xbe

Java frames: (J=compiled Java code, j=interpreted, Vv=VM code)
j  UserMain.encrypt_phr_main(Ljava/lang/String;Ljava/lang/String;)Z+0
j  UserMain.perform_phr_uploading_transaction(Ljava/lang/String;Ljava/lang/String;Ljava/lang/String;Ljava/lang/String;Ljava/lang/String;Ljava/lang/String;)V+322
j  UserMain.access$11200(LUserMain;Ljava/lang/String;Ljava/lang/String;Ljava/lang/String;Ljava/lang/String;Ljava/lang/String;Ljava/lang/String;)V+10
j  UserMain$44.run()V+28
v  ~StubRoutines::call_stub

---------------  P R O C E S S  ---------------

Java Threads: ( => current thread )
=>0x0ab9c000 JavaThread "Thread-6" [_thread_in_vm, id=18761, stack(0x06942000,0x06993000)]
  0x0ab06c00 JavaThread "Thread-5" [_thread_in_native, id=18696, stack(0x056ce000,0x05ecf000)]
  0x0ac13c00 JavaThread "Thread-4" [_thread_in_native, id=18698, stack(0x07262000,0x07a63000)]
  0x0ab91800 JavaThread "Thread-3" [_thread_in_native, id=18695, stack(0x04ecd000,0x056ce000)]
  0xb7517400 JavaThread "Thread-2" [_thread_blocked, id=18737, stack(0x068f1000,0x06942000)]
  0xb7592400 JavaThread "AWT-EventQueue-1" [_thread_blocked, id=18724, stack(0x06721000,0x06772000)]
  0xb7596400 JavaThread "AWT-Shutdown" [_thread_blocked, id=18723, stack(0x066d0000,0x06721000)]
  0xb755f000 JavaThread "AWT-XAWT" daemon [_thread_in_native, id=18693, stack(0x04d1b000,0x04d6c000)]
  0xb7520800 JavaThread "Java2D Disposer" daemon [_thread_blocked, id=18692, stack(0x0a2fc000,0x0a34d000)]
  0x0aaaa000 JavaThread "Low Memory Detector" daemon [_thread_blocked, id=18690, stack(0x0095f000,0x009b0000)]
  0x0aaa7400 JavaThread "C2 CompilerThread1" daemon [_thread_blocked, id=18689, stack(0x04af1000,0x04b72000)]
  0x0aaa5800 JavaThread "C2 CompilerThread0" daemon [_thread_blocked, id=18688, stack(0x00de3000,0x00e64000)]
  0x0aaa4000 JavaThread "Signal Dispatcher" daemon [_thread_blocked, id=18687, stack(0x0090e000,0x0095f000)]
  0x0aa9bc00 JavaThread "Finalizer" daemon [_thread_blocked, id=18686, stack(0x00717000,0x00768000)]
  0x0aa9a400 JavaThread "Reference Handler" daemon [_thread_blocked, id=18685, stack(0x006c6000,0x00717000)]
  0x0aa11c00 JavaThread "main" [_thread_in_native, id=18683, stack(0xbf9a6000,0xbf9f6000)]

Other Threads:
  0x0aa90800 VMThread [stack: 0x00645000,0x006c6000] [id=18684]
  0x0aaac000 WatcherThread [stack: 0x04b72000,0x04bf3000] [id=18691]

VM state:not at safepoint (normal execution)

VM Mutex/Monitor currently owned by a thread: None

Heap
 def new generation   total 4800K, used 2817K [0x6b310000, 0x6b840000, 0x75a60000)
  eden space 4288K,  53% used [0x6b310000, 0x6b5505d0, 0x6b740000)
  from space 512K, 100% used [0x6b7c0000, 0x6b840000, 0x6b840000)
  to   space 512K,   0% used [0x6b740000, 0x6b740000, 0x6b7c0000)
 tenured generation   total 10752K, used 739K [0x75a60000, 0x764e0000, 0x8a910000)
   the space 10752K,   6% used [0x75a60000, 0x75b18ca0, 0x75b18e00, 0x764e0000)
 compacting perm gen  total 16384K, used 961K [0x8a910000, 0x8b910000, 0x92910000)
   the space 16384K,   5% used [0x8a910000, 0x8aa005c8, 0x8aa00600, 0x8b910000)
    ro space 10240K,  56% used [0x92910000, 0x92eae3d8, 0x92eae400, 0x93310000)
    rw space 12288K,  62% used [0x93310000, 0x93a9d090, 0x93a9d200, 0x93f10000)

Card table byte_map: [0x00788000,0x008cf000] byte_map_base: 0x0042e780

Polling page: 0x00e77000

Code Cache  [0x01af1000, 0x01d31000, 0x04af1000)
 total_blobs=295 nmethods=60 adapters=188 free_code_cache=48715Kb largest_free_block=49860288

Compilation events (10 events):
Event: 22.436 Thread 0x0aaa5800   53             java.util.ArrayList::size (5 bytes)
Event: 22.437 Thread 0x0aaa5800 nmethod 53 0x01b5df48 code [0x01b5e020, 0x01b5e070]
Event: 28.450 Thread 0x0aaa5800   54             sun.font.FontDesignMetrics::stringWidth (154 bytes)
Event: 28.487 Thread 0x0aaa5800 nmethod 54 0x01b63908 code [0x01b63a80, 0x01b63d90]
Event: 80.334 Thread 0x0aaa7400   56             java.awt.Component::getFont_NoClientCode (29 bytes)
Event: 80.339 Thread 0x0aaa7400 nmethod 56 0x01b5dd08 code [0x01b5de00, 0x01b5de7c]
Event: 80.552 Thread 0x0aaa5800   57             java.lang.Math::max (11 bytes)
Event: 80.554 Thread 0x0aaa5800 nmethod 57 0x01b54bc8 code [0x01b54ca0, 0x01b54cd0]
Event: 90.571 Thread 0x0aaa5800   58             java.awt.Component::isValid (20 bytes)
Event: 90.573 Thread 0x0aaa5800 nmethod 58 0x01b54a48 code [0x01b54b20, 0x01b54b70]

GC Heap History (2 events):
Event: 19.805 GC heap before
{Heap before GC invocations=0 (full 0):
 def new generation   total 4800K, used 4288K [0x6b310000, 0x6b840000, 0x75a60000)
  eden space 4288K, 100% used [0x6b310000, 0x6b740000, 0x6b740000)
  from space 512K,   0% used [0x6b740000, 0x6b740000, 0x6b7c0000)
  to   space 512K,   0% used [0x6b7c0000, 0x6b7c0000, 0x6b840000)
 tenured generation   total 10752K, used 0K [0x75a60000, 0x764e0000, 0x8a910000)
   the space 10752K,   0% used [0x75a60000, 0x75a60000, 0x75a60200, 0x764e0000)
 compacting perm gen  total 16384K, used 610K [0x8a910000, 0x8b910000, 0x92910000)
   the space 16384K,   3% used [0x8a910000, 0x8a9a8b00, 0x8a9a8c00, 0x8b910000)
    ro space 10240K,  56% used [0x92910000, 0x92eae3d8, 0x92eae400, 0x93310000)
    rw space 12288K,  62% used [0x93310000, 0x93a9d090, 0x93a9d200, 0x93f10000)
Event: 19.839 GC heap after
Heap after GC invocations=1 (full 0):
 def new generation   total 4800K, used 512K [0x6b310000, 0x6b840000, 0x75a60000)
  eden space 4288K,   0% used [0x6b310000, 0x6b310000, 0x6b740000)
  from space 512K, 100% used [0x6b7c0000, 0x6b840000, 0x6b840000)
  to   space 512K,   0% used [0x6b740000, 0x6b740000, 0x6b7c0000)
 tenured generation   total 10752K, used 739K [0x75a60000, 0x764e0000, 0x8a910000)
   the space 10752K,   6% used [0x75a60000, 0x75b18ca0, 0x75b18e00, 0x764e0000)
 compacting perm gen  total 16384K, used 610K [0x8a910000, 0x8b910000, 0x92910000)
   the space 16384K,   3% used [0x8a910000, 0x8a9a8b00, 0x8a9a8c00, 0x8b910000)
    ro space 10240K,  56% used [0x92910000, 0x92eae3d8, 0x92eae400, 0x93310000)
    rw space 12288K,  62% used [0x93310000, 0x93a9d090, 0x93a9d200, 0x93f10000)
}

Deoptimization events (10 events):
Event: 0.415 Thread 0x0aa11c00 Uncommon trap -34 fr.pc 0x01b3ec8c
Event: 0.416 Thread 0x0aa11c00 Uncommon trap -34 fr.pc 0x01b3ec8c
Event: 0.420 Thread 0x0aa11c00 Uncommon trap -34 fr.pc 0x01b3ec8c
Event: 0.440 Thread 0x0aa11c00 Uncommon trap -34 fr.pc 0x01b3ec8c
Event: 18.957 Thread 0x0aa11c00 Uncommon trap -34 fr.pc 0x01b4d030
Event: 19.305 Thread 0x0aa11c00 Uncommon trap -34 fr.pc 0x01b41d1c
Event: 19.741 Thread 0x0aa11c00 Uncommon trap -34 fr.pc 0x01b41d1c
Event: 19.742 Thread 0x0aa11c00 Uncommon trap -34 fr.pc 0x01b41d1c
Event: 19.742 Thread 0x0aa11c00 Uncommon trap -34 fr.pc 0x01b41d1c
Event: 72.044 Thread 0x0ab91800 Uncommon trap -83 fr.pc 0x01b579b8

Internal exceptions (10 events):
Event: 72.471 Thread 0x0ab91800 Threw 0x6b4d6760 at /build/buildd/openjdk-6-6b33-1.13.5/build/openjdk/hotspot/src/share/vm/classfile/systemDictionary.cpp:179
Event: 72.472 Thread 0x0ab91800 Threw 0x6b4d69e8 at /build/buildd/openjdk-6-6b33-1.13.5/build/openjdk/hotspot/src/share/vm/prims/jvm.cpp:1272
Event: 80.682 Thread 0x0ab06c00 Threw 0x6b4f69f8 at /build/buildd/openjdk-6-6b33-1.13.5/build/openjdk/hotspot/src/share/vm/classfile/systemDictionary.cpp:179
Event: 80.682 Thread 0x0ab06c00 Threw 0x6b4f6c80 at /build/buildd/openjdk-6-6b33-1.13.5/build/openjdk/hotspot/src/share/vm/prims/jvm.cpp:1272
Event: 80.730 Thread 0x0ab06c00 Threw 0x6b4f8e58 at /build/buildd/openjdk-6-6b33-1.13.5/build/openjdk/hotspot/src/share/vm/classfile/systemDictionary.cpp:179
Event: 80.730 Thread 0x0ab06c00 Threw 0x6b4f90e0 at /build/buildd/openjdk-6-6b33-1.13.5/build/openjdk/hotspot/src/share/vm/prims/jvm.cpp:1272
Event: 91.803 Thread 0x0aa11c00 Threw 0x6b487228 at /build/buildd/openjdk-6-6b33-1.13.5/build/openjdk/hotspot/src/share/vm/classfile/systemDictionary.cpp:179
Event: 91.804 Thread 0x0aa11c00 Threw 0x6b487570 at /build/buildd/openjdk-6-6b33-1.13.5/build/openjdk/hotspot/src/share/vm/prims/jvm.cpp:1272
Event: 91.824 Thread 0x0aa11c00 Threw 0x6b51b990 at /build/buildd/openjdk-6-6b33-1.13.5/build/openjdk/hotspot/src/share/vm/classfile/systemDictionary.cpp:179
Event: 91.824 Thread 0x0aa11c00 Threw 0x6b51bcd8 at /build/buildd/openjdk-6-6b33-1.13.5/build/openjdk/hotspot/src/share/vm/prims/jvm.cpp:1272

Events (10 events):
Event: 80.736 Executing VM operation: RevokeBias done
Event: 80.736 Executing VM operation: RevokeBias
Event: 80.736 Executing VM operation: RevokeBias done
Event: 80.736 Executing VM operation: RevokeBias
Event: 80.736 Executing VM operation: RevokeBias done
Event: 91.803 loading class 0xb7501a30
Event: 91.803 loading class 0xb7501a30 done
Event: 91.824 loading class 0xb75019d0
Event: 91.824 loading class 0xb75019d0 done
Event: 91.882 Thread 0x0ab9c000 Thread added: 0x0ab9c000


Dynamic libraries:
00110000-001f9000 r-xp 00000000 08:01 150990     /usr/lib/libstdc++.so.6.0.13
001f9000-001fd000 r-xp 000e9000 08:01 150990     /usr/lib/libstdc++.so.6.0.13
001fd000-001fe000 rwxp 000ed000 08:01 150990     /usr/lib/libstdc++.so.6.0.13
001fe000-00205000 rwxp 00000000 00:00 0 
00205000-00361000 r-xp 00000000 08:01 404373     /lib/tls/i686/cmov/libc-2.11.1.so
00361000-00363000 r-xp 0015b000 08:01 404373     /lib/tls/i686/cmov/libc-2.11.1.so
00363000-00364000 rwxp 0015d000 08:01 404373     /lib/tls/i686/cmov/libc-2.11.1.so
00364000-00368000 rwxp 00000000 00:00 0 
00368000-0038c000 r-xp 00000000 08:01 562610     /usr/lib/jvm/java-6-openjdk/jre/lib/i386/libjava.so
0038c000-0038d000 r-xp 00023000 08:01 562610     /usr/lib/jvm/java-6-openjdk/jre/lib/i386/libjava.so
0038d000-0038f000 rwxp 00024000 08:01 562610     /usr/lib/jvm/java-6-openjdk/jre/lib/i386/libjava.so
0038f000-00397000 rwxs 00000000 08:01 677258     /tmp/hsperfdata_bright/18683
00397000-0039e000 r-xp 00000000 08:01 562624     /usr/lib/jvm/java-6-openjdk/jre/lib/i386/libzip.so
0039e000-0039f000 r-xp 00006000 08:01 562624     /usr/lib/jvm/java-6-openjdk/jre/lib/i386/libzip.so
0039f000-003a0000 rwxp 00007000 08:01 562624     /usr/lib/jvm/java-6-openjdk/jre/lib/i386/libzip.so
003a0000-003a6000 rwxp 00000000 00:00 0 
003a6000-003ad000 r-xs 00000000 08:01 151156     /usr/lib/gconv/gconv-modules.cache
003ad000-003af000 r-xs 0000f000 08:01 559195     /usr/lib/jvm/java-6-openjdk/jre/lib/ext/pulse-java.jar
003af000-003b6000 r-xs 00063000 08:01 941466     /home/bright/Desktop/Project/webserver/node_modules/java/commons-lang3-node-java.jar
003b6000-003b9000 r-xs 00000000 08:01 804298     /var/cache/fontconfig/7ef2298fde41cc6eeb7af42e48b7d293-le32d4.cache-3
003b9000-003bb000 r-xs 00000000 08:01 798840     /var/cache/fontconfig/e13b20fdb08344e0e664864cc2ede53d-le32d4.cache-3
003bb000-003c3000 r-xs 00000000 08:01 804305     /var/cache/fontconfig/d52a8644073d54c13679302ca1180695-le32d4.cache-3
003c3000-003c4000 r-xs 00000000 08:01 808842     /var/cache/fontconfig/4794a0821666d79190d59a36cb4f44b5-le32d4.cache-3
003c4000-003c5000 r-xs 00000000 08:01 804294     /var/cache/fontconfig/6a53c69dea097a2d716e069445527da8-le32d4.cache-3
003c5000-003cd000 r-xp 00000000 08:01 135492     /usr/lib/libXrender.so.1.3.0
003cd000-003ce000 r-xp 00007000 08:01 135492     /usr/lib/libXrender.so.1.3.0
003ce000-003cf000 rwxp 00008000 08:01 135492     /usr/lib/libXrender.so.1.3.0
003cf000-003d0000 r-xs 00000000 08:01 804286     /var/cache/fontconfig/0d8c3b2ac0904cb8a57a757ad11a4a08-le32d4.cache-3
003d0000-003e3000 r-xp 00000000 08:01 262350     /lib/libz.so.1.2.3.3
003e3000-003e4000 r-xp 00012000 08:01 262350     /lib/libz.so.1.2.3.3
003e4000-003e5000 rwxp 00013000 08:01 262350     /lib/libz.so.1.2.3.3
003e5000-003f3000 r-xp 00000000 08:01 134245     /usr/lib/libXext.so.6.4.0
003f3000-003f4000 r-xp 0000d000 08:01 134245     /usr/lib/libXext.so.6.4.0
003f4000-003f5000 rwxp 0000e000 08:01 134245     /usr/lib/libXext.so.6.4.0
003f5000-003f9000 r-xp 00000000 08:01 132443     /usr/lib/libXtst.so.6.1.0
003f9000-003fa000 r-xp 00004000 08:01 132443     /usr/lib/libXtst.so.6.1.0
003fa000-003fb000 rwxp 00005000 08:01 132443     /usr/lib/libXtst.so.6.1.0
003fb000-00408000 r-xp 00000000 08:01 133949     /usr/lib/libXi.so.6.1.0
00408000-00409000 r-xp 0000c000 08:01 133949     /usr/lib/libXi.so.6.1.0
00409000-0040a000 rwxp 0000d000 08:01 133949     /usr/lib/libXi.so.6.1.0
0040a000-0041d000 r-xp 00000000 08:01 404379     /lib/tls/i686/cmov/libnsl-2.11.1.so
0041d000-0041e000 r-xp 00012000 08:01 404379     /lib/tls/i686/cmov/libnsl-2.11.1.so
0041e000-0041f000 rwxp 00013000 08:01 404379     /lib/tls/i686/cmov/libnsl-2.11.1.so
0041f000-0042a000 rwxp 00000000 00:00 0 
0042a000-00462000 rwxp 00000000 00:00 0 
00462000-0047a000 r-xp 00000000 08:01 134143     /usr/lib/libxcb.so.1.1.0
0047a000-0047b000 r-xp 00017000 08:01 134143     /usr/lib/libxcb.so.1.1.0
0047b000-0047c000 rwxp 00018000 08:01 134143     /usr/lib/libxcb.so.1.1.0
0047c000-0047f000 r-xs 00000000 08:01 804306     /var/cache/fontconfig/d60319d88cac85ba9e1a07bd06cfbb8c-le32d4.cache-3
0047f000-00489000 rwxp 00000000 00:00 0 
00489000-00540000 rwxp 00000000 00:00 0 
00540000-00546000 rwxp 00000000 00:00 0 
00546000-005e8000 rwxp 00000000 00:00 0 
005e8000-005ec000 r-xp 00000000 08:01 133944     /usr/lib/libXdmcp.so.6.0.0
005ec000-005ed000 r-xp 00003000 08:01 133944     /usr/lib/libXdmcp.so.6.0.0
005ed000-005ee000 rwxp 00004000 08:01 133944     /usr/lib/libXdmcp.so.6.0.0
005ee000-005f5000 r-xs 00000000 08:01 812635     /var/cache/fontconfig/6d41288fd70b0be22e8c3a91e032eec0-le32d4.cache-3
005f5000-00619000 r-xp 00000000 08:01 393462     /lib/tls/i686/cmov/libm-2.11.1.so
00619000-0061a000 r-xp 00023000 08:01 393462     /lib/tls/i686/cmov/libm-2.11.1.so
0061a000-0061b000 rwxp 00024000 08:01 393462     /lib/tls/i686/cmov/libm-2.11.1.so
0061b000-00626000 r-xs 00000000 08:01 804287     /var/cache/fontconfig/0f34bcd4b6ee430af32735b75db7f02b-le32d4.cache-3
00626000-0062a000 r-xs 00000000 08:01 804301     /var/cache/fontconfig/a755afe4a08bf5b97852ceb7400b47bc-le32d4.cache-3
0062a000-0062b000 r-xs 00000000 08:01 804292     /var/cache/fontconfig/4c73fe0c47614734b17d736dbde7580a-le32d4.cache-3
0062b000-0062c000 r-xs 00000000 08:01 804310     /var/cache/fontconfig/e7071f4a29fa870f4323321c154eba04-le32d4.cache-3
0062c000-00641000 r-xp 00000000 08:01 404371     /lib/tls/i686/cmov/libpthread-2.11.1.so
00641000-00642000 r-xp 00014000 08:01 404371     /lib/tls/i686/cmov/libpthread-2.11.1.so
00642000-00643000 rwxp 00015000 08:01 404371     /lib/tls/i686/cmov/libpthread-2.11.1.so
00643000-00645000 rwxp 00000000 00:00 0 
00645000-00646000 ---p 00000000 00:00 0 
00646000-006c6000 rwxp 00000000 00:00 0 
006c6000-006c9000 ---p 00000000 00:00 0 
006c9000-00717000 rwxp 00000000 00:00 0 
00717000-0071a000 ---p 00000000 00:00 0 
0071a000-00768000 rwxp 00000000 00:00 0 
00768000-0076b000 r-xs 00000000 08:01 804296     /var/cache/fontconfig/6eb3985aa4124903f6ff08ba781cd364-le32d4.cache-3
0076b000-0076e000 r-xs 00000000 08:01 804309     /var/cache/fontconfig/e383d7ea5fbe662a33d9b44caf393297-le32d4.cache-3
0076e000-00774000 r-xs 00000000 08:01 804299     /var/cache/fontconfig/945677eb7aeaf62f1d50efc3fb3ec7d8-le32d4.cache-3
00774000-00775000 r-xs 00000000 08:01 804302     /var/cache/fontconfig/c05880de57d1f5e948fdfacc138775d9-le32d4.cache-3
00775000-00778000 r-xs 00000000 08:01 804298     /var/cache/fontconfig/7ef2298fde41cc6eeb7af42e48b7d293-le32d4.cache-3
00778000-00779000 r-xp 00000000 00:00 0          [vdso]
00779000-0077b000 r-xs 00000000 08:01 798840     /var/cache/fontconfig/e13b20fdb08344e0e664864cc2ede53d-le32d4.cache-3
0077b000-00783000 r-xs 00000000 08:01 804305     /var/cache/fontconfig/d52a8644073d54c13679302ca1180695-le32d4.cache-3
00783000-00784000 r-xs 00000000 08:01 808842     /var/cache/fontconfig/4794a0821666d79190d59a36cb4f44b5-le32d4.cache-3
00784000-00787000 r-xs 00000000 08:01 804306     /var/cache/fontconfig/d60319d88cac85ba9e1a07bd06cfbb8c-le32d4.cache-3
00787000-00788000 r-xs 00000000 08:01 804294     /var/cache/fontconfig/6a53c69dea097a2d716e069445527da8-le32d4.cache-3
00788000-0078b000 rwxp 00000000 00:00 0 
0078b000-007db000 rwxp 00000000 00:00 0 
007db000-007e1000 rwxp 00000000 00:00 0 
007e1000-00883000 rwxp 00000000 00:00 0 
00883000-0088b000 rwxp 00000000 00:00 0 
0088b000-008c3000 rwxp 00000000 00:00 0 
008c3000-008cf000 rwxp 00000000 00:00 0 
008cf000-0090e000 r-xp 00000000 08:01 139127     /usr/lib/locale/en_US.utf8/LC_CTYPE
0090e000-00911000 ---p 00000000 00:00 0 
00911000-0095f000 rwxp 00000000 00:00 0 
0095f000-00962000 ---p 00000000 00:00 0 
00962000-009b0000 rwxp 00000000 00:00 0 
009b0000-009bb000 r-xs 00000000 08:01 804287     /var/cache/fontconfig/0f34bcd4b6ee430af32735b75db7f02b-le32d4.cache-3
009bb000-009bc000 r-xs 00000000 08:01 804286     /var/cache/fontconfig/0d8c3b2ac0904cb8a57a757ad11a4a08-le32d4.cache-3
009bc000-009bd000 r-xs 00000000 08:01 804292     /var/cache/fontconfig/4c73fe0c47614734b17d736dbde7580a-le32d4.cache-3
009bd000-009be000 r-xs 00000000 08:01 804310     /var/cache/fontconfig/e7071f4a29fa870f4323321c154eba04-le32d4.cache-3
009be000-009c0000 r-xs 00000000 08:01 804300     /var/cache/fontconfig/99e8ed0e538f840c565b6ed5dad60d56-le32d4.cache-3
009c0000-009c7000 r-xs 00000000 08:01 812635     /var/cache/fontconfig/6d41288fd70b0be22e8c3a91e032eec0-le32d4.cache-3
009c7000-009cb000 r-xs 00000000 08:01 804301     /var/cache/fontconfig/a755afe4a08bf5b97852ceb7400b47bc-le32d4.cache-3
009cb000-009ce000 r-xs 00000000 08:01 804296     /var/cache/fontconfig/6eb3985aa4124903f6ff08ba781cd364-le32d4.cache-3
009ce000-009da000 r-xp 00000000 08:01 562640     /usr/lib/jvm/java-6-openjdk/jre/lib/i386/libverify.so
009da000-009db000 r-xp 0000b000 08:01 562640     /usr/lib/jvm/java-6-openjdk/jre/lib/i386/libverify.so
009db000-009dc000 rwxp 0000c000 08:01 562640     /usr/lib/jvm/java-6-openjdk/jre/lib/i386/libverify.so
009dc000-009df000 r-xs 00000000 08:01 804309     /var/cache/fontconfig/e383d7ea5fbe662a33d9b44caf393297-le32d4.cache-3
009df000-009e1000 r-xp 00000000 08:01 404375     /lib/tls/i686/cmov/libdl-2.11.1.so
009e1000-009e2000 r-xp 00001000 08:01 404375     /lib/tls/i686/cmov/libdl-2.11.1.so
009e2000-009e3000 rwxp 00002000 08:01 404375     /lib/tls/i686/cmov/libdl-2.11.1.so
009e3000-009e5000 r-xs 00000000 08:01 804300     /var/cache/fontconfig/99e8ed0e538f840c565b6ed5dad60d56-le32d4.cache-3
009e5000-009eb000 r-xs 00000000 08:01 804299     /var/cache/fontconfig/945677eb7aeaf62f1d50efc3fb3ec7d8-le32d4.cache-3
009eb000-009ec000 r-xs 00000000 08:01 804302     /var/cache/fontconfig/c05880de57d1f5e948fdfacc138775d9-le32d4.cache-3
009ec000-009f3000 r-xs 00054000 08:01 559213     /usr/lib/jvm/java-6-openjdk/jre/lib/resources.jar
009f3000-009f9000 r-xs 00048000 08:01 1181669    /home/bright/Desktop/Project/phrapp-0.30/bin/commons-lang3-3.1.jar
009f9000-009fb000 r-xs 00005000 08:01 1181670    /home/bright/Desktop/Project/phrapp-0.30/bin/paillier.jar
009fb000-009fd000 rwxp 00000000 00:00 0 
00a02000-00a06000 r-xp 00000000 08:01 133948     /usr/lib/libXfixes.so.3.1.0
00a06000-00a07000 r-xp 00003000 08:01 133948     /usr/lib/libXfixes.so.3.1.0
00a07000-00a08000 rwxp 00004000 08:01 133948     /usr/lib/libXfixes.so.3.1.0
00a09000-00a11000 r-xp 00000000 08:01 393469     /lib/tls/i686/cmov/libnss_nis-2.11.1.so
00a11000-00a12000 r-xp 00007000 08:01 393469     /lib/tls/i686/cmov/libnss_nis-2.11.1.so
00a12000-00a13000 rwxp 00008000 08:01 393469     /lib/tls/i686/cmov/libnss_nis-2.11.1.so
00a13000-00a1b000 r-xp 00000000 08:01 133940     /usr/lib/libXcursor.so.1.0.2
00a1b000-00a1c000 r-xp 00007000 08:01 133940     /usr/lib/libXcursor.so.1.0.2
00a1c000-00a1d000 rwxp 00008000 08:01 133940     /usr/lib/libXcursor.so.1.0.2
00a1d000-00a24000 r-xp 00000000 08:01 562639     /usr/lib/jvm/java-6-openjdk/jre/lib/i386/libnio.so
00a24000-00a25000 r-xp 00006000 08:01 562639     /usr/lib/jvm/java-6-openjdk/jre/lib/i386/libnio.so
00a25000-00a26000 rwxp 00007000 08:01 562639     /usr/lib/jvm/java-6-openjdk/jre/lib/i386/libnio.so
00a26000-00a2b000 rwxs 00000000 00:04 18546708   /SYSV00000000 (deleted)
00a37000-00a3e000 rwxp 00000000 00:00 0 
00a3e000-00a5b000 r-xs 00151000 08:01 1181665    /home/bright/Desktop/Project/phrapp-0.30/bin/swingx-all-1.6.3.jar
00a64000-00a7f000 r-xp 00000000 08:01 275367     /lib/ld-2.11.1.so
00a7f000-00a80000 r-xp 0001a000 08:01 275367     /lib/ld-2.11.1.so
00a80000-00a81000 rwxp 0001b000 08:01 275367     /lib/ld-2.11.1.so
00a98000-00aad000 r-xp 00000000 08:01 562626     /usr/lib/jvm/java-6-openjdk/jre/lib/i386/libnet.so
00aad000-00aae000 r-xp 00014000 08:01 562626     /usr/lib/jvm/java-6-openjdk/jre/lib/i386/libnet.so
00aae000-00aaf000 rwxp 00015000 08:01 562626     /usr/lib/jvm/java-6-openjdk/jre/lib/i386/libnet.so
00aca000-00acc000 rwxp 00000000 00:00 0 
00acc000-00b12000 r-xp 00000000 08:01 562755     /usr/lib/jvm/java-6-openjdk/jre/lib/i386/xawt/libmawt.so
00b12000-00b13000 r-xp 00045000 08:01 562755     /usr/lib/jvm/java-6-openjdk/jre/lib/i386/xawt/libmawt.so
00b13000-00b15000 rwxp 00046000 08:01 562755     /usr/lib/jvm/java-6-openjdk/jre/lib/i386/xawt/libmawt.so
00b15000-00b16000 rwxp 00000000 00:00 0 
00b32000-00b33000 rwxp 00000000 00:00 0 
00b33000-00b84000 r-xp 00000000 08:01 562607     /usr/lib/jvm/java-6-openjdk/jre/lib/i386/libfontmanager.so
00b84000-00b85000 r-xp 00051000 08:01 562607     /usr/lib/jvm/java-6-openjdk/jre/lib/i386/libfontmanager.so
00b85000-00b86000 rwxp 00052000 08:01 562607     /usr/lib/jvm/java-6-openjdk/jre/lib/i386/libfontmanager.so
00bb3000-00bbd000 r-xp 00000000 08:01 393461     /lib/tls/i686/cmov/libnss_files-2.11.1.so
00bbd000-00bbe000 r-xp 00009000 08:01 393461     /lib/tls/i686/cmov/libnss_files-2.11.1.so
00bbe000-00bbf000 rwxp 0000a000 08:01 393461     /lib/tls/i686/cmov/libnss_files-2.11.1.so
00bd8000-00bf5000 r-xp 00000000 08:01 262155     /lib/libgcc_s.so.1
00bf5000-00bf6000 r-xp 0001c000 08:01 262155     /lib/libgcc_s.so.1
00bf6000-00bf7000 rwxp 0001d000 08:01 262155     /lib/libgcc_s.so.1
00bf7000-00d8e000 r-xs 01a18000 08:01 562598     /usr/lib/jvm/java-6-openjdk/jre/lib/rt.jar
00d92000-00d99000 r-xp 00000000 08:01 393459     /lib/tls/i686/cmov/librt-2.11.1.so
00d99000-00d9a000 r-xp 00006000 08:01 393459     /lib/tls/i686/cmov/librt-2.11.1.so
00d9a000-00d9b000 rwxp 00007000 08:01 393459     /lib/tls/i686/cmov/librt-2.11.1.so
00da7000-00da8000 rwxp 00000000 00:00 0 
00ddb000-00de1000 r-xp 00000000 08:01 404381     /lib/tls/i686/cmov/libnss_compat-2.11.1.so
00de1000-00de2000 r-xp 00006000 08:01 404381     /lib/tls/i686/cmov/libnss_compat-2.11.1.so
00de2000-00de3000 rwxp 00007000 08:01 404381     /lib/tls/i686/cmov/libnss_compat-2.11.1.so
00de3000-00de6000 ---p 00000000 00:00 0 
00de6000-00e64000 rwxp 00000000 00:00 0 
00e77000-00e78000 r-xp 00000000 00:00 0 
00eb0000-00eb2000 r-xp 00000000 08:01 133933     /usr/lib/libXau.so.6.0.0
00eb2000-00eb3000 r-xp 00001000 08:01 133933     /usr/lib/libXau.so.6.0.0
00eb3000-00eb4000 rwxp 00002000 08:01 133933     /usr/lib/libXau.so.6.0.0
00ebd000-00ee9000 r-xp 00000000 08:01 1182846    /home/bright/Desktop/Project/webserver/node_modules/java/build/Release/nodejavabridge_bindings.node
00ee9000-00eea000 r-xp 0002b000 08:01 1182846    /home/bright/Desktop/Project/webserver/node_modules/java/build/Release/nodejavabridge_bindings.node
00eea000-00eeb000 rwxp 0002c000 08:01 1182846    /home/bright/Desktop/Project/webserver/node_modules/java/build/Release/nodejavabridge_bindings.node
00eeb000-0167a000 r-xp 00000000 08:01 562603     /usr/lib/jvm/java-6-openjdk/jre/lib/i386/server/libjvm.so
0167a000-016c1000 r-xp 0078e000 08:01 562603     /usr/lib/jvm/java-6-openjdk/jre/lib/i386/server/libjvm.so
016c1000-016d5000 rwxp 007d5000 08:01 562603     /usr/lib/jvm/java-6-openjdk/jre/lib/i386/server/libjvm.so
016d5000-01d31000 rwxp 00000000 00:00 0 
01d31000-04af1000 rwxp 00000000 00:00 0 
04af1000-04af4000 ---p 00000000 00:00 0 
04af4000-04b72000 rwxp 00000000 00:00 0 
04b72000-04b73000 ---p 00000000 00:00 0 
04b73000-04bf3000 rwxp 00000000 00:00 0 
04bf3000-04c79000 r-xp 00000000 08:01 562617     /usr/lib/jvm/java-6-openjdk/jre/lib/i386/libawt.so
04c79000-04c7a000 r-xp 00086000 08:01 562617     /usr/lib/jvm/java-6-openjdk/jre/lib/i386/libawt.so
04c7a000-04c81000 rwxp 00087000 08:01 562617     /usr/lib/jvm/java-6-openjdk/jre/lib/i386/libawt.so
04c81000-04ca5000 rwxp 00000000 00:00 0 
04ca5000-04d16000 r-xp 00000000 08:01 134481     /usr/lib/libfreetype.so.6.3.22
04d16000-04d1a000 r-xp 00070000 08:01 134481     /usr/lib/libfreetype.so.6.3.22
04d1a000-04d1b000 rwxp 00074000 08:01 134481     /usr/lib/libfreetype.so.6.3.22
04d1b000-04d1e000 ---p 00000000 00:00 0 
04d1e000-04d6c000 rwxp 00000000 00:00 0 
04d6c000-04eba000 r-xp 00000000 08:01 1181676    /home/bright/Desktop/Project/phrapp-0.30/bin/libPHRapp_Login_JNI.so
04eba000-04eca000 rwxp 0014d000 08:01 1181676    /home/bright/Desktop/Project/phrapp-0.30/bin/libPHRapp_Login_JNI.so
04eca000-04ecd000 rwxp 00000000 00:00 0 
04ecd000-04ed0000 ---p 00000000 00:00 0 
04ed0000-056ce000 rwxp 00000000 00:00 0 
056ce000-056d1000 ---p 00000000 00:00 0 
056d1000-05ecf000 rwxp 00000000 00:00 0 
05ecf000-05ed0000 ---p 00000000 00:00 0 
05ed0000-066d0000 rwxp 00000000 00:00 0 
066d0000-066d3000 ---p 00000000 00:00 0 
066d3000-06721000 rwxp 00000000 00:00 0 
06721000-06724000 ---p 00000000 00:00 0 
06724000-06772000 rwxp 00000000 00:00 0 
06772000-068de000 r-xp 00000000 08:01 1181701    /home/bright/Desktop/Project/phrapp-0.30/bin/libPHRapp_User_JNI.so
068de000-068ee000 rwxp 0016c000 08:01 1181701    /home/bright/Desktop/Project/phrapp-0.30/bin/libPHRapp_User_JNI.so
068ee000-068f1000 rwxp 00000000 00:00 0 
068f1000-068f4000 ---p 00000000 00:00 0 
068f4000-06942000 rwxp 00000000 00:00 0 
06942000-06945000 ---p 00000000 00:00 0 
06945000-06ad0000 rwxp 00000000 00:00 0 
07262000-07265000 ---p 00000000 00:00 0 
07265000-07a63000 rwxp 00000000 00:00 0 
08048000-08e2d000 r-xp 00000000 08:01 567688     /usr/local/bin/node
08e2d000-08e3c000 rwxp 00de5000 08:01 567688     /usr/local/bin/node
08e3c000-08e44000 rwxp 00000000 00:00 0 
0990c000-09a25000 r-xp 00000000 08:01 134939     /usr/lib/libX11.so.6.3.0
09a25000-09a26000 r-xp 00118000 08:01 134939     /usr/lib/libX11.so.6.3.0
09a26000-09a28000 rwxp 00119000 08:01 134939     /usr/lib/libX11.so.6.3.0
09a28000-09a29000 rwxp 00000000 00:00 0 
0a2fc000-0a2ff000 ---p 00000000 00:00 0 
0a2ff000-0a34d000 rwxp 00000000 00:00 0 
0a959000-0ad72000 rwxp 00000000 00:00 0          [heap]
24200000-24219000 rwxp 00000000 00:00 0 
25800000-25809000 rwxp 00000000 00:00 0 
25809000-2580a000 ---p 00000000 00:00 0 
2580a000-2580b000 rwxp 00000000 00:00 0 
2580b000-25834000 ---p 00000000 00:00 0 
27100000-27200000 rwxp 00000000 00:00 0 
2ad7a000-2ad7b000 r-xp 00000000 00:00 0 
2c600000-2c700000 rwxp 00000000 00:00 0 
31100000-31179000 rwxp 00000000 00:00 0 
32500000-32509000 rwxp 00000000 00:00 0 
32509000-3250a000 ---p 00000000 00:00 0 
3250a000-325ff000 rwxp 00000000 00:00 0 
325ff000-32600000 ---p 00000000 00:00 0 
33400000-33500000 rwxp 00000000 00:00 0 
3ce00000-3cf00000 rwxp 00000000 00:00 0 
40000000-40100000 rwxp 00000000 00:00 0 
43edd000-442dd000 rwxp 00000000 00:00 0 
46000000-46100000 rwxp 00000000 00:00 0 
49500000-49600000 rwxp 00000000 00:00 0 
4ad00000-4ad09000 rwxp 00000000 00:00 0 
4ad09000-4ad0a000 ---p 00000000 00:00 0 
4ad0a000-4ad82000 rwxp 00000000 00:00 0 
4ad82000-4ad83000 ---p 00000000 00:00 0 
4b000000-4b800000 rwxp 00000000 00:00 0 
4b800000-4c000000 rwxp 00000000 00:00 0 
4c300000-4c309000 rwxp 00000000 00:00 0 
4c309000-4c30a000 ---p 00000000 00:00 0 
4c30a000-4c3ff000 rwxp 00000000 00:00 0 
4c3ff000-4c400000 ---p 00000000 00:00 0 
4db9c000-4dba0000 ---p 00000000 00:00 0 
4dba0000-4dbb0000 rwxp 00000000 00:00 0 
4dbb0000-4dbcc000 ---p 00000000 00:00 0 
4e400000-4e500000 rwxp 00000000 00:00 0 
4f000000-4f009000 rwxp 00000000 00:00 0 
4f009000-4f00a000 ---p 00000000 00:00 0 
4f00a000-4f00b000 rwxp 00000000 00:00 0 
4f00b000-4f034000 ---p 00000000 00:00 0 
51500000-51539000 rwxp 00000000 00:00 0 
53300000-53309000 rwxp 00000000 00:00 0 
53309000-5330a000 ---p 00000000 00:00 0 
5330a000-533ff000 rwxp 00000000 00:00 0 
533ff000-53400000 ---p 00000000 00:00 0 
5a859000-5a85a000 r-xp 00000000 00:00 0 
5cd00000-5cd19000 rwxp 00000000 00:00 0 
5d400000-5d409000 rwxp 00000000 00:00 0 
5d409000-5d40a000 ---p 00000000 00:00 0 
5d40a000-5d40b000 rwxp 00000000 00:00 0 
5d40b000-5d434000 ---p 00000000 00:00 0 
5f0ef000-5f12f000 rwxp 00000000 00:00 0 
5f12f000-5f1ef000 ---p 00000000 00:00 0 
5fb00000-5fb11000 rwxp 00000000 00:00 0 
6b310000-6b840000 rwxp 00000000 00:00 0 
6b840000-75a60000 rwxp 00000000 00:00 0 
75a60000-764e0000 rwxp 00000000 00:00 0 
764e0000-8a910000 rwxp 00000000 00:00 0 
8a910000-8b910000 rwxp 00000000 00:00 0 
8b910000-92910000 rwxp 00000000 00:00 0 
92910000-92eaf000 r-xp 00001000 08:01 562939     /usr/lib/jvm/java-6-openjdk/jre/lib/i386/server/classes.jsa
92eaf000-93310000 rwxp 00000000 00:00 0 
93310000-93a9e000 rwxp 005a0000 08:01 562939     /usr/lib/jvm/java-6-openjdk/jre/lib/i386/server/classes.jsa
93a9e000-93f10000 rwxp 00000000 00:00 0 
93f10000-94220000 rwxp 00d2e000 08:01 562939     /usr/lib/jvm/java-6-openjdk/jre/lib/i386/server/classes.jsa
94220000-94310000 rwxp 00000000 00:00 0 
94310000-94319000 r-xp 0103e000 08:01 562939     /usr/lib/jvm/java-6-openjdk/jre/lib/i386/server/classes.jsa
94319000-94710000 rwxp 00000000 00:00 0 
b7300000-b733b000 rwxp 00000000 00:00 0 
b733b000-b7400000 ---p 00000000 00:00 0 
b7500000-b7600000 rwxp 00000000 00:00 0 
b7700000-b7800000 rwxp 00000000 00:00 0 
bf9a6000-bf9a9000 ---p 00000000 00:00 0 
bf9aa000-bf9f6000 rwxp 00000000 00:00 0          [stack]

VM Arguments:
jvm_args: -Djava.library.path=../phrapp-0.30/bin/ -classpath *:../phrapp-0.30/bin/ 
java_command: <unknown>
Launcher Type: generic

Environment Variables:
PATH=/usr/local/sbin:/usr/local/bin:/usr/sbin:/usr/bin:/sbin:/bin:/usr/games:/usr/lib/jvm/java-6-openjdk/jre/lib/i386/cacao
USERNAME=bright
SHELL=/bin/bash
DISPLAY=:0.0

Signal Handlers:
SIGSEGV: [libjvm.so+0x718200], sa_mask[0]=0x7ffbfeff, sa_flags=0x10000004
SIGBUS: [libjvm.so+0x718200], sa_mask[0]=0x7ffbfeff, sa_flags=0x10000004
SIGFPE: [libjvm.so+0x5c9850], sa_mask[0]=0x7ffbfeff, sa_flags=0x10000004
SIGPIPE: [libjvm.so+0x5c9850], sa_mask[0]=0x7ffbfeff, sa_flags=0x10000004
SIGXFSZ: [libjvm.so+0x5c9850], sa_mask[0]=0x7ffbfeff, sa_flags=0x10000004
SIGILL: [libjvm.so+0x5c9850], sa_mask[0]=0x7ffbfeff, sa_flags=0x10000004
SIGUSR1: [+0x81fd50], sa_mask[0]=0x7ffbfeff, sa_flags=0x00000000
SIGUSR2: [libjvm.so+0x5c92d0], sa_mask[0]=0x00000000, sa_flags=0x10000004
SIGHUP: [libjvm.so+0x5cc8d0], sa_mask[0]=0x7ffbfeff, sa_flags=0x10000004
SIGINT: [libjvm.so+0x5cc8d0], sa_mask[0]=0x7ffbfeff, sa_flags=0x10000004
SIGTERM: [libjvm.so+0x5cc8d0], sa_mask[0]=0x7ffbfeff, sa_flags=0x10000004
SIGQUIT: [libjvm.so+0x5cc8d0], sa_mask[0]=0x7ffbfeff, sa_flags=0x10000004


---------------  S Y S T E M  ---------------

OS:Ubuntu 10.04 (lucid)
uname:Linux 2.6.32-38-generic #83-Ubuntu SMP Wed Jan 4 11:13:04 UTC 2012 i686
libc:glibc 2.11.1 NPTL 2.11.1 
rlimit: STACK 8192k, CORE 0k, NPROC infinity, NOFILE 1024, AS infinity
load average:0.76 0.93 0.76

/proc/meminfo:
MemTotal:        1025960 kB
MemFree:          108476 kB
Buffers:          117924 kB
Cached:           510432 kB
SwapCached:            0 kB
Active:           499172 kB
Inactive:         352368 kB
Active(anon):     223568 kB
Inactive(anon):     5348 kB
Active(file):     275604 kB
Inactive(file):   347020 kB
Unevictable:           0 kB
Mlocked:               0 kB
HighTotal:        139144 kB
HighFree:            252 kB
LowTotal:         886816 kB
LowFree:          108224 kB
SwapTotal:        916472 kB
SwapFree:         916472 kB
Dirty:                88 kB
Writeback:             0 kB
AnonPages:        223232 kB
Mapped:            94204 kB
Shmem:              5736 kB
Slab:              49520 kB
SReclaimable:      40288 kB
SUnreclaim:         9232 kB
KernelStack:        2592 kB
PageTables:         5748 kB
NFS_Unstable:          0 kB
Bounce:                0 kB
WritebackTmp:          0 kB
CommitLimit:     1429452 kB
Committed_AS:    1248496 kB
VmallocTotal:     122880 kB
VmallocUsed:        6980 kB
VmallocChunk:     109816 kB
HardwareCorrupted:     0 kB
HugePages_Total:       0
HugePages_Free:        0
HugePages_Rsvd:        0
HugePages_Surp:        0
Hugepagesize:       4096 kB
DirectMap4k:       16376 kB
DirectMap4M:      892928 kB


CPU:total 1 (1 cores per cpu, 1 threads per core) family 6 model 69 stepping 1, cmov, cx8, fxsr, mmx, sse, sse2, sse3, ssse3, sse4.1, sse4.2, popcnt, avx, tsc, tscinvbit

/proc/cpuinfo:
processor	: 0
vendor_id	: GenuineIntel
cpu family	: 6
model		: 69
model name	: Intel(R) Core(TM) i7-4510U CPU @ 2.00GHz
stepping	: 1
cpu MHz		: 2594.029
cache size	: 4096 KB
fdiv_bug	: no
hlt_bug		: no
f00f_bug	: no
coma_bug	: no
fpu		: yes
fpu_exception	: yes
cpuid level	: 13
wp		: yes
flags		: fpu vme de pse tsc msr pae mce cx8 apic mtrr pge mca cmov pat pse36 clflush dts mmx fxsr sse sse2 ss nx pdpe1gb rdtscp constant_tsc up arch_perfmon pebs bts xtopology tsc_reliable nonstop_tsc aperfmperf pni pclmulqdq ssse3 fma sse4_1 sse4_2 x2apic movbe popcnt aes xsave avx hypervisor ida arat
bogomips	: 5188.05
clflush size	: 64
cache_alignment	: 64
address sizes	: 40 bits physical, 48 bits virtual
power management:



Memory: 4k page, physical 1025960k(108476k free), swap 916472k(916472k free)

vm_info: OpenJDK Server VM (23.25-b01) for linux-x86 JRE (1.6.0_33-b33), built on Oct 15 2014 12:31:00 by "buildd" with gcc 4.4.3

time: Fri Oct 16 13:21:42 2015
elapsed time: 92 seconds

