#
# A fatal error has been detected by the Java Runtime Environment:
#
#  SIGSEGV (0xb) at pc=0x0140b949, pid=25138, tid=152521584
#
# JRE version: 6.0_33-b33
# Java VM: OpenJDK Server VM (23.25-b01 mixed mode, sharing linux-x86 )
# Derivative: IcedTea6 1.13.5
# Distribution: Ubuntu 10.04.1 LTS, package 6b33-1.13.5-1ubuntu0.10.04
# Problematic frame:
# V  [libjvm.so+0x414949]  jni_GetStringUTFChars+0x89
#
# Failed to write core dump. Core dumps have been disabled. To enable core dumping, try "ulimit -c unlimited" before starting Java again
#
# If you would like to submit a bug report, please include
# instructions how to reproduce the bug and visit:
#   https://bugs.launchpad.net/ubuntu/+source/openjdk-6/
#

---------------  T H R E A D  ---------------

Current thread (0x0a100000):  JavaThread "Thread-5" [_thread_in_vm, id=25224, stack(0x09124000,0x09175000)]

siginfo:si_signo=SIGSEGV: si_errno=0, si_code=1 (SEGV_MAPERR), si_addr=0x00000000

Registers:
EAX=0x00000000, EBX=0x017ccff4, ECX=0x00000000, EDX=0x00000000
ESP=0x09173b10, EBP=0x09173b68, ESI=0x0a100000, EDI=0x0a100000
EIP=0x0140b949, EFLAGS=0x00010246, CR2=0x00000000

Top of Stack: (sp=0x09173b10)
0x09173b10:   09173b3c 0a100000 017ed820 017ed820
0x09173b20:   0a29c158 0a0f4380 0a0f4388 09173b3c
0x09173b30:   013f4e2e 01c0f5b4 01647216 0a100000
0x09173b40:   00000000 09173d68 0a29c170 0a100000
0x09173b50:   013ee58b 09173b7c 09173b83 0a100128
0x09173b60:   8a96c368 0a100000 09173ba8 05fecfac
0x09173b70:   0a100128 00000000 00000000 0a100000
0x09173b80:   00c0f3d4 01bffb48 00000000 09173c04 

Instructions: (pc=0x0140b949)
0x0140b929:   00 c7 86 64 01 00 00 06 00 00 00 8d 45 d4 89 45
0x0140b939:   c4 52 89 75 e4 52 56 50 e8 ea 45 01 00 8b 45 0c
0x0140b949:   8b 10 89 14 24 89 55 c0 e8 9a ff fe ff 8d 48 01
0x0140b959:   89 0c 24 89 4d bc e8 5c 17 1b 00 83 c4 10 89 c7 

Register to memory mapping:

EAX=0x00000000 is an unknown value
EBX=0x017ccff4: <offset 0x7d5ff4> in /usr/lib/jvm/java-6-openjdk/jre/lib/i386/server/libjvm.so at 0x00ff7000
ECX=0x00000000 is an unknown value
EDX=0x00000000 is an unknown value
ESP=0x09173b10 is pointing into the stack for thread: 0x0a100000
EBP=0x09173b68 is pointing into the stack for thread: 0x0a100000
ESI=0x0a100000 is a thread
EDI=0x0a100000 is a thread


Stack: [0x09124000,0x09175000],  sp=0x09173b10,  free space=318k
Native frames: (J=compiled Java code, j=interpreted, Vv=VM code, C=native code)
V  [libjvm.so+0x414949]  jni_GetStringUTFChars+0x89
C  [libPHRapp_User_JNI.so+0x6cfac]  Java_UserMain_encrypt_1phr_1main+0x2c
j  UserMain.encrypt_phr_main(Ljava/lang/String;Ljava/lang/String;)Z+0
j  UserMain.perform_phr_uploading_transaction(Ljava/lang/String;Ljava/lang/String;Ljava/lang/String;Ljava/lang/String;Ljava/lang/String;Ljava/lang/String;)V+322
j  UserMain.access$11200(LUserMain;Ljava/lang/String;Ljava/lang/String;Ljava/lang/String;Ljava/lang/String;Ljava/lang/String;Ljava/lang/String;)V+10
j  UserMain$44.run()V+28
v  ~StubRoutines::call_stub
V  [libjvm.so+0x401bd4]  JavaCalls::call_helper(JavaValue*, methodHandle*, JavaCallArguments*, Thread*)+0x314
V  [libjvm.so+0x5c7de9]  os::os_exception_wrapper(void (*)(JavaValue*, methodHandle*, JavaCallArguments*, Thread*), JavaValue*, methodHandle*, JavaCallArguments*, Thread*)+0x19
V  [libjvm.so+0x40111a]  JavaCalls::call_virtual(JavaValue*, KlassHandle, Symbol*, Symbol*, JavaCallArguments*, Thread*)+0x10a
V  [libjvm.so+0x40124b]  JavaCalls::call_virtual(JavaValue*, Handle, KlassHandle, Symbol*, Symbol*, Thread*)+0x4b
V  [libjvm.so+0x445d4c]  thread_entry(JavaThread*, Thread*)+0xcc
V  [libjvm.so+0x6dbe59]  JavaThread::thread_main_inner()+0xe9
V  [libjvm.so+0x5cfb61]  java_start(Thread*)+0x131
C  [libpthread.so.0+0x596e]  start_thread+0xbe

Java frames: (J=compiled Java code, j=interpreted, Vv=VM code)
j  UserMain.encrypt_phr_main(Ljava/lang/String;Ljava/lang/String;)Z+0
j  UserMain.perform_phr_uploading_transaction(Ljava/lang/String;Ljava/lang/String;Ljava/lang/String;Ljava/lang/String;Ljava/lang/String;Ljava/lang/String;)V+322
j  UserMain.access$11200(LUserMain;Ljava/lang/String;Ljava/lang/String;Ljava/lang/String;Ljava/lang/String;Ljava/lang/String;Ljava/lang/String;)V+10
j  UserMain$44.run()V+28
v  ~StubRoutines::call_stub

---------------  P R O C E S S  ---------------

Java Threads: ( => current thread )
=>0x0a100000 JavaThread "Thread-5" [_thread_in_vm, id=25224, stack(0x09124000,0x09175000)]
  0x0a29e000 JavaThread "Thread-4" [_thread_in_native, id=25151, stack(0x064f4000,0x06cf5000)]
  0x0a104000 JavaThread "Thread-3" [_thread_in_native, id=25152, stack(0x06cf5000,0x074f6000)]
  0x0a103800 JavaThread "Thread-2" [_thread_blocked, id=25192, stack(0x060ff000,0x06150000)]
  0x0a0b7400 JavaThread "AWT-EventQueue-1" [_thread_blocked, id=25178, stack(0x05f2f000,0x05f80000)]
  0x0a1ad000 JavaThread "AWT-Shutdown" [_thread_blocked, id=25177, stack(0x099ff000,0x09a50000)]
  0x0a180800 JavaThread "AWT-XAWT" daemon [_thread_in_native, id=25148, stack(0x00f45000,0x00f96000)]
  0x0a114000 JavaThread "Java2D Disposer" daemon [_thread_blocked, id=25147, stack(0x00d3a000,0x00d8b000)]
  0x0a050000 JavaThread "Low Memory Detector" daemon [_thread_blocked, id=25145, stack(0x00878000,0x008c9000)]
  0x0a04d400 JavaThread "C2 CompilerThread1" daemon [_thread_blocked, id=25144, stack(0x009d9000,0x00a5a000)]
  0x0a04b800 JavaThread "C2 CompilerThread0" daemon [_thread_blocked, id=25143, stack(0x007f7000,0x00878000)]
  0x0a04a000 JavaThread "Signal Dispatcher" daemon [_thread_blocked, id=25142, stack(0x00788000,0x007d9000)]
  0x0a041c00 JavaThread "Finalizer" daemon [_thread_blocked, id=25141, stack(0x00235000,0x00286000)]
  0x0a040400 JavaThread "Reference Handler" daemon [_thread_blocked, id=25140, stack(0x001d6000,0x00227000)]
  0x09fb7c00 JavaThread "main" [_thread_in_native, id=25138, stack(0xbfb07000,0xbfb57000)]

Other Threads:
  0x0a036800 VMThread [stack: 0x00707000,0x00788000] [id=25139]
  0x0a052000 WatcherThread [stack: 0x00b14000,0x00b95000] [id=25146]

VM state:not at safepoint (normal execution)

VM Mutex/Monitor currently owned by a thread: None

Heap
 def new generation   total 4800K, used 4393K [0x6b310000, 0x6b840000, 0x75a60000)
  eden space 4288K,  90% used [0x6b310000, 0x6b6da750, 0x6b740000)
  from space 512K, 100% used [0x6b7c0000, 0x6b840000, 0x6b840000)
  to   space 512K,   0% used [0x6b740000, 0x6b740000, 0x6b7c0000)
 tenured generation   total 10752K, used 739K [0x75a60000, 0x764e0000, 0x8a910000)
   the space 10752K,   6% used [0x75a60000, 0x75b18dd0, 0x75b18e00, 0x764e0000)
 compacting perm gen  total 16384K, used 1008K [0x8a910000, 0x8b910000, 0x92910000)
   the space 16384K,   6% used [0x8a910000, 0x8aa0c240, 0x8aa0c400, 0x8b910000)
    ro space 10240K,  56% used [0x92910000, 0x92eae3d8, 0x92eae400, 0x93310000)
    rw space 12288K,  62% used [0x93310000, 0x93a9d090, 0x93a9d200, 0x93f10000)

Card table byte_map: [0x00bf3000,0x00d3a000] byte_map_base: 0x00899780

Polling page: 0x00234000

Code Cache  [0x01bfd000, 0x01e3d000, 0x04bfd000)
 total_blobs=308 nmethods=73 adapters=188 free_code_cache=48703Kb largest_free_block=49850176

Compilation events (10 events):
Event: 324.130 Thread 0x0a04b800   67             java.util.ArrayList::elementData (7 bytes)
Event: 324.130 Thread 0x0a04b800 nmethod 67 0x01c67888 code [0x01c67980, 0x01c679f0]
Event: 324.617 Thread 0x0a04b800   68             java.lang.StringBuilder::append (8 bytes)
Event: 324.621 Thread 0x0a04b800 nmethod 68 0x01c6f0c8 code [0x01c6f1e0, 0x01c6f5d0]
Event: 324.621 Thread 0x0a04b800   69             java.util.concurrent.locks.AbstractQueuedSynchronizer::getState (5 bytes)
Event: 324.621 Thread 0x0a04b800 nmethod 69 0x01c6c288 code [0x01c6c360, 0x01c6c3b0]
Event: 328.517 Thread 0x0a04b800   70             java.util.ArrayList::get (11 bytes)
Event: 328.519 Thread 0x0a04b800 nmethod 70 0x01c6fa08 code [0x01c6fb00, 0x01c6fb90]
Event: 341.286 Thread 0x0a04b800   71             java.util.concurrent.locks.AbstractQueuedSynchronizer::setState (6 bytes)
Event: 341.286 Thread 0x0a04b800 nmethod 71 0x01c6ca08 code [0x01c6cae0, 0x01c6cb30]

GC Heap History (2 events):
Event: 24.144 GC heap before
{Heap before GC invocations=0 (full 0):
 def new generation   total 4800K, used 4288K [0x6b310000, 0x6b840000, 0x75a60000)
  eden space 4288K, 100% used [0x6b310000, 0x6b740000, 0x6b740000)
  from space 512K,   0% used [0x6b740000, 0x6b740000, 0x6b7c0000)
  to   space 512K,   0% used [0x6b7c0000, 0x6b7c0000, 0x6b840000)
 tenured generation   total 10752K, used 0K [0x75a60000, 0x764e0000, 0x8a910000)
   the space 10752K,   0% used [0x75a60000, 0x75a60000, 0x75a60200, 0x764e0000)
 compacting perm gen  total 16384K, used 611K [0x8a910000, 0x8b910000, 0x92910000)
   the space 16384K,   3% used [0x8a910000, 0x8a9a8e28, 0x8a9a9000, 0x8b910000)
    ro space 10240K,  56% used [0x92910000, 0x92eae3d8, 0x92eae400, 0x93310000)
    rw space 12288K,  62% used [0x93310000, 0x93a9d090, 0x93a9d200, 0x93f10000)
Event: 24.165 GC heap after
Heap after GC invocations=1 (full 0):
 def new generation   total 4800K, used 512K [0x6b310000, 0x6b840000, 0x75a60000)
  eden space 4288K,   0% used [0x6b310000, 0x6b310000, 0x6b740000)
  from space 512K, 100% used [0x6b7c0000, 0x6b840000, 0x6b840000)
  to   space 512K,   0% used [0x6b740000, 0x6b740000, 0x6b7c0000)
 tenured generation   total 10752K, used 739K [0x75a60000, 0x764e0000, 0x8a910000)
   the space 10752K,   6% used [0x75a60000, 0x75b18dd0, 0x75b18e00, 0x764e0000)
 compacting perm gen  total 16384K, used 611K [0x8a910000, 0x8b910000, 0x92910000)
   the space 16384K,   3% used [0x8a910000, 0x8a9a8e28, 0x8a9a9000, 0x8b910000)
    ro space 10240K,  56% used [0x92910000, 0x92eae3d8, 0x92eae400, 0x93310000)
    rw space 12288K,  62% used [0x93310000, 0x93a9d090, 0x93a9d200, 0x93f10000)
}

Deoptimization events (10 events):
Event: 0.089 Thread 0x09fb7c00 Uncommon trap -34 fr.pc 0x01c46bd0
Event: 0.089 Thread 0x09fb7c00 Uncommon trap -34 fr.pc 0x01c46bd0
Event: 0.090 Thread 0x09fb7c00 Uncommon trap -34 fr.pc 0x01c46bd0
Event: 0.098 Thread 0x09fb7c00 Uncommon trap -34 fr.pc 0x01c46bd0
Event: 23.620 Thread 0x09fb7c00 Uncommon trap -34 fr.pc 0x01c59db0
Event: 23.824 Thread 0x09fb7c00 Uncommon trap -34 fr.pc 0x01c4dd5c
Event: 24.106 Thread 0x09fb7c00 Uncommon trap -34 fr.pc 0x01c4dd5c
Event: 24.106 Thread 0x09fb7c00 Uncommon trap -34 fr.pc 0x01c4dd5c
Event: 24.106 Thread 0x09fb7c00 Uncommon trap -34 fr.pc 0x01c4dd5c
Event: 28.999 Thread 0x0a104000 Uncommon trap -83 fr.pc 0x01c660f8

Internal exceptions (10 events):
Event: 25.933 Thread 0x09fb7c00 Threw 0x6b429068 at /build/buildd/openjdk-6-6b33-1.13.5/build/openjdk/hotspot/src/share/vm/classfile/systemDictionary.cpp:179
Event: 25.934 Thread 0x09fb7c00 Threw 0x6b4292f0 at /build/buildd/openjdk-6-6b33-1.13.5/build/openjdk/hotspot/src/share/vm/prims/jvm.cpp:1272
Event: 29.264 Thread 0x0a104000 Threw 0x6b49ff30 at /build/buildd/openjdk-6-6b33-1.13.5/build/openjdk/hotspot/src/share/vm/classfile/systemDictionary.cpp:179
Event: 29.265 Thread 0x0a104000 Threw 0x6b4a01b8 at /build/buildd/openjdk-6-6b33-1.13.5/build/openjdk/hotspot/src/share/vm/prims/jvm.cpp:1272
Event: 29.311 Thread 0x0a104000 Threw 0x6b4a2390 at /build/buildd/openjdk-6-6b33-1.13.5/build/openjdk/hotspot/src/share/vm/classfile/systemDictionary.cpp:179
Event: 29.311 Thread 0x0a104000 Threw 0x6b4a2618 at /build/buildd/openjdk-6-6b33-1.13.5/build/openjdk/hotspot/src/share/vm/prims/jvm.cpp:1272
Event: 362.378 Thread 0x09fb7c00 Threw 0x6b485c68 at /build/buildd/openjdk-6-6b33-1.13.5/build/openjdk/hotspot/src/share/vm/classfile/systemDictionary.cpp:179
Event: 362.378 Thread 0x09fb7c00 Threw 0x6b485fb0 at /build/buildd/openjdk-6-6b33-1.13.5/build/openjdk/hotspot/src/share/vm/prims/jvm.cpp:1272
Event: 362.382 Thread 0x09fb7c00 Threw 0x6b6a4190 at /build/buildd/openjdk-6-6b33-1.13.5/build/openjdk/hotspot/src/share/vm/classfile/systemDictionary.cpp:179
Event: 362.382 Thread 0x09fb7c00 Threw 0x6b6a44d8 at /build/buildd/openjdk-6-6b33-1.13.5/build/openjdk/hotspot/src/share/vm/prims/jvm.cpp:1272

Events (10 events):
Event: 324.014 loading class 0x93fd9bd8
Event: 324.014 loading class 0x93fd9bd8 done
Event: 328.726 Executing VM operation: RevokeBias
Event: 328.730 Executing VM operation: RevokeBias done
Event: 341.286 Thread 0x0a04b800 flushing nmethod 0x01c46408
Event: 362.378 loading class 0x0a108e78
Event: 362.378 loading class 0x0a108e78 done
Event: 362.382 loading class 0x0a108e38
Event: 362.382 loading class 0x0a108e38 done
Event: 362.407 Thread 0x0a100000 Thread added: 0x0a100000


Dynamic libraries:
00110000-00134000 r-xp 00000000 08:01 562610     /usr/lib/jvm/java-6-openjdk/jre/lib/i386/libjava.so
00134000-00135000 r-xp 00023000 08:01 562610     /usr/lib/jvm/java-6-openjdk/jre/lib/i386/libjava.so
00135000-00137000 rwxp 00024000 08:01 562610     /usr/lib/jvm/java-6-openjdk/jre/lib/i386/libjava.so
00137000-0014a000 r-xp 00000000 08:01 404379     /lib/tls/i686/cmov/libnsl-2.11.1.so
0014a000-0014b000 r-xp 00012000 08:01 404379     /lib/tls/i686/cmov/libnsl-2.11.1.so
0014b000-0014c000 rwxp 00013000 08:01 404379     /lib/tls/i686/cmov/libnsl-2.11.1.so
0014c000-0014e000 rwxp 00000000 00:00 0 
0014e000-00150000 r-xs 0000f000 08:01 559195     /usr/lib/jvm/java-6-openjdk/jre/lib/ext/pulse-java.jar
00150000-00153000 r-xs 00000000 08:01 804298     /var/cache/fontconfig/7ef2298fde41cc6eeb7af42e48b7d293-le32d4.cache-3
00153000-0015b000 r-xp 00000000 08:01 393469     /lib/tls/i686/cmov/libnss_nis-2.11.1.so
0015b000-0015c000 r-xp 00007000 08:01 393469     /lib/tls/i686/cmov/libnss_nis-2.11.1.so
0015c000-0015d000 rwxp 00008000 08:01 393469     /lib/tls/i686/cmov/libnss_nis-2.11.1.so
0015d000-00167000 r-xp 00000000 08:01 393461     /lib/tls/i686/cmov/libnss_files-2.11.1.so
00167000-00168000 r-xp 00009000 08:01 393461     /lib/tls/i686/cmov/libnss_files-2.11.1.so
00168000-00169000 rwxp 0000a000 08:01 393461     /lib/tls/i686/cmov/libnss_files-2.11.1.so
00169000-00171000 rwxs 00000000 08:01 662187     /tmp/hsperfdata_bright/25138
00171000-00177000 rwxp 00000000 00:00 0 
00177000-0017e000 r-xs 00000000 08:01 151156     /usr/lib/gconv/gconv-modules.cache
0017e000-00180000 r-xs 00000000 08:01 798840     /var/cache/fontconfig/e13b20fdb08344e0e664864cc2ede53d-le32d4.cache-3
00180000-00193000 r-xp 00000000 08:01 262350     /lib/libz.so.1.2.3.3
00193000-00194000 r-xp 00012000 08:01 262350     /lib/libz.so.1.2.3.3
00194000-00195000 rwxp 00013000 08:01 262350     /lib/libz.so.1.2.3.3
00195000-0019e000 rwxp 00000000 00:00 0 
0019e000-001d6000 rwxp 00000000 00:00 0 
001d6000-001d9000 ---p 00000000 00:00 0 
001d9000-00227000 rwxp 00000000 00:00 0 
00227000-0022e000 r-xs 00063000 08:01 941466     /home/bright/Desktop/Project/webserver/node_modules/java/commons-lang3-node-java.jar
0022e000-00232000 r-xp 00000000 08:01 132443     /usr/lib/libXtst.so.6.1.0
00232000-00233000 r-xp 00004000 08:01 132443     /usr/lib/libXtst.so.6.1.0
00233000-00234000 rwxp 00005000 08:01 132443     /usr/lib/libXtst.so.6.1.0
00234000-00235000 r-xp 00000000 00:00 0 
00235000-00238000 ---p 00000000 00:00 0 
00238000-00286000 rwxp 00000000 00:00 0 
00286000-0028e000 r-xs 00000000 08:01 804305     /var/cache/fontconfig/d52a8644073d54c13679302ca1180695-le32d4.cache-3
0028e000-0028f000 r-xs 00000000 08:01 808842     /var/cache/fontconfig/4794a0821666d79190d59a36cb4f44b5-le32d4.cache-3
0028f000-00292000 r-xs 00000000 08:01 804306     /var/cache/fontconfig/d60319d88cac85ba9e1a07bd06cfbb8c-le32d4.cache-3
00292000-00293000 r-xs 00000000 08:01 804294     /var/cache/fontconfig/6a53c69dea097a2d716e069445527da8-le32d4.cache-3
00293000-00294000 r-xs 00000000 08:01 804286     /var/cache/fontconfig/0d8c3b2ac0904cb8a57a757ad11a4a08-le32d4.cache-3
00294000-00295000 r-xs 00000000 08:01 804292     /var/cache/fontconfig/4c73fe0c47614734b17d736dbde7580a-le32d4.cache-3
00295000-0029d000 r-xp 00000000 08:01 135492     /usr/lib/libXrender.so.1.3.0
0029d000-0029e000 r-xp 00007000 08:01 135492     /usr/lib/libXrender.so.1.3.0
0029e000-0029f000 rwxp 00008000 08:01 135492     /usr/lib/libXrender.so.1.3.0
0029f000-002a0000 r-xs 00000000 08:01 804310     /var/cache/fontconfig/e7071f4a29fa870f4323321c154eba04-le32d4.cache-3
002a0000-002a6000 r-xp 00000000 08:01 404381     /lib/tls/i686/cmov/libnss_compat-2.11.1.so
002a6000-002a7000 r-xp 00006000 08:01 404381     /lib/tls/i686/cmov/libnss_compat-2.11.1.so
002a7000-002a8000 rwxp 00007000 08:01 404381     /lib/tls/i686/cmov/libnss_compat-2.11.1.so
002a8000-002e7000 r-xp 00000000 08:01 139127     /usr/lib/locale/en_US.utf8/LC_CTYPE
002e7000-002e8000 rwxp 00000000 00:00 0 
002e8000-002f6000 r-xp 00000000 08:01 134245     /usr/lib/libXext.so.6.4.0
002f6000-002f7000 r-xp 0000d000 08:01 134245     /usr/lib/libXext.so.6.4.0
002f7000-002f8000 rwxp 0000e000 08:01 134245     /usr/lib/libXext.so.6.4.0
002f8000-00305000 r-xp 00000000 08:01 133949     /usr/lib/libXi.so.6.1.0
00305000-00306000 r-xp 0000c000 08:01 133949     /usr/lib/libXi.so.6.1.0
00306000-00307000 rwxp 0000d000 08:01 133949     /usr/lib/libXi.so.6.1.0
00307000-0031f000 r-xp 00000000 08:01 134143     /usr/lib/libxcb.so.1.1.0
0031f000-00320000 r-xp 00017000 08:01 134143     /usr/lib/libxcb.so.1.1.0
00320000-00321000 rwxp 00018000 08:01 134143     /usr/lib/libxcb.so.1.1.0
00321000-00323000 r-xp 00000000 08:01 133933     /usr/lib/libXau.so.6.0.0
00323000-00324000 r-xp 00001000 08:01 133933     /usr/lib/libXau.so.6.0.0
00324000-00325000 rwxp 00002000 08:01 133933     /usr/lib/libXau.so.6.0.0
00325000-00329000 r-xp 00000000 08:01 133944     /usr/lib/libXdmcp.so.6.0.0
00329000-0032a000 r-xp 00003000 08:01 133944     /usr/lib/libXdmcp.so.6.0.0
0032a000-0032b000 rwxp 00004000 08:01 133944     /usr/lib/libXdmcp.so.6.0.0
0032b000-0032f000 r-xs 00000000 08:01 804301     /var/cache/fontconfig/a755afe4a08bf5b97852ceb7400b47bc-le32d4.cache-3
0032f000-00418000 r-xp 00000000 08:01 150990     /usr/lib/libstdc++.so.6.0.13
00418000-0041c000 r-xp 000e9000 08:01 150990     /usr/lib/libstdc++.so.6.0.13
0041c000-0041d000 rwxp 000ed000 08:01 150990     /usr/lib/libstdc++.so.6.0.13
0041d000-00424000 rwxp 00000000 00:00 0 
00424000-00427000 r-xs 00000000 08:01 804298     /var/cache/fontconfig/7ef2298fde41cc6eeb7af42e48b7d293-le32d4.cache-3
00427000-00429000 r-xs 00000000 08:01 798840     /var/cache/fontconfig/e13b20fdb08344e0e664864cc2ede53d-le32d4.cache-3
00429000-0042a000 r-xs 00000000 08:01 808842     /var/cache/fontconfig/4794a0821666d79190d59a36cb4f44b5-le32d4.cache-3
0042a000-0042d000 r-xs 00000000 08:01 804306     /var/cache/fontconfig/d60319d88cac85ba9e1a07bd06cfbb8c-le32d4.cache-3
0042d000-00431000 r-xs 00000000 08:01 804301     /var/cache/fontconfig/a755afe4a08bf5b97852ceb7400b47bc-le32d4.cache-3
00431000-00432000 r-xs 00000000 08:01 804294     /var/cache/fontconfig/6a53c69dea097a2d716e069445527da8-le32d4.cache-3
00432000-00433000 r-xs 00000000 08:01 804286     /var/cache/fontconfig/0d8c3b2ac0904cb8a57a757ad11a4a08-le32d4.cache-3
00433000-00434000 r-xs 00000000 08:01 804292     /var/cache/fontconfig/4c73fe0c47614734b17d736dbde7580a-le32d4.cache-3
00434000-00437000 r-xs 00000000 08:01 804296     /var/cache/fontconfig/6eb3985aa4124903f6ff08ba781cd364-le32d4.cache-3
00437000-00438000 r-xs 00000000 08:01 804310     /var/cache/fontconfig/e7071f4a29fa870f4323321c154eba04-le32d4.cache-3
00438000-0043b000 r-xs 00000000 08:01 804309     /var/cache/fontconfig/e383d7ea5fbe662a33d9b44caf393297-le32d4.cache-3
0043b000-0043d000 r-xs 00000000 08:01 804300     /var/cache/fontconfig/99e8ed0e538f840c565b6ed5dad60d56-le32d4.cache-3
0043d000-00443000 r-xs 00000000 08:01 804299     /var/cache/fontconfig/945677eb7aeaf62f1d50efc3fb3ec7d8-le32d4.cache-3
00443000-00444000 r-xs 00000000 08:01 804302     /var/cache/fontconfig/c05880de57d1f5e948fdfacc138775d9-le32d4.cache-3
00444000-0044b000 r-xs 00054000 08:01 559213     /usr/lib/jvm/java-6-openjdk/jre/lib/resources.jar
0044b000-0044f000 r-xp 00000000 08:01 133948     /usr/lib/libXfixes.so.3.1.0
0044f000-00450000 r-xp 00003000 08:01 133948     /usr/lib/libXfixes.so.3.1.0
00450000-00451000 rwxp 00004000 08:01 133948     /usr/lib/libXfixes.so.3.1.0
00451000-00453000 r-xs 00005000 08:01 1181671    /home/bright/Desktop/Project/phrapp-0.30/bin/paillier.jar
00453000-00454000 rwxp 00000000 00:00 0 
00454000-0045b000 r-xs 00000000 08:01 812635     /var/cache/fontconfig/6d41288fd70b0be22e8c3a91e032eec0-le32d4.cache-3
0045b000-0045c000 rwxp 00000000 00:00 0 
0045c000-00462000 r-xs 00048000 08:01 1181670    /home/bright/Desktop/Project/phrapp-0.30/bin/commons-lang3-3.1.jar
00462000-00469000 r-xp 00000000 08:01 562639     /usr/lib/jvm/java-6-openjdk/jre/lib/i386/libnio.so
00469000-0046a000 r-xp 00006000 08:01 562639     /usr/lib/jvm/java-6-openjdk/jre/lib/i386/libnio.so
0046a000-0046b000 rwxp 00007000 08:01 562639     /usr/lib/jvm/java-6-openjdk/jre/lib/i386/libnio.so
0046b000-00473000 r-xp 00000000 08:01 133940     /usr/lib/libXcursor.so.1.0.2
00473000-00474000 r-xp 00007000 08:01 133940     /usr/lib/libXcursor.so.1.0.2
00474000-00475000 rwxp 00008000 08:01 133940     /usr/lib/libXcursor.so.1.0.2
00475000-0047a000 rwxs 00000000 00:04 17825812   /SYSV00000000 (deleted)
0047a000-0047b000 rwxp 00000000 00:00 0 
00484000-00487000 r-xs 00000000 08:01 804296     /var/cache/fontconfig/6eb3985aa4124903f6ff08ba781cd364-le32d4.cache-3
00487000-0048a000 r-xs 00000000 08:01 804309     /var/cache/fontconfig/e383d7ea5fbe662a33d9b44caf393297-le32d4.cache-3
0048a000-0048c000 r-xs 00000000 08:01 804300     /var/cache/fontconfig/99e8ed0e538f840c565b6ed5dad60d56-le32d4.cache-3
0048c000-0048d000 r-xs 00000000 08:01 804302     /var/cache/fontconfig/c05880de57d1f5e948fdfacc138775d9-le32d4.cache-3
00490000-004ad000 r-xp 00000000 08:01 262155     /lib/libgcc_s.so.1
004ad000-004ae000 r-xp 0001c000 08:01 262155     /lib/libgcc_s.so.1
004ae000-004af000 rwxp 0001d000 08:01 262155     /lib/libgcc_s.so.1
004af000-004b5000 r-xs 00000000 08:01 804299     /var/cache/fontconfig/945677eb7aeaf62f1d50efc3fb3ec7d8-le32d4.cache-3
004b5000-004d2000 r-xs 00151000 08:01 1181669    /home/bright/Desktop/Project/phrapp-0.30/bin/swingx-all-1.6.3.jar
004e3000-004ec000 rwxp 00000000 00:00 0 
004ec000-005a3000 rwxp 00000000 00:00 0 
005b3000-005bb000 r-xs 00000000 08:01 804305     /var/cache/fontconfig/d52a8644073d54c13679302ca1180695-le32d4.cache-3
005cf000-005f3000 r-xp 00000000 08:01 393462     /lib/tls/i686/cmov/libm-2.11.1.so
005f3000-005f4000 r-xp 00023000 08:01 393462     /lib/tls/i686/cmov/libm-2.11.1.so
005f4000-005f5000 rwxp 00024000 08:01 393462     /lib/tls/i686/cmov/libm-2.11.1.so
005fe000-00600000 r-xp 00000000 08:01 404375     /lib/tls/i686/cmov/libdl-2.11.1.so
00600000-00601000 r-xp 00001000 08:01 404375     /lib/tls/i686/cmov/libdl-2.11.1.so
00601000-00602000 rwxp 00002000 08:01 404375     /lib/tls/i686/cmov/libdl-2.11.1.so
00602000-00608000 rwxp 00000000 00:00 0 
00608000-006aa000 rwxp 00000000 00:00 0 
006aa000-006bf000 r-xp 00000000 08:01 562626     /usr/lib/jvm/java-6-openjdk/jre/lib/i386/libnet.so
006bf000-006c0000 r-xp 00014000 08:01 562626     /usr/lib/jvm/java-6-openjdk/jre/lib/i386/libnet.so
006c0000-006c1000 rwxp 00015000 08:01 562626     /usr/lib/jvm/java-6-openjdk/jre/lib/i386/libnet.so
006df000-006e0000 r-xp 00000000 00:00 0          [vdso]
006fe000-00705000 r-xp 00000000 08:01 393459     /lib/tls/i686/cmov/librt-2.11.1.so
00705000-00706000 r-xp 00006000 08:01 393459     /lib/tls/i686/cmov/librt-2.11.1.so
00706000-00707000 rwxp 00007000 08:01 393459     /lib/tls/i686/cmov/librt-2.11.1.so
00707000-00708000 ---p 00000000 00:00 0 
00708000-00788000 rwxp 00000000 00:00 0 
00788000-0078b000 ---p 00000000 00:00 0 
0078b000-007d9000 rwxp 00000000 00:00 0 
007dc000-007e7000 r-xs 00000000 08:01 804287     /var/cache/fontconfig/0f34bcd4b6ee430af32735b75db7f02b-le32d4.cache-3
007f6000-007f7000 rwxp 00000000 00:00 0 
007f7000-007fa000 ---p 00000000 00:00 0 
007fa000-00878000 rwxp 00000000 00:00 0 
00878000-0087b000 ---p 00000000 00:00 0 
0087b000-008c9000 rwxp 00000000 00:00 0 
008cf000-008fb000 r-xp 00000000 08:01 1182846    /home/bright/Desktop/Project/webserver/node_modules/java/build/Release/nodejavabridge_bindings.node
008fb000-008fc000 r-xp 0002b000 08:01 1182846    /home/bright/Desktop/Project/webserver/node_modules/java/build/Release/nodejavabridge_bindings.node
008fc000-008fd000 rwxp 0002c000 08:01 1182846    /home/bright/Desktop/Project/webserver/node_modules/java/build/Release/nodejavabridge_bindings.node
008fd000-00943000 r-xp 00000000 08:01 562755     /usr/lib/jvm/java-6-openjdk/jre/lib/i386/xawt/libmawt.so
00943000-00944000 r-xp 00045000 08:01 562755     /usr/lib/jvm/java-6-openjdk/jre/lib/i386/xawt/libmawt.so
00944000-00946000 rwxp 00046000 08:01 562755     /usr/lib/jvm/java-6-openjdk/jre/lib/i386/xawt/libmawt.so
00946000-00947000 rwxp 00000000 00:00 0 
00967000-0096e000 r-xp 00000000 08:01 562624     /usr/lib/jvm/java-6-openjdk/jre/lib/i386/libzip.so
0096e000-0096f000 r-xp 00006000 08:01 562624     /usr/lib/jvm/java-6-openjdk/jre/lib/i386/libzip.so
0096f000-00970000 rwxp 00007000 08:01 562624     /usr/lib/jvm/java-6-openjdk/jre/lib/i386/libzip.so
00970000-009c1000 r-xp 00000000 08:01 562607     /usr/lib/jvm/java-6-openjdk/jre/lib/i386/libfontmanager.so
009c1000-009c2000 r-xp 00051000 08:01 562607     /usr/lib/jvm/java-6-openjdk/jre/lib/i386/libfontmanager.so
009c2000-009c3000 rwxp 00052000 08:01 562607     /usr/lib/jvm/java-6-openjdk/jre/lib/i386/libfontmanager.so
009d9000-009dc000 ---p 00000000 00:00 0 
009dc000-00a5a000 rwxp 00000000 00:00 0 
00a5b000-00a67000 r-xp 00000000 08:01 562640     /usr/lib/jvm/java-6-openjdk/jre/lib/i386/libverify.so
00a67000-00a68000 r-xp 0000b000 08:01 562640     /usr/lib/jvm/java-6-openjdk/jre/lib/i386/libverify.so
00a68000-00a69000 rwxp 0000c000 08:01 562640     /usr/lib/jvm/java-6-openjdk/jre/lib/i386/libverify.so
00a69000-00ada000 r-xp 00000000 08:01 134481     /usr/lib/libfreetype.so.6.3.22
00ada000-00ade000 r-xp 00070000 08:01 134481     /usr/lib/libfreetype.so.6.3.22
00ade000-00adf000 rwxp 00074000 08:01 134481     /usr/lib/libfreetype.so.6.3.22
00ae8000-00afd000 r-xp 00000000 08:01 404371     /lib/tls/i686/cmov/libpthread-2.11.1.so
00afd000-00afe000 r-xp 00014000 08:01 404371     /lib/tls/i686/cmov/libpthread-2.11.1.so
00afe000-00aff000 rwxp 00015000 08:01 404371     /lib/tls/i686/cmov/libpthread-2.11.1.so
00aff000-00b01000 rwxp 00000000 00:00 0 
00b0d000-00b14000 rwxp 00000000 00:00 0 
00b14000-00b15000 ---p 00000000 00:00 0 
00b15000-00b95000 rwxp 00000000 00:00 0 
00bd6000-00bf1000 r-xp 00000000 08:01 275367     /lib/ld-2.11.1.so
00bf1000-00bf2000 r-xp 0001a000 08:01 275367     /lib/ld-2.11.1.so
00bf2000-00bf3000 rwxp 0001b000 08:01 275367     /lib/ld-2.11.1.so
00bf3000-00bf6000 rwxp 00000000 00:00 0 
00bf6000-00c46000 rwxp 00000000 00:00 0 
00c46000-00c4c000 rwxp 00000000 00:00 0 
00c4c000-00cee000 rwxp 00000000 00:00 0 
00cee000-00cf6000 rwxp 00000000 00:00 0 
00cf6000-00d2e000 rwxp 00000000 00:00 0 
00d2e000-00d3a000 rwxp 00000000 00:00 0 
00d3a000-00d3d000 ---p 00000000 00:00 0 
00d3d000-00d8b000 rwxp 00000000 00:00 0 
00dcf000-00dd6000 r-xs 00000000 08:01 812635     /var/cache/fontconfig/6d41288fd70b0be22e8c3a91e032eec0-le32d4.cache-3
00de3000-00f3f000 r-xp 00000000 08:01 404373     /lib/tls/i686/cmov/libc-2.11.1.so
00f3f000-00f41000 r-xp 0015b000 08:01 404373     /lib/tls/i686/cmov/libc-2.11.1.so
00f41000-00f42000 rwxp 0015d000 08:01 404373     /lib/tls/i686/cmov/libc-2.11.1.so
00f42000-00f45000 rwxp 00000000 00:00 0 
00f45000-00f48000 ---p 00000000 00:00 0 
00f48000-00f96000 rwxp 00000000 00:00 0 
00f99000-00f9b000 rwxp 00000000 00:00 0 
00fd6000-00fe1000 r-xs 00000000 08:01 804287     /var/cache/fontconfig/0f34bcd4b6ee430af32735b75db7f02b-le32d4.cache-3
00ff6000-00ff7000 rwxp 00000000 00:00 0 
00ff7000-01786000 r-xp 00000000 08:01 562603     /usr/lib/jvm/java-6-openjdk/jre/lib/i386/server/libjvm.so
01786000-017cd000 r-xp 0078e000 08:01 562603     /usr/lib/jvm/java-6-openjdk/jre/lib/i386/server/libjvm.so
017cd000-017e1000 rwxp 007d5000 08:01 562603     /usr/lib/jvm/java-6-openjdk/jre/lib/i386/server/libjvm.so
017e1000-01e3d000 rwxp 00000000 00:00 0 
01e3d000-04bfd000 rwxp 00000000 00:00 0 
04bfd000-04c83000 r-xp 00000000 08:01 562617     /usr/lib/jvm/java-6-openjdk/jre/lib/i386/libawt.so
04c83000-04c84000 r-xp 00086000 08:01 562617     /usr/lib/jvm/java-6-openjdk/jre/lib/i386/libawt.so
04c84000-04c8b000 rwxp 00087000 08:01 562617     /usr/lib/jvm/java-6-openjdk/jre/lib/i386/libawt.so
04c8b000-04caf000 rwxp 00000000 00:00 0 
04caf000-04dc8000 r-xp 00000000 08:01 134939     /usr/lib/libX11.so.6.3.0
04dc8000-04dc9000 r-xp 00118000 08:01 134939     /usr/lib/libX11.so.6.3.0
04dc9000-04dcb000 rwxp 00119000 08:01 134939     /usr/lib/libX11.so.6.3.0
04dcb000-04dcc000 rwxp 00000000 00:00 0 
04dcc000-04f1a000 r-xp 00000000 08:01 1181680    /home/bright/Desktop/Project/phrapp-0.30/bin/libPHRapp_Login_JNI.so
04f1a000-04f2a000 rwxp 0014d000 08:01 1181680    /home/bright/Desktop/Project/phrapp-0.30/bin/libPHRapp_Login_JNI.so
04f2a000-04f2d000 rwxp 00000000 00:00 0 
04f2d000-04f2e000 ---p 00000000 00:00 0 
04f2e000-0572e000 rwxp 00000000 00:00 0 
0572e000-0572f000 ---p 00000000 00:00 0 
0572f000-05f2f000 rwxp 00000000 00:00 0 
05f2f000-05f32000 ---p 00000000 00:00 0 
05f32000-05f80000 rwxp 00000000 00:00 0 
05f80000-060ec000 r-xp 00000000 08:01 1181706    /home/bright/Desktop/Project/phrapp-0.30/bin/libPHRapp_User_JNI.so
060ec000-060fc000 rwxp 0016c000 08:01 1181706    /home/bright/Desktop/Project/phrapp-0.30/bin/libPHRapp_User_JNI.so
060fc000-060ff000 rwxp 00000000 00:00 0 
060ff000-06102000 ---p 00000000 00:00 0 
06102000-06323000 rwxp 00000000 00:00 0 
0635d000-064f4000 r-xs 01a18000 08:01 562598     /usr/lib/jvm/java-6-openjdk/jre/lib/rt.jar
064f4000-064f7000 ---p 00000000 00:00 0 
064f7000-06cf5000 rwxp 00000000 00:00 0 
06cf5000-06cf8000 ---p 00000000 00:00 0 
06cf8000-074f6000 rwxp 00000000 00:00 0 
08048000-08e2d000 r-xp 00000000 08:01 567688     /usr/local/bin/node
08e2d000-08e3c000 rwxp 00de5000 08:01 567688     /usr/local/bin/node
08e3c000-08e44000 rwxp 00000000 00:00 0 
09124000-09127000 ---p 00000000 00:00 0 
09127000-09175000 rwxp 00000000 00:00 0 
099ff000-09a02000 ---p 00000000 00:00 0 
09a02000-09a50000 rwxp 00000000 00:00 0 
09eff000-0a46a000 rwxp 00000000 00:00 0          [heap]
22223000-22623000 rwxp 00000000 00:00 0 
23d00000-23d09000 rwxp 00000000 00:00 0 
23d09000-23d0a000 ---p 00000000 00:00 0 
23d0a000-23dff000 rwxp 00000000 00:00 0 
23dff000-23e00000 ---p 00000000 00:00 0 
24500000-24509000 rwxp 00000000 00:00 0 
24509000-2450a000 ---p 00000000 00:00 0 
2450a000-245ff000 rwxp 00000000 00:00 0 
245ff000-24600000 ---p 00000000 00:00 0 
28100000-28109000 rwxp 00000000 00:00 0 
28109000-2810a000 ---p 00000000 00:00 0 
2810a000-2810b000 rwxp 00000000 00:00 0 
2810b000-28134000 ---p 00000000 00:00 0 
30600000-30700000 rwxp 00000000 00:00 0 
30eec000-30eed000 r-xp 00000000 00:00 0 
31b00000-31c00000 rwxp 00000000 00:00 0 
35298000-35299000 r-xp 00000000 00:00 0 
35d00000-35e00000 rwxp 00000000 00:00 0 
36000000-36019000 rwxp 00000000 00:00 0 
367d5000-367e0000 ---p 00000000 00:00 0 
367e0000-367f0000 rwxp 00000000 00:00 0 
367f0000-36805000 ---p 00000000 00:00 0 
38700000-38800000 rwxp 00000000 00:00 0 
42c00000-42d00000 rwxp 00000000 00:00 0 
42e6f000-42eaf000 rwxp 00000000 00:00 0 
42eaf000-42f6f000 ---p 00000000 00:00 0 
46000000-46800000 rwxp 00000000 00:00 0 
46800000-47000000 rwxp 00000000 00:00 0 
4c000000-4c039000 rwxp 00000000 00:00 0 
4d400000-4d500000 rwxp 00000000 00:00 0 
51700000-51709000 rwxp 00000000 00:00 0 
51709000-5170a000 ---p 00000000 00:00 0 
5170a000-51782000 rwxp 00000000 00:00 0 
51782000-51783000 ---p 00000000 00:00 0 
51b00000-51b11000 rwxp 00000000 00:00 0 
52600000-52609000 rwxp 00000000 00:00 0 
52609000-5260a000 ---p 00000000 00:00 0 
5260a000-526ff000 rwxp 00000000 00:00 0 
526ff000-52700000 ---p 00000000 00:00 0 
52a00000-52a09000 rwxp 00000000 00:00 0 
52a09000-52a0a000 ---p 00000000 00:00 0 
52a0a000-52a0b000 rwxp 00000000 00:00 0 
52a0b000-52a34000 ---p 00000000 00:00 0 
52f00000-53000000 rwxp 00000000 00:00 0 
53d00000-53d19000 rwxp 00000000 00:00 0 
5c800000-5c809000 rwxp 00000000 00:00 0 
5c809000-5c80a000 ---p 00000000 00:00 0 
5c80a000-5c80b000 rwxp 00000000 00:00 0 
5c80b000-5c834000 ---p 00000000 00:00 0 
6b310000-6b840000 rwxp 00000000 00:00 0 
6b840000-75a60000 rwxp 00000000 00:00 0 
75a60000-764e0000 rwxp 00000000 00:00 0 
764e0000-8a910000 rwxp 00000000 00:00 0 
8a910000-8b910000 rwxp 00000000 00:00 0 
8b910000-92910000 rwxp 00000000 00:00 0 
92910000-92eaf000 r-xp 00001000 08:01 562939     /usr/lib/jvm/java-6-openjdk/jre/lib/i386/server/classes.jsa
92eaf000-93310000 rwxp 00000000 00:00 0 
93310000-93a9e000 rwxp 005a0000 08:01 562939     /usr/lib/jvm/java-6-openjdk/jre/lib/i386/server/classes.jsa
93a9e000-93f10000 rwxp 00000000 00:00 0 
93f10000-94220000 rwxp 00d2e000 08:01 562939     /usr/lib/jvm/java-6-openjdk/jre/lib/i386/server/classes.jsa
94220000-94310000 rwxp 00000000 00:00 0 
94310000-94319000 r-xp 0103e000 08:01 562939     /usr/lib/jvm/java-6-openjdk/jre/lib/i386/server/classes.jsa
94319000-94710000 rwxp 00000000 00:00 0 
b7100000-b7121000 rwxp 00000000 00:00 0 
b7121000-b7200000 ---p 00000000 00:00 0 
b7300000-b7400000 rwxp 00000000 00:00 0 
b7500000-b7600000 rwxp 00000000 00:00 0 
b7700000-b7779000 rwxp 00000000 00:00 0 
bfb07000-bfb0a000 ---p 00000000 00:00 0 
bfb0b000-bfb57000 rwxp 00000000 00:00 0          [stack]

VM Arguments:
jvm_args: -Djava.library.path=../phrapp-0.30/bin/ -classpath *:../phrapp-0.30/bin/ 
java_command: <unknown>
Launcher Type: generic

Environment Variables:
PATH=/usr/local/sbin:/usr/local/bin:/usr/sbin:/usr/bin:/sbin:/bin:/usr/games:/usr/lib/jvm/java-6-openjdk/jre/lib/i386/cacao
USERNAME=bright
SHELL=/bin/bash
DISPLAY=:0.0

Signal Handlers:
SIGSEGV: [libjvm.so+0x718200], sa_mask[0]=0x7ffbfeff, sa_flags=0x10000004
SIGBUS: [libjvm.so+0x718200], sa_mask[0]=0x7ffbfeff, sa_flags=0x10000004
SIGFPE: [libjvm.so+0x5c9850], sa_mask[0]=0x7ffbfeff, sa_flags=0x10000004
SIGPIPE: [libjvm.so+0x5c9850], sa_mask[0]=0x7ffbfeff, sa_flags=0x10000004
SIGXFSZ: [libjvm.so+0x5c9850], sa_mask[0]=0x7ffbfeff, sa_flags=0x10000004
SIGILL: [libjvm.so+0x5c9850], sa_mask[0]=0x7ffbfeff, sa_flags=0x10000004
SIGUSR1: [+0x81fd50], sa_mask[0]=0x7ffbfeff, sa_flags=0x00000000
SIGUSR2: [libjvm.so+0x5c92d0], sa_mask[0]=0x00000000, sa_flags=0x10000004
SIGHUP: [libjvm.so+0x5cc8d0], sa_mask[0]=0x7ffbfeff, sa_flags=0x10000004
SIGINT: [libjvm.so+0x5cc8d0], sa_mask[0]=0x7ffbfeff, sa_flags=0x10000004
SIGTERM: [libjvm.so+0x5cc8d0], sa_mask[0]=0x7ffbfeff, sa_flags=0x10000004
SIGQUIT: [libjvm.so+0x5cc8d0], sa_mask[0]=0x7ffbfeff, sa_flags=0x10000004


---------------  S Y S T E M  ---------------

OS:Ubuntu 10.04 (lucid)
uname:Linux 2.6.32-38-generic #83-Ubuntu SMP Wed Jan 4 11:13:04 UTC 2012 i686
libc:glibc 2.11.1 NPTL 2.11.1 
rlimit: STACK 8192k, CORE 0k, NPROC infinity, NOFILE 1024, AS infinity
load average:1.24 0.82 0.82

/proc/meminfo:
MemTotal:        1025960 kB
MemFree:          111204 kB
Buffers:          117008 kB
Cached:           507900 kB
SwapCached:            0 kB
Active:           499668 kB
Inactive:         349216 kB
Active(anon):     224412 kB
Inactive(anon):     5348 kB
Active(file):     275256 kB
Inactive(file):   343868 kB
Unevictable:           0 kB
Mlocked:               0 kB
HighTotal:        139144 kB
HighFree:            252 kB
LowTotal:         886816 kB
LowFree:          110952 kB
SwapTotal:        916472 kB
SwapFree:         916472 kB
Dirty:                76 kB
Writeback:             0 kB
AnonPages:        224076 kB
Mapped:            94244 kB
Shmem:              5736 kB
Slab:              49452 kB
SReclaimable:      40180 kB
SUnreclaim:         9272 kB
KernelStack:        2592 kB
PageTables:         5740 kB
NFS_Unstable:          0 kB
Bounce:                0 kB
WritebackTmp:          0 kB
CommitLimit:     1429452 kB
Committed_AS:    1250084 kB
VmallocTotal:     122880 kB
VmallocUsed:        6980 kB
VmallocChunk:     109816 kB
HardwareCorrupted:     0 kB
HugePages_Total:       0
HugePages_Free:        0
HugePages_Rsvd:        0
HugePages_Surp:        0
Hugepagesize:       4096 kB
DirectMap4k:       16376 kB
DirectMap4M:      892928 kB


CPU:total 1 (1 cores per cpu, 1 threads per core) family 6 model 69 stepping 1, cmov, cx8, fxsr, mmx, sse, sse2, sse3, ssse3, sse4.1, sse4.2, popcnt, avx, tsc, tscinvbit

/proc/cpuinfo:
processor	: 0
vendor_id	: GenuineIntel
cpu family	: 6
model		: 69
model name	: Intel(R) Core(TM) i7-4510U CPU @ 2.00GHz
stepping	: 1
cpu MHz		: 2594.029
cache size	: 4096 KB
fdiv_bug	: no
hlt_bug		: no
f00f_bug	: no
coma_bug	: no
fpu		: yes
fpu_exception	: yes
cpuid level	: 13
wp		: yes
flags		: fpu vme de pse tsc msr pae mce cx8 apic mtrr pge mca cmov pat pse36 clflush dts mmx fxsr sse sse2 ss nx pdpe1gb rdtscp constant_tsc up arch_perfmon pebs bts xtopology tsc_reliable nonstop_tsc aperfmperf pni pclmulqdq ssse3 fma sse4_1 sse4_2 x2apic movbe popcnt aes xsave avx hypervisor ida arat
bogomips	: 5188.05
clflush size	: 64
cache_alignment	: 64
address sizes	: 40 bits physical, 48 bits virtual
power management:



Memory: 4k page, physical 1025960k(111204k free), swap 916472k(916472k free)

vm_info: OpenJDK Server VM (23.25-b01) for linux-x86 JRE (1.6.0_33-b33), built on Oct 15 2014 12:31:00 by "buildd" with gcc 4.4.3

time: Fri Oct 16 12:59:10 2015
elapsed time: 362 seconds

