#
# A fatal error has been detected by the Java Runtime Environment:
#
#  SIGSEGV (0xb) at pc=0x011df949, pid=6057, tid=126102384
#
# JRE version: 6.0_33-b33
# Java VM: OpenJDK Server VM (23.25-b01 mixed mode, sharing linux-x86 )
# Derivative: IcedTea6 1.13.5
# Distribution: Ubuntu 10.04.1 LTS, package 6b33-1.13.5-1ubuntu0.10.04
# Problematic frame:
# V  [libjvm.so+0x414949]  jni_GetStringUTFChars+0x89
#
# Failed to write core dump. Core dumps have been disabled. To enable core dumping, try "ulimit -c unlimited" before starting Java again
#
# If you would like to submit a bug report, please include
# instructions how to reproduce the bug and visit:
#   https://bugs.launchpad.net/ubuntu/+source/openjdk-6/
#

---------------  T H R E A D  ---------------

Current thread (0x099eac00):  JavaThread "Thread-3" [_thread_in_vm, id=6074, stack(0x07042000,0x07843000)]

siginfo:si_signo=SIGSEGV: si_errno=0, si_code=1 (SEGV_MAPERR), si_addr=0x00000000

Registers:
EAX=0x00000000, EBX=0x015a0ff4, ECX=0x00000000, EDX=0x00000000
ESP=0x07841a30, EBP=0x07841a88, ESI=0x099eac00, EDI=0x098abd18
EIP=0x011df949, EFLAGS=0x00010246, CR2=0x00000000

Top of Stack: (sp=0x07841a30)
0x07841a30:   07841a5c 099eac00 015c1820 015c1820
0x07841a40:   09935388 0000003c 6b473210 07841a5c
0x07841a50:   011c8e2e 07841b20 0141b216 099eac00
0x07841a60:   00000000 07841c68 099353a0 099eac00
0x07841a70:   011c258b 07841a9c 07841aa3 099ead28
0x07841a80:   8a96c380 098abd18 07841ac8 01ee4fc8
0x07841a90:   099ead28 00000000 00000000 099eac00
0x07841aa0:   00841b24 0245a3d4 0244ab48 07841b28 

Instructions: (pc=0x011df949)
0x011df929:   00 c7 86 64 01 00 00 06 00 00 00 8d 45 d4 89 45
0x011df939:   c4 52 89 75 e4 52 56 50 e8 ea 45 01 00 8b 45 0c
0x011df949:   8b 10 89 14 24 89 55 c0 e8 9a ff fe ff 8d 48 01
0x011df959:   89 0c 24 89 4d bc e8 5c 17 1b 00 83 c4 10 89 c7 

Register to memory mapping:

EAX=0x00000000 is an unknown value
EBX=0x015a0ff4: <offset 0x7d5ff4> in /usr/lib/jvm/java-6-openjdk/jre/lib/i386/server/libjvm.so at 0x00dcb000
ECX=0x00000000 is an unknown value
EDX=0x00000000 is an unknown value
ESP=0x07841a30 is pointing into the stack for thread: 0x099eac00
EBP=0x07841a88 is pointing into the stack for thread: 0x099eac00
ESI=0x099eac00 is a thread
EDI=0x098abd18 is an unknown value


Stack: [0x07042000,0x07843000],  sp=0x07841a30,  free space=8190k
Native frames: (J=compiled Java code, j=interpreted, Vv=VM code, C=native code)
V  [libjvm.so+0x414949]  jni_GetStringUTFChars+0x89
C  [libPHRapp_User_JNI.so+0x6cfc8]  Java_UserMain_encrypt_1phr_1main+0x48
j  UserMain.encrypt_phr_main(Ljava/lang/String;Ljava/lang/String;)Z+0
j  UserMain.perform_phr_uploading_transaction(Ljava/lang/String;Ljava/lang/String;Ljava/lang/String;Ljava/lang/String;Ljava/lang/String;Ljava/lang/String;)V+481
j  UserMain.uploadSelfPHR(Ljava/lang/String;Ljava/lang/String;Ljava/lang/String;Ljava/lang/String;Ljava/lang/String;Ljava/lang/String;)Z+10
v  ~StubRoutines::call_stub
V  [libjvm.so+0x401bd4]  JavaCalls::call_helper(JavaValue*, methodHandle*, JavaCallArguments*, Thread*)+0x314
V  [libjvm.so+0x5c7de9]  os::os_exception_wrapper(void (*)(JavaValue*, methodHandle*, JavaCallArguments*, Thread*), JavaValue*, methodHandle*, JavaCallArguments*, Thread*)+0x19
V  [libjvm.so+0x40080f]  JavaCalls::call(JavaValue*, methodHandle, JavaCallArguments*, Thread*)+0x2f
V  [libjvm.so+0x635a31]  Reflection::invoke(instanceKlassHandle, methodHandle, Handle, bool, objArrayHandle, BasicType, objArrayHandle, bool, Thread*)+0x3a1
V  [libjvm.so+0x636857]  Reflection::invoke_method(oopDesc*, Handle, objArrayHandle, Thread*)+0x147
V  [libjvm.so+0x4528ee]  JVM_InvokeMethod+0x20e
C  [libjava.so+0x15f72]  Java_sun_reflect_NativeMethodAccessorImpl_invoke0+0x32
j  sun.reflect.NativeMethodAccessorImpl.invoke0(Ljava/lang/reflect/Method;Ljava/lang/Object;[Ljava/lang/Object;)Ljava/lang/Object;+0
j  sun.reflect.NativeMethodAccessorImpl.invoke(Ljava/lang/Object;[Ljava/lang/Object;)Ljava/lang/Object;+87
j  sun.reflect.DelegatingMethodAccessorImpl.invoke(Ljava/lang/Object;[Ljava/lang/Object;)Ljava/lang/Object;+6
j  java.lang.reflect.Method.invoke(Ljava/lang/Object;[Ljava/lang/Object;)Ljava/lang/Object;+161
v  ~StubRoutines::call_stub
V  [libjvm.so+0x401bd4]  JavaCalls::call_helper(JavaValue*, methodHandle*, JavaCallArguments*, Thread*)+0x314
V  [libjvm.so+0x5c7de9]  os::os_exception_wrapper(void (*)(JavaValue*, methodHandle*, JavaCallArguments*, Thread*), JavaValue*, methodHandle*, JavaCallArguments*, Thread*)+0x19
V  [libjvm.so+0x40080f]  JavaCalls::call(JavaValue*, methodHandle, JavaCallArguments*, Thread*)+0x2f
V  [libjvm.so+0x40dd5c]  jni_invoke_nonstatic(JNIEnv_*, JavaValue*, _jobject*, JNICallType, _jmethodID*, JNI_ArgumentPusher*, Thread*)+0x27c
V  [libjvm.so+0x41ea0d]  jni_CallObjectMethodV+0xbd
C  [nodejavabridge_bindings.node+0xf289]  JNIEnv_::CallObjectMethod(_jobject*, _jmethodID*, ...)+0x29
C  [nodejavabridge_bindings.node+0x22936]  InstanceMethodCallBaton::ExecuteInternal(JNIEnv_*)+0x46
C  [nodejavabridge_bindings.node+0x22294]  MethodCallBaton::Execute()+0x44
C  [node+0x9aee7b]
C  [node+0x9bcb71]
C  [libpthread.so.0+0x596e]  start_thread+0xbe

Java frames: (J=compiled Java code, j=interpreted, Vv=VM code)
j  UserMain.encrypt_phr_main(Ljava/lang/String;Ljava/lang/String;)Z+0
j  UserMain.perform_phr_uploading_transaction(Ljava/lang/String;Ljava/lang/String;Ljava/lang/String;Ljava/lang/String;Ljava/lang/String;Ljava/lang/String;)V+481
j  UserMain.uploadSelfPHR(Ljava/lang/String;Ljava/lang/String;Ljava/lang/String;Ljava/lang/String;Ljava/lang/String;Ljava/lang/String;)Z+10
v  ~StubRoutines::call_stub
j  sun.reflect.NativeMethodAccessorImpl.invoke0(Ljava/lang/reflect/Method;Ljava/lang/Object;[Ljava/lang/Object;)Ljava/lang/Object;+0
j  sun.reflect.NativeMethodAccessorImpl.invoke(Ljava/lang/Object;[Ljava/lang/Object;)Ljava/lang/Object;+87
j  sun.reflect.DelegatingMethodAccessorImpl.invoke(Ljava/lang/Object;[Ljava/lang/Object;)Ljava/lang/Object;+6
j  java.lang.reflect.Method.invoke(Ljava/lang/Object;[Ljava/lang/Object;)Ljava/lang/Object;+161
v  ~StubRoutines::call_stub

---------------  P R O C E S S  ---------------

Java Threads: ( => current thread )
  0x099eb800 JavaThread "Thread-4" [_thread_in_native, id=6072, stack(0x05448000,0x05c49000)]
=>0x099eac00 JavaThread "Thread-3" [_thread_in_vm, id=6074, stack(0x07042000,0x07843000)]
  0xb7758800 JavaThread "Thread-2" [_thread_blocked, id=6115, stack(0x01ff7000,0x02048000)]
  0x09903000 JavaThread "AWT-EventQueue-1" [_thread_blocked, id=6102, stack(0x01e27000,0x01e78000)]
  0x09905400 JavaThread "AWT-Shutdown" [_thread_blocked, id=6101, stack(0x01dd6000,0x01e27000)]
  0xb771e800 JavaThread "AWT-XAWT" daemon [_thread_in_native, id=6067, stack(0x06ff1000,0x07042000)]
  0x098aa000 JavaThread "Java2D Disposer" daemon [_thread_blocked, id=6066, stack(0x01d85000,0x01dd6000)]
  0x097c4000 JavaThread "Low Memory Detector" daemon [_thread_blocked, id=6064, stack(0x019d1000,0x01a22000)]
  0x097c1400 JavaThread "C2 CompilerThread1" daemon [_thread_blocked, id=6063, stack(0x00bde000,0x00c5f000)]
  0x097bf800 JavaThread "C2 CompilerThread0" daemon [_thread_blocked, id=6062, stack(0x00b2f000,0x00bb0000)]
  0x097be000 JavaThread "Signal Dispatcher" daemon [_thread_blocked, id=6061, stack(0x00ade000,0x00b2f000)]
  0x097b5c00 JavaThread "Finalizer" daemon [_thread_blocked, id=6060, stack(0x00727000,0x00778000)]
  0x097b4400 JavaThread "Reference Handler" daemon [_thread_blocked, id=6059, stack(0x003cf000,0x00420000)]
  0x0972bc00 JavaThread "main" [_thread_in_native, id=6057, stack(0xbfd75000,0xbfdc5000)]

Other Threads:
  0x097aa800 VMThread [stack: 0x00656000,0x006d7000] [id=6058]
  0x097c6000 WatcherThread [stack: 0x01a22000,0x01aa3000] [id=6065]

VM state:not at safepoint (normal execution)

VM Mutex/Monitor currently owned by a thread: None

Heap
 def new generation   total 4800K, used 3078K [0x6b310000, 0x6b840000, 0x75a60000)
  eden space 4288K,  59% used [0x6b310000, 0x6b591b10, 0x6b740000)
  from space 512K, 100% used [0x6b7c0000, 0x6b840000, 0x6b840000)
  to   space 512K,   0% used [0x6b740000, 0x6b740000, 0x6b7c0000)
 tenured generation   total 10752K, used 738K [0x75a60000, 0x764e0000, 0x8a910000)
   the space 10752K,   6% used [0x75a60000, 0x75b18a40, 0x75b18c00, 0x764e0000)
 compacting perm gen  total 16384K, used 962K [0x8a910000, 0x8b910000, 0x92910000)
   the space 16384K,   5% used [0x8a910000, 0x8aa00b08, 0x8aa00c00, 0x8b910000)
    ro space 10240K,  56% used [0x92910000, 0x92eae3d8, 0x92eae400, 0x93310000)
    rw space 12288K,  62% used [0x93310000, 0x93a9d090, 0x93a9d200, 0x93f10000)

Card table byte_map: [0x00920000,0x00a67000] byte_map_base: 0x005c6780

Polling page: 0x00c64000

Code Cache  [0x02448000, 0x02688000, 0x05448000)
 total_blobs=298 nmethods=63 adapters=188 free_code_cache=48713Kb largest_free_block=49859392

Compilation events (10 events):
Event: 95.638 Thread 0x097c1400   56             java.awt.Component::getFont_NoClientCode (29 bytes)
Event: 95.650 Thread 0x097c1400 nmethod 56 0x024b1108 code [0x024b1200, 0x024b127c]
Event: 108.655 Thread 0x097bf800   57             java.awt.Component::isValid (20 bytes)
Event: 108.656 Thread 0x097bf800 nmethod 57 0x024abe48 code [0x024abf20, 0x024abf70]
Event: 108.656 Thread 0x097bf800   58             java.util.IdentityHashMap::clear (39 bytes)
Event: 108.667 Thread 0x097bf800 nmethod 58 0x024abb48 code [0x024abc40, 0x024abd50]
Event: 114.667 Thread 0x097c1400   59             java.lang.Math::max (11 bytes)
Event: 114.668 Thread 0x097c1400 nmethod 59 0x024b7048 code [0x024b7120, 0x024b7150]
Event: 139.699 Thread 0x097c1400   60             java.awt.Component::getFont (5 bytes)
Event: 139.704 Thread 0x097c1400 nmethod 60 0x024b6e48 code [0x024b6f40, 0x024b6fbc]

GC Heap History (2 events):
Event: 34.613 GC heap before
{Heap before GC invocations=0 (full 0):
 def new generation   total 4800K, used 4288K [0x6b310000, 0x6b840000, 0x75a60000)
  eden space 4288K, 100% used [0x6b310000, 0x6b740000, 0x6b740000)
  from space 512K,   0% used [0x6b740000, 0x6b740000, 0x6b7c0000)
  to   space 512K,   0% used [0x6b7c0000, 0x6b7c0000, 0x6b840000)
 tenured generation   total 10752K, used 0K [0x75a60000, 0x764e0000, 0x8a910000)
   the space 10752K,   0% used [0x75a60000, 0x75a60000, 0x75a60200, 0x764e0000)
 compacting perm gen  total 16384K, used 611K [0x8a910000, 0x8b910000, 0x92910000)
   the space 16384K,   3% used [0x8a910000, 0x8a9a8c28, 0x8a9a8e00, 0x8b910000)
    ro space 10240K,  56% used [0x92910000, 0x92eae3d8, 0x92eae400, 0x93310000)
    rw space 12288K,  62% used [0x93310000, 0x93a9d090, 0x93a9d200, 0x93f10000)
Event: 34.638 GC heap after
Heap after GC invocations=1 (full 0):
 def new generation   total 4800K, used 512K [0x6b310000, 0x6b840000, 0x75a60000)
  eden space 4288K,   0% used [0x6b310000, 0x6b310000, 0x6b740000)
  from space 512K, 100% used [0x6b7c0000, 0x6b840000, 0x6b840000)
  to   space 512K,   0% used [0x6b740000, 0x6b740000, 0x6b7c0000)
 tenured generation   total 10752K, used 738K [0x75a60000, 0x764e0000, 0x8a910000)
   the space 10752K,   6% used [0x75a60000, 0x75b18a40, 0x75b18c00, 0x764e0000)
 compacting perm gen  total 16384K, used 611K [0x8a910000, 0x8b910000, 0x92910000)
   the space 16384K,   3% used [0x8a910000, 0x8a9a8c28, 0x8a9a8e00, 0x8b910000)
    ro space 10240K,  56% used [0x92910000, 0x92eae3d8, 0x92eae400, 0x93310000)
    rw space 12288K,  62% used [0x93310000, 0x93a9d090, 0x93a9d200, 0x93f10000)
}

Deoptimization events (10 events):
Event: 0.360 Thread 0x0972bc00 Uncommon trap -34 fr.pc 0x02495c8c
Event: 0.360 Thread 0x0972bc00 Uncommon trap -34 fr.pc 0x02495c8c
Event: 0.363 Thread 0x0972bc00 Uncommon trap -34 fr.pc 0x02495c8c
Event: 0.380 Thread 0x0972bc00 Uncommon trap -34 fr.pc 0x02495c8c
Event: 33.913 Thread 0x0972bc00 Uncommon trap -34 fr.pc 0x024a4130
Event: 34.172 Thread 0x0972bc00 Uncommon trap -34 fr.pc 0x02498d1c
Event: 34.555 Thread 0x0972bc00 Uncommon trap -34 fr.pc 0x02498d1c
Event: 34.555 Thread 0x0972bc00 Uncommon trap -34 fr.pc 0x02498d1c
Event: 34.555 Thread 0x0972bc00 Uncommon trap -34 fr.pc 0x02498d1c
Event: 40.026 Thread 0x099eac00 Uncommon trap -83 fr.pc 0x024b0df8

Internal exceptions (10 events):
Event: 36.467 Thread 0x0972bc00 Threw 0x6b429818 at /build/buildd/openjdk-6-6b33-1.13.5/build/openjdk/hotspot/src/share/vm/classfile/systemDictionary.cpp:179
Event: 36.467 Thread 0x0972bc00 Threw 0x6b429aa0 at /build/buildd/openjdk-6-6b33-1.13.5/build/openjdk/hotspot/src/share/vm/prims/jvm.cpp:1272
Event: 40.313 Thread 0x099eac00 Threw 0x6b49e998 at /build/buildd/openjdk-6-6b33-1.13.5/build/openjdk/hotspot/src/share/vm/classfile/systemDictionary.cpp:179
Event: 40.314 Thread 0x099eac00 Threw 0x6b49ec20 at /build/buildd/openjdk-6-6b33-1.13.5/build/openjdk/hotspot/src/share/vm/prims/jvm.cpp:1272
Event: 40.362 Thread 0x099eac00 Threw 0x6b4a0df8 at /build/buildd/openjdk-6-6b33-1.13.5/build/openjdk/hotspot/src/share/vm/classfile/systemDictionary.cpp:179
Event: 40.362 Thread 0x099eac00 Threw 0x6b4a1080 at /build/buildd/openjdk-6-6b33-1.13.5/build/openjdk/hotspot/src/share/vm/prims/jvm.cpp:1272
Event: 177.875 Thread 0x0972bc00 Threw 0x6b47b0b0 at /build/buildd/openjdk-6-6b33-1.13.5/build/openjdk/hotspot/src/share/vm/classfile/systemDictionary.cpp:179
Event: 177.875 Thread 0x0972bc00 Threw 0x6b47b3f8 at /build/buildd/openjdk-6-6b33-1.13.5/build/openjdk/hotspot/src/share/vm/prims/jvm.cpp:1272
Event: 177.891 Thread 0x0972bc00 Threw 0x6b567680 at /build/buildd/openjdk-6-6b33-1.13.5/build/openjdk/hotspot/src/share/vm/classfile/systemDictionary.cpp:179
Event: 177.891 Thread 0x0972bc00 Threw 0x6b5679c8 at /build/buildd/openjdk-6-6b33-1.13.5/build/openjdk/hotspot/src/share/vm/prims/jvm.cpp:1272

Events (10 events):
Event: 40.365 Executing VM operation: RevokeBias done
Event: 40.368 Thread 0x099eb800 Thread added: 0x099eb800
Event: 40.369 Executing VM operation: RevokeBias
Event: 40.369 Executing VM operation: RevokeBias done
Event: 40.369 Executing VM operation: BulkRevokeBias
Event: 40.369 Executing VM operation: BulkRevokeBias done
Event: 177.875 loading class 0x09874e60
Event: 177.875 loading class 0x09874e60 done
Event: 177.891 loading class 0x09874e20
Event: 177.891 loading class 0x09874e20 done


Dynamic libraries:
00110000-00123000 r-xp 00000000 08:01 404379     /lib/tls/i686/cmov/libnsl-2.11.1.so
00123000-00124000 r-xp 00012000 08:01 404379     /lib/tls/i686/cmov/libnsl-2.11.1.so
00124000-00125000 rwxp 00013000 08:01 404379     /lib/tls/i686/cmov/libnsl-2.11.1.so
00125000-00127000 rwxp 00000000 00:00 0 
00127000-00131000 r-xp 00000000 08:01 393461     /lib/tls/i686/cmov/libnss_files-2.11.1.so
00131000-00132000 r-xp 00009000 08:01 393461     /lib/tls/i686/cmov/libnss_files-2.11.1.so
00132000-00133000 rwxp 0000a000 08:01 393461     /lib/tls/i686/cmov/libnss_files-2.11.1.so
00133000-0013b000 rwxs 00000000 08:01 676406     /tmp/hsperfdata_bright/6057
0013b000-00144000 rwxp 00000000 00:00 0 
00144000-0017c000 rwxp 00000000 00:00 0 
0017c000-00182000 rwxp 00000000 00:00 0 
00182000-00184000 r-xs 0000f000 08:01 559195     /usr/lib/jvm/java-6-openjdk/jre/lib/ext/pulse-java.jar
00184000-0018b000 r-xs 00063000 08:01 941466     /home/bright/Desktop/Project/webserver/node_modules/java/commons-lang3-node-java.jar
0018b000-0018f000 r-xp 00000000 08:01 132443     /usr/lib/libXtst.so.6.1.0
0018f000-00190000 r-xp 00004000 08:01 132443     /usr/lib/libXtst.so.6.1.0
00190000-00191000 rwxp 00005000 08:01 132443     /usr/lib/libXtst.so.6.1.0
00191000-00192000 r-xs 00000000 08:01 808842     /var/cache/fontconfig/4794a0821666d79190d59a36cb4f44b5-le32d4.cache-3
00192000-00194000 r-xp 00000000 08:01 404375     /lib/tls/i686/cmov/libdl-2.11.1.so
00194000-00195000 r-xp 00001000 08:01 404375     /lib/tls/i686/cmov/libdl-2.11.1.so
00195000-00196000 rwxp 00002000 08:01 404375     /lib/tls/i686/cmov/libdl-2.11.1.so
00196000-002f2000 r-xp 00000000 08:01 404373     /lib/tls/i686/cmov/libc-2.11.1.so
002f2000-002f4000 r-xp 0015b000 08:01 404373     /lib/tls/i686/cmov/libc-2.11.1.so
002f4000-002f5000 rwxp 0015d000 08:01 404373     /lib/tls/i686/cmov/libc-2.11.1.so
002f5000-002f8000 rwxp 00000000 00:00 0 
002f8000-002fb000 r-xs 00000000 08:01 804298     /var/cache/fontconfig/7ef2298fde41cc6eeb7af42e48b7d293-le32d4.cache-3
002fb000-002fd000 r-xs 00000000 08:01 798840     /var/cache/fontconfig/e13b20fdb08344e0e664864cc2ede53d-le32d4.cache-3
002fd000-00300000 r-xs 00000000 08:01 804306     /var/cache/fontconfig/d60319d88cac85ba9e1a07bd06cfbb8c-le32d4.cache-3
00300000-00307000 r-xs 00000000 08:01 812635     /var/cache/fontconfig/6d41288fd70b0be22e8c3a91e032eec0-le32d4.cache-3
00307000-00309000 r-xp 00000000 08:01 133933     /usr/lib/libXau.so.6.0.0
00309000-0030a000 r-xp 00001000 08:01 133933     /usr/lib/libXau.so.6.0.0
0030a000-0030b000 rwxp 00002000 08:01 133933     /usr/lib/libXau.so.6.0.0
0030b000-0030c000 r-xs 00000000 08:01 804294     /var/cache/fontconfig/6a53c69dea097a2d716e069445527da8-le32d4.cache-3
0030c000-0030d000 r-xs 00000000 08:01 804286     /var/cache/fontconfig/0d8c3b2ac0904cb8a57a757ad11a4a08-le32d4.cache-3
0030d000-0030e000 r-xs 00000000 08:01 804292     /var/cache/fontconfig/4c73fe0c47614734b17d736dbde7580a-le32d4.cache-3
0030e000-00318000 rwxp 00000000 00:00 0 
00318000-003cf000 rwxp 00000000 00:00 0 
003cf000-003d2000 ---p 00000000 00:00 0 
003d2000-00420000 rwxp 00000000 00:00 0 
00420000-0042e000 r-xp 00000000 08:01 134245     /usr/lib/libXext.so.6.4.0
0042e000-0042f000 r-xp 0000d000 08:01 134245     /usr/lib/libXext.so.6.4.0
0042f000-00430000 rwxp 0000e000 08:01 134245     /usr/lib/libXext.so.6.4.0
00430000-00433000 r-xs 00000000 08:01 804296     /var/cache/fontconfig/6eb3985aa4124903f6ff08ba781cd364-le32d4.cache-3
00433000-00434000 rwxp 00000000 00:00 0 
00434000-0043c000 r-xp 00000000 08:01 135492     /usr/lib/libXrender.so.1.3.0
0043c000-0043d000 r-xp 00007000 08:01 135492     /usr/lib/libXrender.so.1.3.0
0043d000-0043e000 rwxp 00008000 08:01 135492     /usr/lib/libXrender.so.1.3.0
0043e000-0044b000 r-xp 00000000 08:01 133949     /usr/lib/libXi.so.6.1.0
0044b000-0044c000 r-xp 0000c000 08:01 133949     /usr/lib/libXi.so.6.1.0
0044c000-0044d000 rwxp 0000d000 08:01 133949     /usr/lib/libXi.so.6.1.0
0044d000-00451000 r-xp 00000000 08:01 133944     /usr/lib/libXdmcp.so.6.0.0
00451000-00452000 r-xp 00003000 08:01 133944     /usr/lib/libXdmcp.so.6.0.0
00452000-00453000 rwxp 00004000 08:01 133944     /usr/lib/libXdmcp.so.6.0.0
00453000-0045e000 r-xs 00000000 08:01 804287     /var/cache/fontconfig/0f34bcd4b6ee430af32735b75db7f02b-le32d4.cache-3
0045e000-00462000 r-xs 00000000 08:01 804301     /var/cache/fontconfig/a755afe4a08bf5b97852ceb7400b47bc-le32d4.cache-3
00462000-00463000 r-xs 00000000 08:01 804310     /var/cache/fontconfig/e7071f4a29fa870f4323321c154eba04-le32d4.cache-3
00463000-00464000 r-xs 00000000 08:01 804302     /var/cache/fontconfig/c05880de57d1f5e948fdfacc138775d9-le32d4.cache-3
00464000-0046a000 r-xp 00000000 08:01 404381     /lib/tls/i686/cmov/libnss_compat-2.11.1.so
0046a000-0046b000 r-xp 00006000 08:01 404381     /lib/tls/i686/cmov/libnss_compat-2.11.1.so
0046b000-0046c000 rwxp 00007000 08:01 404381     /lib/tls/i686/cmov/libnss_compat-2.11.1.so
0046c000-004ab000 r-xp 00000000 08:01 139127     /usr/lib/locale/en_US.utf8/LC_CTYPE
004ab000-004ae000 r-xs 00000000 08:01 804309     /var/cache/fontconfig/e383d7ea5fbe662a33d9b44caf393297-le32d4.cache-3
004ae000-004b0000 r-xs 00000000 08:01 804300     /var/cache/fontconfig/99e8ed0e538f840c565b6ed5dad60d56-le32d4.cache-3
004b0000-004b6000 r-xs 00000000 08:01 804299     /var/cache/fontconfig/945677eb7aeaf62f1d50efc3fb3ec7d8-le32d4.cache-3
004b6000-004b8000 r-xs 00000000 08:01 798840     /var/cache/fontconfig/e13b20fdb08344e0e664864cc2ede53d-le32d4.cache-3
004b8000-004c0000 r-xp 00000000 08:01 393469     /lib/tls/i686/cmov/libnss_nis-2.11.1.so
004c0000-004c1000 r-xp 00007000 08:01 393469     /lib/tls/i686/cmov/libnss_nis-2.11.1.so
004c1000-004c2000 rwxp 00008000 08:01 393469     /lib/tls/i686/cmov/libnss_nis-2.11.1.so
004c2000-004c5000 r-xs 00000000 08:01 804298     /var/cache/fontconfig/7ef2298fde41cc6eeb7af42e48b7d293-le32d4.cache-3
004c5000-004cd000 r-xs 00000000 08:01 804305     /var/cache/fontconfig/d52a8644073d54c13679302ca1180695-le32d4.cache-3
004cd000-004ce000 r-xs 00000000 08:01 808842     /var/cache/fontconfig/4794a0821666d79190d59a36cb4f44b5-le32d4.cache-3
004ce000-004d1000 r-xs 00000000 08:01 804306     /var/cache/fontconfig/d60319d88cac85ba9e1a07bd06cfbb8c-le32d4.cache-3
004d1000-004d5000 r-xs 00000000 08:01 804301     /var/cache/fontconfig/a755afe4a08bf5b97852ceb7400b47bc-le32d4.cache-3
004d5000-004d6000 r-xs 00000000 08:01 804294     /var/cache/fontconfig/6a53c69dea097a2d716e069445527da8-le32d4.cache-3
004d6000-004dd000 r-xs 00000000 08:01 151156     /usr/lib/gconv/gconv-modules.cache
004dd000-004f5000 r-xp 00000000 08:01 134143     /usr/lib/libxcb.so.1.1.0
004f5000-004f6000 r-xp 00017000 08:01 134143     /usr/lib/libxcb.so.1.1.0
004f6000-004f7000 rwxp 00018000 08:01 134143     /usr/lib/libxcb.so.1.1.0
004f7000-00502000 r-xs 00000000 08:01 804287     /var/cache/fontconfig/0f34bcd4b6ee430af32735b75db7f02b-le32d4.cache-3
00502000-00503000 r-xs 00000000 08:01 804286     /var/cache/fontconfig/0d8c3b2ac0904cb8a57a757ad11a4a08-le32d4.cache-3
00503000-00504000 r-xs 00000000 08:01 804292     /var/cache/fontconfig/4c73fe0c47614734b17d736dbde7580a-le32d4.cache-3
00504000-00507000 r-xs 00000000 08:01 804296     /var/cache/fontconfig/6eb3985aa4124903f6ff08ba781cd364-le32d4.cache-3
00507000-00508000 r-xp 00000000 00:00 0          [vdso]
00508000-0050f000 r-xs 00054000 08:01 559213     /usr/lib/jvm/java-6-openjdk/jre/lib/resources.jar
0050f000-00517000 r-xp 00000000 08:01 133940     /usr/lib/libXcursor.so.1.0.2
00517000-00518000 r-xp 00007000 08:01 133940     /usr/lib/libXcursor.so.1.0.2
00518000-00519000 rwxp 00008000 08:01 133940     /usr/lib/libXcursor.so.1.0.2
00519000-0051d000 r-xp 00000000 08:01 133948     /usr/lib/libXfixes.so.3.1.0
0051d000-0051e000 r-xp 00003000 08:01 133948     /usr/lib/libXfixes.so.3.1.0
0051e000-0051f000 rwxp 00004000 08:01 133948     /usr/lib/libXfixes.so.3.1.0
0051f000-00525000 r-xs 00048000 08:01 1181670    /home/bright/Desktop/Project/phrapp-0.30/bin/commons-lang3-3.1.jar
00525000-00527000 r-xs 00005000 08:01 1181671    /home/bright/Desktop/Project/phrapp-0.30/bin/paillier.jar
00527000-0052e000 r-xp 00000000 08:01 562639     /usr/lib/jvm/java-6-openjdk/jre/lib/i386/libnio.so
0052e000-0052f000 r-xp 00006000 08:01 562639     /usr/lib/jvm/java-6-openjdk/jre/lib/i386/libnio.so
0052f000-00530000 rwxp 00007000 08:01 562639     /usr/lib/jvm/java-6-openjdk/jre/lib/i386/libnio.so
00530000-00531000 rwxp 00000000 00:00 0 
00538000-00539000 r-xs 00000000 08:01 804310     /var/cache/fontconfig/e7071f4a29fa870f4323321c154eba04-le32d4.cache-3
00539000-0053a000 r-xs 00000000 08:01 804302     /var/cache/fontconfig/c05880de57d1f5e948fdfacc138775d9-le32d4.cache-3
0053a000-0055e000 r-xp 00000000 08:01 393462     /lib/tls/i686/cmov/libm-2.11.1.so
0055e000-0055f000 r-xp 00023000 08:01 393462     /lib/tls/i686/cmov/libm-2.11.1.so
0055f000-00560000 rwxp 00024000 08:01 393462     /lib/tls/i686/cmov/libm-2.11.1.so
00560000-00566000 rwxp 00000000 00:00 0 
00566000-00608000 rwxp 00000000 00:00 0 
00608000-00625000 r-xs 00151000 08:01 1181669    /home/bright/Desktop/Project/phrapp-0.30/bin/swingx-all-1.6.3.jar
00625000-0062a000 rwxs 00000000 00:04 20119574   /SYSV00000000 (deleted)
00630000-00633000 r-xs 00000000 08:01 804309     /var/cache/fontconfig/e383d7ea5fbe662a33d9b44caf393297-le32d4.cache-3
00633000-00635000 r-xs 00000000 08:01 804300     /var/cache/fontconfig/99e8ed0e538f840c565b6ed5dad60d56-le32d4.cache-3
00635000-0063b000 r-xs 00000000 08:01 804299     /var/cache/fontconfig/945677eb7aeaf62f1d50efc3fb3ec7d8-le32d4.cache-3
00648000-00654000 r-xp 00000000 08:01 562640     /usr/lib/jvm/java-6-openjdk/jre/lib/i386/libverify.so
00654000-00655000 r-xp 0000b000 08:01 562640     /usr/lib/jvm/java-6-openjdk/jre/lib/i386/libverify.so
00655000-00656000 rwxp 0000c000 08:01 562640     /usr/lib/jvm/java-6-openjdk/jre/lib/i386/libverify.so
00656000-00657000 ---p 00000000 00:00 0 
00657000-006d7000 rwxp 00000000 00:00 0 
006d7000-006ec000 r-xp 00000000 08:01 562626     /usr/lib/jvm/java-6-openjdk/jre/lib/i386/libnet.so
006ec000-006ed000 r-xp 00014000 08:01 562626     /usr/lib/jvm/java-6-openjdk/jre/lib/i386/libnet.so
006ed000-006ee000 rwxp 00015000 08:01 562626     /usr/lib/jvm/java-6-openjdk/jre/lib/i386/libnet.so
006f2000-006f9000 r-xp 00000000 08:01 562624     /usr/lib/jvm/java-6-openjdk/jre/lib/i386/libzip.so
006f9000-006fa000 r-xp 00006000 08:01 562624     /usr/lib/jvm/java-6-openjdk/jre/lib/i386/libzip.so
006fa000-006fb000 rwxp 00007000 08:01 562624     /usr/lib/jvm/java-6-openjdk/jre/lib/i386/libzip.so
00700000-00724000 r-xp 00000000 08:01 562610     /usr/lib/jvm/java-6-openjdk/jre/lib/i386/libjava.so
00724000-00725000 r-xp 00023000 08:01 562610     /usr/lib/jvm/java-6-openjdk/jre/lib/i386/libjava.so
00725000-00727000 rwxp 00024000 08:01 562610     /usr/lib/jvm/java-6-openjdk/jre/lib/i386/libjava.so
00727000-0072a000 ---p 00000000 00:00 0 
0072a000-00778000 rwxp 00000000 00:00 0 
007a3000-007aa000 rwxp 00000000 00:00 0 
007ec000-007f3000 r-xp 00000000 08:01 393459     /lib/tls/i686/cmov/librt-2.11.1.so
007f3000-007f4000 r-xp 00006000 08:01 393459     /lib/tls/i686/cmov/librt-2.11.1.so
007f4000-007f5000 rwxp 00007000 08:01 393459     /lib/tls/i686/cmov/librt-2.11.1.so
00829000-00855000 r-xp 00000000 08:01 1182846    /home/bright/Desktop/Project/webserver/node_modules/java/build/Release/nodejavabridge_bindings.node
00855000-00856000 r-xp 0002b000 08:01 1182846    /home/bright/Desktop/Project/webserver/node_modules/java/build/Release/nodejavabridge_bindings.node
00856000-00857000 rwxp 0002c000 08:01 1182846    /home/bright/Desktop/Project/webserver/node_modules/java/build/Release/nodejavabridge_bindings.node
00866000-00879000 r-xp 00000000 08:01 262350     /lib/libz.so.1.2.3.3
00879000-0087a000 r-xp 00012000 08:01 262350     /lib/libz.so.1.2.3.3
0087a000-0087b000 rwxp 00013000 08:01 262350     /lib/libz.so.1.2.3.3
0087b000-00882000 r-xs 00000000 08:01 812635     /var/cache/fontconfig/6d41288fd70b0be22e8c3a91e032eec0-le32d4.cache-3
008a6000-008c1000 r-xp 00000000 08:01 275367     /lib/ld-2.11.1.so
008c1000-008c2000 r-xp 0001a000 08:01 275367     /lib/ld-2.11.1.so
008c2000-008c3000 rwxp 0001b000 08:01 275367     /lib/ld-2.11.1.so
00901000-0091e000 r-xp 00000000 08:01 262155     /lib/libgcc_s.so.1
0091e000-0091f000 r-xp 0001c000 08:01 262155     /lib/libgcc_s.so.1
0091f000-00920000 rwxp 0001d000 08:01 262155     /lib/libgcc_s.so.1
00920000-00923000 rwxp 00000000 00:00 0 
00923000-00973000 rwxp 00000000 00:00 0 
00973000-00979000 rwxp 00000000 00:00 0 
00979000-00a1b000 rwxp 00000000 00:00 0 
00a1b000-00a23000 rwxp 00000000 00:00 0 
00a23000-00a5b000 rwxp 00000000 00:00 0 
00a5b000-00a67000 rwxp 00000000 00:00 0 
00ab0000-00ab1000 rwxp 00000000 00:00 0 
00add000-00ade000 rwxp 00000000 00:00 0 
00ade000-00ae1000 ---p 00000000 00:00 0 
00ae1000-00b2f000 rwxp 00000000 00:00 0 
00b2f000-00b32000 ---p 00000000 00:00 0 
00b32000-00bb0000 rwxp 00000000 00:00 0 
00bb5000-00bbd000 r-xs 00000000 08:01 804305     /var/cache/fontconfig/d52a8644073d54c13679302ca1180695-le32d4.cache-3
00bdc000-00bde000 rwxp 00000000 00:00 0 
00bde000-00be1000 ---p 00000000 00:00 0 
00be1000-00c5f000 rwxp 00000000 00:00 0 
00c64000-00c65000 r-xp 00000000 00:00 0 
00c83000-00d6c000 r-xp 00000000 08:01 150990     /usr/lib/libstdc++.so.6.0.13
00d6c000-00d70000 r-xp 000e9000 08:01 150990     /usr/lib/libstdc++.so.6.0.13
00d70000-00d71000 rwxp 000ed000 08:01 150990     /usr/lib/libstdc++.so.6.0.13
00d71000-00d78000 rwxp 00000000 00:00 0 
00d9e000-00d9f000 rwxp 00000000 00:00 0 
00db2000-00dc7000 r-xp 00000000 08:01 404371     /lib/tls/i686/cmov/libpthread-2.11.1.so
00dc7000-00dc8000 r-xp 00014000 08:01 404371     /lib/tls/i686/cmov/libpthread-2.11.1.so
00dc8000-00dc9000 rwxp 00015000 08:01 404371     /lib/tls/i686/cmov/libpthread-2.11.1.so
00dc9000-00dcb000 rwxp 00000000 00:00 0 
00dcb000-0155a000 r-xp 00000000 08:01 562603     /usr/lib/jvm/java-6-openjdk/jre/lib/i386/server/libjvm.so
0155a000-015a1000 r-xp 0078e000 08:01 562603     /usr/lib/jvm/java-6-openjdk/jre/lib/i386/server/libjvm.so
015a1000-015b5000 rwxp 007d5000 08:01 562603     /usr/lib/jvm/java-6-openjdk/jre/lib/i386/server/libjvm.so
015b5000-019d1000 rwxp 00000000 00:00 0 
019d1000-019d4000 ---p 00000000 00:00 0 
019d4000-01a22000 rwxp 00000000 00:00 0 
01a22000-01a23000 ---p 00000000 00:00 0 
01a23000-01aa3000 rwxp 00000000 00:00 0 
01aa3000-01b29000 r-xp 00000000 08:01 562617     /usr/lib/jvm/java-6-openjdk/jre/lib/i386/libawt.so
01b29000-01b2a000 r-xp 00086000 08:01 562617     /usr/lib/jvm/java-6-openjdk/jre/lib/i386/libawt.so
01b2a000-01b31000 rwxp 00087000 08:01 562617     /usr/lib/jvm/java-6-openjdk/jre/lib/i386/libawt.so
01b31000-01b55000 rwxp 00000000 00:00 0 
01b55000-01b9b000 r-xp 00000000 08:01 562755     /usr/lib/jvm/java-6-openjdk/jre/lib/i386/xawt/libmawt.so
01b9b000-01b9c000 r-xp 00045000 08:01 562755     /usr/lib/jvm/java-6-openjdk/jre/lib/i386/xawt/libmawt.so
01b9c000-01b9e000 rwxp 00046000 08:01 562755     /usr/lib/jvm/java-6-openjdk/jre/lib/i386/xawt/libmawt.so
01b9e000-01b9f000 rwxp 00000000 00:00 0 
01b9f000-01cb8000 r-xp 00000000 08:01 134939     /usr/lib/libX11.so.6.3.0
01cb8000-01cb9000 r-xp 00118000 08:01 134939     /usr/lib/libX11.so.6.3.0
01cb9000-01cbb000 rwxp 00119000 08:01 134939     /usr/lib/libX11.so.6.3.0
01cbb000-01cbc000 rwxp 00000000 00:00 0 
01cbc000-01d0d000 r-xp 00000000 08:01 562607     /usr/lib/jvm/java-6-openjdk/jre/lib/i386/libfontmanager.so
01d0d000-01d0e000 r-xp 00051000 08:01 562607     /usr/lib/jvm/java-6-openjdk/jre/lib/i386/libfontmanager.so
01d0e000-01d0f000 rwxp 00052000 08:01 562607     /usr/lib/jvm/java-6-openjdk/jre/lib/i386/libfontmanager.so
01d0f000-01d80000 r-xp 00000000 08:01 134481     /usr/lib/libfreetype.so.6.3.22
01d80000-01d84000 r-xp 00070000 08:01 134481     /usr/lib/libfreetype.so.6.3.22
01d84000-01d85000 rwxp 00074000 08:01 134481     /usr/lib/libfreetype.so.6.3.22
01d85000-01d88000 ---p 00000000 00:00 0 
01d88000-01dd6000 rwxp 00000000 00:00 0 
01dd6000-01dd9000 ---p 00000000 00:00 0 
01dd9000-01e27000 rwxp 00000000 00:00 0 
01e27000-01e2a000 ---p 00000000 00:00 0 
01e2a000-01e78000 rwxp 00000000 00:00 0 
01e78000-01fe4000 r-xp 00000000 08:01 1181702    /home/bright/Desktop/Project/phrapp-0.30/bin/libPHRapp_User_JNI.so
01fe4000-01ff4000 rwxp 0016c000 08:01 1181702    /home/bright/Desktop/Project/phrapp-0.30/bin/libPHRapp_User_JNI.so
01ff4000-01ff7000 rwxp 00000000 00:00 0 
01ff7000-01ffa000 ---p 00000000 00:00 0 
01ffa000-02185000 rwxp 00000000 00:00 0 
02448000-02688000 rwxp 00000000 00:00 0 
02688000-05448000 rwxp 00000000 00:00 0 
05448000-0544b000 ---p 00000000 00:00 0 
0544b000-05c49000 rwxp 00000000 00:00 0 
05c49000-05c4a000 ---p 00000000 00:00 0 
05c4a000-0644a000 rwxp 00000000 00:00 0 
0699e000-06aec000 r-xp 00000000 08:01 1181677    /home/bright/Desktop/Project/phrapp-0.30/bin/libPHRapp_Login_JNI.so
06aec000-06afc000 rwxp 0014d000 08:01 1181677    /home/bright/Desktop/Project/phrapp-0.30/bin/libPHRapp_Login_JNI.so
06afc000-06aff000 rwxp 00000000 00:00 0 
06e50000-06ee6000 rwxp 00000000 00:00 0 
06ff1000-06ff4000 ---p 00000000 00:00 0 
06ff4000-07042000 rwxp 00000000 00:00 0 
07042000-07045000 ---p 00000000 00:00 0 
07045000-07843000 rwxp 00000000 00:00 0 
07843000-07844000 ---p 00000000 00:00 0 
07844000-08044000 rwxp 00000000 00:00 0 
08048000-08e2d000 r-xp 00000000 08:01 567688     /usr/local/bin/node
08e2d000-08e3c000 rwxp 00de5000 08:01 567688     /usr/local/bin/node
08e3c000-08e44000 rwxp 00000000 00:00 0 
091a0000-09337000 r-xs 01a18000 08:01 562598     /usr/lib/jvm/java-6-openjdk/jre/lib/rt.jar
09673000-09b43000 rwxp 00000000 00:00 0          [heap]
21200000-21209000 rwxp 00000000 00:00 0 
21209000-2120a000 ---p 00000000 00:00 0 
2120a000-212ff000 rwxp 00000000 00:00 0 
212ff000-21300000 ---p 00000000 00:00 0 
2499d000-24d9d000 rwxp 00000000 00:00 0 
26d00000-26e00000 rwxp 00000000 00:00 0 
28900000-28a00000 rwxp 00000000 00:00 0 
2a000000-2a009000 rwxp 00000000 00:00 0 
2a009000-2a00a000 ---p 00000000 00:00 0 
2a00a000-2a00b000 rwxp 00000000 00:00 0 
2a00b000-2a034000 ---p 00000000 00:00 0 
2b900000-2b909000 rwxp 00000000 00:00 0 
2b909000-2b90a000 ---p 00000000 00:00 0 
2b90a000-2b982000 rwxp 00000000 00:00 0 
2b982000-2b983000 ---p 00000000 00:00 0 
2bd00000-2be00000 rwxp 00000000 00:00 0 
31e00000-31f00000 rwxp 00000000 00:00 0 
34b88000-34bc8000 rwxp 00000000 00:00 0 
34bc8000-34c88000 ---p 00000000 00:00 0 
3ad00000-3ad11000 rwxp 00000000 00:00 0 
3c000000-3c800000 rwxp 00000000 00:00 0 
3c800000-3d000000 rwxp 00000000 00:00 0 
3dd00000-3dd39000 rwxp 00000000 00:00 0 
40e00000-40f00000 rwxp 00000000 00:00 0 
44200000-44300000 rwxp 00000000 00:00 0 
45900000-45909000 rwxp 00000000 00:00 0 
45909000-4590a000 ---p 00000000 00:00 0 
4590a000-459ff000 rwxp 00000000 00:00 0 
459ff000-45a00000 ---p 00000000 00:00 0 
49000000-49019000 rwxp 00000000 00:00 0 
49500000-49600000 rwxp 00000000 00:00 0 
4b900000-4b909000 rwxp 00000000 00:00 0 
4b909000-4b90a000 ---p 00000000 00:00 0 
4b90a000-4b90b000 rwxp 00000000 00:00 0 
4b90b000-4b934000 ---p 00000000 00:00 0 
4ce00000-4ce09000 rwxp 00000000 00:00 0 
4ce09000-4ce0a000 ---p 00000000 00:00 0 
4ce0a000-4ce0b000 rwxp 00000000 00:00 0 
4ce0b000-4ce34000 ---p 00000000 00:00 0 
4e100000-4e200000 rwxp 00000000 00:00 0 
4fd00000-4fd79000 rwxp 00000000 00:00 0 
50199000-501a0000 ---p 00000000 00:00 0 
501a0000-501b0000 rwxp 00000000 00:00 0 
501b0000-501c9000 ---p 00000000 00:00 0 
56d00000-56e00000 rwxp 00000000 00:00 0 
59c00000-59c19000 rwxp 00000000 00:00 0 
59db3000-59db4000 r-xp 00000000 00:00 0 
5c20b000-5c20c000 r-xp 00000000 00:00 0 
6b310000-6b840000 rwxp 00000000 00:00 0 
6b840000-75a60000 rwxp 00000000 00:00 0 
75a60000-764e0000 rwxp 00000000 00:00 0 
764e0000-8a910000 rwxp 00000000 00:00 0 
8a910000-8b910000 rwxp 00000000 00:00 0 
8b910000-92910000 rwxp 00000000 00:00 0 
92910000-92eaf000 r-xp 00001000 08:01 562939     /usr/lib/jvm/java-6-openjdk/jre/lib/i386/server/classes.jsa
92eaf000-93310000 rwxp 00000000 00:00 0 
93310000-93a9e000 rwxp 005a0000 08:01 562939     /usr/lib/jvm/java-6-openjdk/jre/lib/i386/server/classes.jsa
93a9e000-93f10000 rwxp 00000000 00:00 0 
93f10000-94220000 rwxp 00d2e000 08:01 562939     /usr/lib/jvm/java-6-openjdk/jre/lib/i386/server/classes.jsa
94220000-94310000 rwxp 00000000 00:00 0 
94310000-94319000 r-xp 0103e000 08:01 562939     /usr/lib/jvm/java-6-openjdk/jre/lib/i386/server/classes.jsa
94319000-94710000 rwxp 00000000 00:00 0 
b7700000-b77e6000 rwxp 00000000 00:00 0 
b77e6000-b7800000 ---p 00000000 00:00 0 
bfd75000-bfd78000 ---p 00000000 00:00 0 
bfd79000-bfdc5000 rwxp 00000000 00:00 0          [stack]

VM Arguments:
jvm_args: -Djava.library.path=../phrapp-0.30/bin/ -classpath *:../phrapp-0.30/bin/ 
java_command: <unknown>
Launcher Type: generic

Environment Variables:
PATH=/usr/local/sbin:/usr/local/bin:/usr/sbin:/usr/bin:/sbin:/bin:/usr/games:/usr/lib/jvm/java-6-openjdk/jre/lib/i386/cacao
USERNAME=bright
SHELL=/bin/bash
DISPLAY=:0.0

Signal Handlers:
SIGSEGV: [libjvm.so+0x718200], sa_mask[0]=0x7ffbfeff, sa_flags=0x10000004
SIGBUS: [libjvm.so+0x718200], sa_mask[0]=0x7ffbfeff, sa_flags=0x10000004
SIGFPE: [libjvm.so+0x5c9850], sa_mask[0]=0x7ffbfeff, sa_flags=0x10000004
SIGPIPE: [libjvm.so+0x5c9850], sa_mask[0]=0x7ffbfeff, sa_flags=0x10000004
SIGXFSZ: [libjvm.so+0x5c9850], sa_mask[0]=0x7ffbfeff, sa_flags=0x10000004
SIGILL: [libjvm.so+0x5c9850], sa_mask[0]=0x7ffbfeff, sa_flags=0x10000004
SIGUSR1: [+0x81fd50], sa_mask[0]=0x7ffbfeff, sa_flags=0x00000000
SIGUSR2: [libjvm.so+0x5c92d0], sa_mask[0]=0x00000000, sa_flags=0x10000004
SIGHUP: [libjvm.so+0x5cc8d0], sa_mask[0]=0x7ffbfeff, sa_flags=0x10000004
SIGINT: [libjvm.so+0x5cc8d0], sa_mask[0]=0x7ffbfeff, sa_flags=0x10000004
SIGTERM: [libjvm.so+0x5cc8d0], sa_mask[0]=0x7ffbfeff, sa_flags=0x10000004
SIGQUIT: [libjvm.so+0x5cc8d0], sa_mask[0]=0x7ffbfeff, sa_flags=0x10000004


---------------  S Y S T E M  ---------------

OS:Ubuntu 10.04 (lucid)
uname:Linux 2.6.32-38-generic #83-Ubuntu SMP Wed Jan 4 11:13:04 UTC 2012 i686
libc:glibc 2.11.1 NPTL 2.11.1 
rlimit: STACK 8192k, CORE 0k, NPROC infinity, NOFILE 1024, AS infinity
load average:0.37 0.54 0.71

/proc/meminfo:
MemTotal:        1025960 kB
MemFree:           73676 kB
Buffers:          119684 kB
Cached:           510892 kB
SwapCached:            0 kB
Active:           538676 kB
Inactive:         347260 kB
Active(anon):     255744 kB
Inactive(anon):     5604 kB
Active(file):     282932 kB
Inactive(file):   341656 kB
Unevictable:           0 kB
Mlocked:               0 kB
HighTotal:        139144 kB
HighFree:            252 kB
LowTotal:         886816 kB
LowFree:           73424 kB
SwapTotal:        916472 kB
SwapFree:         916472 kB
Dirty:                68 kB
Writeback:             0 kB
AnonPages:        255408 kB
Mapped:            94496 kB
Shmem:              5992 kB
Slab:              49752 kB
SReclaimable:      40392 kB
SUnreclaim:         9360 kB
KernelStack:        2624 kB
PageTables:         5896 kB
NFS_Unstable:          0 kB
Bounce:                0 kB
WritebackTmp:          0 kB
CommitLimit:     1429452 kB
Committed_AS:    1332016 kB
VmallocTotal:     122880 kB
VmallocUsed:        6980 kB
VmallocChunk:     109816 kB
HardwareCorrupted:     0 kB
HugePages_Total:       0
HugePages_Free:        0
HugePages_Rsvd:        0
HugePages_Surp:        0
Hugepagesize:       4096 kB
DirectMap4k:       16376 kB
DirectMap4M:      892928 kB


CPU:total 1 (1 cores per cpu, 1 threads per core) family 6 model 69 stepping 1, cmov, cx8, fxsr, mmx, sse, sse2, sse3, ssse3, sse4.1, sse4.2, popcnt, avx, tsc, tscinvbit

/proc/cpuinfo:
processor	: 0
vendor_id	: GenuineIntel
cpu family	: 6
model		: 69
model name	: Intel(R) Core(TM) i7-4510U CPU @ 2.00GHz
stepping	: 1
cpu MHz		: 2594.029
cache size	: 4096 KB
fdiv_bug	: no
hlt_bug		: no
f00f_bug	: no
coma_bug	: no
fpu		: yes
fpu_exception	: yes
cpuid level	: 13
wp		: yes
flags		: fpu vme de pse tsc msr pae mce cx8 apic mtrr pge mca cmov pat pse36 clflush dts mmx fxsr sse sse2 ss nx pdpe1gb rdtscp constant_tsc up arch_perfmon pebs bts xtopology tsc_reliable nonstop_tsc aperfmperf pni pclmulqdq ssse3 fma sse4_1 sse4_2 x2apic movbe popcnt aes xsave avx hypervisor ida arat
bogomips	: 5188.05
clflush size	: 64
cache_alignment	: 64
address sizes	: 40 bits physical, 48 bits virtual
power management:



Memory: 4k page, physical 1025960k(73304k free), swap 916472k(916472k free)

vm_info: OpenJDK Server VM (23.25-b01) for linux-x86 JRE (1.6.0_33-b33), built on Oct 15 2014 12:31:00 by "buildd" with gcc 4.4.3

time: Fri Oct 16 14:13:43 2015
elapsed time: 178 seconds

